#
# There is insufficient memory for the Java Runtime Environment to continue.
# Native memory allocation (mmap) failed to map 187695104 bytes for committing reserved memory.
# Possible reasons:
#   The system is out of physical RAM or swap space
#   In 32 bit mode, the process size limit was hit
# Possible solutions:
#   Reduce memory load on the system
#   Increase physical memory or swap space
#   Check if swap backing store is full
#   Use 64 bit Java on a 64 bit OS
#   Decrease Java heap size (-Xmx/-Xms)
#   Decrease number of Java threads
#   Decrease Java thread stack sizes (-Xss)
#   Set larger code cache with -XX:ReservedCodeCacheSize=
# This output file may be truncated or incomplete.
#
#  Out of Memory Error (os_linux.cpp:2627), pid=7478, tid=0x00007fa1cc4c8700
#
# JRE version: Java(TM) SE Runtime Environment (8.0_101-b13) (build 1.8.0_101-b13)
# Java VM: Java HotSpot(TM) 64-Bit Server VM (25.101-b13 mixed mode linux-amd64 compressed oops)
# Failed to write core dump. Core dumps have been disabled. To enable core dumping, try "ulimit -c unlimited" before starting Java again
#

---------------  T H R E A D  ---------------

Current thread (0x00007fa1e4078000):  VMThread [stack: 0x00007fa1cc3c8000,0x00007fa1cc4c9000] [id=7489]

Stack: [0x00007fa1cc3c8000,0x00007fa1cc4c9000],  sp=0x00007fa1cc4c72a0,  free space=1020k
Native frames: (J=compiled Java code, j=interpreted, Vv=VM code, C=native code)
V  [libjvm.so+0xac3f0a]  VMError::report_and_die()+0x2ba
V  [libjvm.so+0x4fbf9b]  report_vm_out_of_memory(char const*, int, unsigned long, VMErrorType, char const*)+0x8b
V  [libjvm.so+0x9222d3]  os::Linux::commit_memory_impl(char*, unsigned long, bool)+0x103
V  [libjvm.so+0x922829]  os::pd_commit_memory(char*, unsigned long, unsigned long, bool)+0x29
V  [libjvm.so+0x91cb2a]  os::commit_memory(char*, unsigned long, unsigned long, bool)+0x2a
V  [libjvm.so+0x991053]  PSVirtualSpace::expand_by(unsigned long)+0x53
V  [libjvm.so+0x981920]  PSOldGen::expand(unsigned long)+0x170
V  [libjvm.so+0x981b2b]  PSOldGen::resize(unsigned long)+0x1cb
V  [libjvm.so+0x989821]  PSParallelCompact::invoke_no_policy(bool)+0x991
V  [libjvm.so+0x98f17d]  PSScavenge::invoke()+0x1ad
V  [libjvm.so+0xac5acd]  VM_ParallelGCSystemGC::doit()+0x10d
V  [libjvm.so+0xacd405]  VM_Operation::evaluate()+0x55
V  [libjvm.so+0xacb7da]  VMThread::evaluate_operation(VM_Operation*)+0xba
V  [libjvm.so+0xacbb5e]  VMThread::loop()+0x1ce
V  [libjvm.so+0xacbfd0]  VMThread::run()+0x70
V  [libjvm.so+0x924698]  java_start(Thread*)+0x108

VM_Operation (0x00007fa1eab88140): ParallelGCSystemGC, mode: safepoint, requested by thread 0x00007fa1e400a000


---------------  P R O C E S S  ---------------

Java Threads: ( => current thread )
  0x00007fa1e4368800 JavaThread "pool-2-thread-4" [_thread_blocked, id=7503, stack(0x00007fa1c6e2c000,0x00007fa1c6f2d000)]
  0x00007fa1e4366800 JavaThread "pool-2-thread-3" [_thread_blocked, id=7502, stack(0x00007fa1c6f2d000,0x00007fa1c702e000)]
  0x00007fa1e4365000 JavaThread "pool-2-thread-2" [_thread_blocked, id=7501, stack(0x00007fa1c702e000,0x00007fa1c712f000)]
  0x00007fa1e4363000 JavaThread "pool-3-thread-1" [_thread_blocked, id=7500, stack(0x00007fa1c712f000,0x00007fa1c7230000)]
  0x00007fa1e4361800 JavaThread "pool-2-thread-1" [_thread_blocked, id=7499, stack(0x00007fa1c7230000,0x00007fa1c7331000)]
  0x00007fa1e40c0800 JavaThread "Service Thread" daemon [_thread_blocked, id=7496, stack(0x00007fa1c751a000,0x00007fa1c761b000)]
  0x00007fa1e40bd800 JavaThread "C1 CompilerThread2" daemon [_thread_blocked, id=7495, stack(0x00007fa1c761b000,0x00007fa1c771c000)]
  0x00007fa1e40bc000 JavaThread "C2 CompilerThread1" daemon [_thread_blocked, id=7494, stack(0x00007fa1c771c000,0x00007fa1c781d000)]
  0x00007fa1e40b9000 JavaThread "C2 CompilerThread0" daemon [_thread_blocked, id=7493, stack(0x00007fa1c781d000,0x00007fa1c791e000)]
  0x00007fa1e40b7800 JavaThread "Signal Dispatcher" daemon [_thread_blocked, id=7492, stack(0x00007fa1cc0c5000,0x00007fa1cc1c6000)]
  0x00007fa1e4084000 JavaThread "Finalizer" daemon [_thread_blocked, id=7491, stack(0x00007fa1cc1c6000,0x00007fa1cc2c7000)]
  0x00007fa1e407f800 JavaThread "Reference Handler" daemon [_thread_blocked, id=7490, stack(0x00007fa1cc2c7000,0x00007fa1cc3c8000)]
  0x00007fa1e400a000 JavaThread "main" [_thread_blocked, id=7483, stack(0x00007fa1eaa89000,0x00007fa1eab8a000)]

Other Threads:
=>0x00007fa1e4078000 VMThread [stack: 0x00007fa1cc3c8000,0x00007fa1cc4c9000] [id=7489]
  0x00007fa1e40c3800 WatcherThread [stack: 0x00007fa1c7419000,0x00007fa1c751a000] [id=7497]

VM state:at safepoint (normal execution)

VM Mutex/Monitor currently owned by a thread:  ([mutex/lock_event])
[0x00007fa1e4005f00] ExpandHeap_lock - owner thread: 0x00007fa1e4078000
[0x00007fa1e4006580] Threads_lock - owner thread: 0x00007fa1e4078000
[0x00007fa1e4006a80] Heap_lock - owner thread: 0x00007fa1e400a000

Heap:
 PSYoungGen      total 226816K, used 44282K [0x00000000eab00000, 0x0000000100000000, 0x0000000100000000)
  eden space 116736K, 0% used [0x00000000eab00000,0x00000000eab00000,0x00000000f1d00000)
  from space 110080K, 40% used [0x00000000f9480000,0x00000000fbfbe8c0,0x0000000100000000)
  to   space 116224K, 0% used [0x00000000f1d00000,0x00000000f1d00000,0x00000000f8e80000)
 ParOldGen       total 413184K, used 412702K [0x00000000c0000000, 0x00000000d9380000, 0x00000000eab00000)
  object space 413184K, 99% used [0x00000000c0000000,0x00000000d9307bd0,0x00000000d9380000)
 Metaspace       used 6587K, capacity 7320K, committed 7680K, reserved 1056768K
  class space    used 616K, capacity 656K, committed 768K, reserved 1048576K

Card table byte_map: [0x00007fa1d4618000,0x00007fa1d4819000] byte_map_base: 0x00007fa1d4018000

Marking Bits: (ParMarkBitMap*) 0x00007fa1e9f5c120
 Begin Bits: [0x00007fa1ce000000, 0x00007fa1cf000000)
 End Bits:   [0x00007fa1cf000000, 0x00007fa1d0000000)

Polling page: 0x00007fa1eaba6000

CodeCache: size=245760Kb used=10440Kb max_used=12114Kb free=235319Kb
 bounds [0x00007fa1d4bd9000, 0x00007fa1d57c9000, 0x00007fa1e3bd9000]
 total_blobs=2459 nmethods=2190 adapters=182
 compilation: enabled

Compilation events (10 events):
Event: 21.725 Thread 0x00007fa1e40b9000 nmethod 2863 0x00007fa1d57a0250 code [0x00007fa1d57a05a0, 0x00007fa1d57a31a0]
Event: 21.725 Thread 0x00007fa1e40b9000 2800       4       com.android.dx.ssa.SsaBasicBlock::getCountPhiInsns (45 bytes)
Event: 21.729 Thread 0x00007fa1e40b9000 nmethod 2800 0x00007fa1d4e99690 code [0x00007fa1d4e99800, 0x00007fa1d4e99a38]
Event: 21.729 Thread 0x00007fa1e40b9000 2913 %     4       com.android.dx.ssa.back.RegisterAllocator::insertMoveBefore @ 198 (240 bytes)
Event: 21.732 Thread 0x00007fa1e40bd800 2925       3       com.android.dx.dex.file.ValueEncoder::addContents (75 bytes)
Event: 21.734 Thread 0x00007fa1e40bd800 nmethod 2925 0x00007fa1d4e3fc90 code [0x00007fa1d4e3ff60, 0x00007fa1d4e415d8]
Event: 21.754 Thread 0x00007fa1e40b9000 nmethod 2913% 0x00007fa1d4e596d0 code [0x00007fa1d4e598c0, 0x00007fa1d4e5a4f8]
Event: 21.754 Thread 0x00007fa1e40b9000 2716       4       com.android.dx.ssa.SsaMethod::forEachBlockDepthFirstDom (128 bytes)
Event: 21.795 Thread 0x00007fa1e40b9000 nmethod 2716 0x00007fa1d5329b10 code [0x00007fa1d5329d60, 0x00007fa1d532acf8]
Event: 21.795 Thread 0x00007fa1e40b9000 2927       4       com.android.dx.ssa.back.FirstFitLocalCombiningAllocator::handleNormalUnassociated (99 bytes)

GC Heap History (10 events):
Event: 19.740 GC heap after
Heap after GC invocations=23 (full 3):
 PSYoungGen      total 248832K, used 47361K [0x00000000eab00000, 0x00000000ff780000, 0x0000000100000000)
  eden space 156672K, 0% used [0x00000000eab00000,0x00000000eab00000,0x00000000f4400000)
  from space 92160K, 51% used [0x00000000f9d80000,0x00000000fcbc0650,0x00000000ff780000)
  to   space 91648K, 0% used [0x00000000f4400000,0x00000000f4400000,0x00000000f9d80000)
 ParOldGen       total 413184K, used 325266K [0x00000000c0000000, 0x00000000d9380000, 0x00000000eab00000)
  object space 413184K, 78% used [0x00000000c0000000,0x00000000d3da4900,0x00000000d9380000)
 Metaspace       used 6575K, capacity 7320K, committed 7680K, reserved 1056768K
  class space    used 615K, capacity 656K, committed 768K, reserved 1048576K
}
Event: 20.334 GC heap before
{Heap before GC invocations=24 (full 3):
 PSYoungGen      total 248832K, used 204033K [0x00000000eab00000, 0x00000000ff780000, 0x0000000100000000)
  eden space 156672K, 100% used [0x00000000eab00000,0x00000000f4400000,0x00000000f4400000)
  from space 92160K, 51% used [0x00000000f9d80000,0x00000000fcbc0650,0x00000000ff780000)
  to   space 91648K, 0% used [0x00000000f4400000,0x00000000f4400000,0x00000000f9d80000)
 ParOldGen       total 413184K, used 325266K [0x00000000c0000000, 0x00000000d9380000, 0x00000000eab00000)
  object space 413184K, 78% used [0x00000000c0000000,0x00000000d3da4900,0x00000000d9380000)
 Metaspace       used 6575K, capacity 7320K, committed 7680K, reserved 1056768K
  class space    used 615K, capacity 656K, committed 768K, reserved 1048576K
Event: 20.460 GC heap after
Heap after GC invocations=24 (full 3):
 PSYoungGen      total 248320K, used 72471K [0x00000000eab00000, 0x0000000100000000, 0x0000000100000000)
  eden space 156672K, 0% used [0x00000000eab00000,0x00000000eab00000,0x00000000f4400000)
  from space 91648K, 79% used [0x00000000f4400000,0x00000000f8ac5c18,0x00000000f9d80000)
  to   space 97792K, 0% used [0x00000000fa080000,0x00000000fa080000,0x0000000100000000)
 ParOldGen       total 413184K, used 325266K [0x00000000c0000000, 0x00000000d9380000, 0x00000000eab00000)
  object space 413184K, 78% used [0x00000000c0000000,0x00000000d3da4900,0x00000000d9380000)
 Metaspace       used 6575K, capacity 7320K, committed 7680K, reserved 1056768K
  class space    used 615K, capacity 656K, committed 768K, reserved 1048576K
}
Event: 20.874 GC heap before
{Heap before GC invocations=25 (full 3):
 PSYoungGen      total 248320K, used 229143K [0x00000000eab00000, 0x0000000100000000, 0x0000000100000000)
  eden space 156672K, 100% used [0x00000000eab00000,0x00000000f4400000,0x00000000f4400000)
  from space 91648K, 79% used [0x00000000f4400000,0x00000000f8ac5c18,0x00000000f9d80000)
  to   space 97792K, 0% used [0x00000000fa080000,0x00000000fa080000,0x0000000100000000)
 ParOldGen       total 413184K, used 325266K [0x00000000c0000000, 0x00000000d9380000, 0x00000000eab00000)
  object space 413184K, 78% used [0x00000000c0000000,0x00000000d3da4900,0x00000000d9380000)
 Metaspace       used 6587K, capacity 7320K, committed 7680K, reserved 1056768K
  class space    used 616K, capacity 656K, committed 768K, reserved 1048576K
Event: 20.962 GC heap after
Heap after GC invocations=25 (full 3):
 PSYoungGen      total 226816K, used 91582K [0x00000000eab00000, 0x0000000100000000, 0x0000000100000000)
  eden space 129024K, 0% used [0x00000000eab00000,0x00000000eab00000,0x00000000f2900000)
  from space 97792K, 93% used [0x00000000fa080000,0x00000000ff9ef888,0x0000000100000000)
  to   space 110080K, 0% used [0x00000000f2900000,0x00000000f2900000,0x00000000f9480000)
 ParOldGen       total 413184K, used 325266K [0x00000000c0000000, 0x00000000d9380000, 0x00000000eab00000)
  object space 413184K, 78% used [0x00000000c0000000,0x00000000d3da4900,0x00000000d9380000)
 Metaspace       used 6587K, capacity 7320K, committed 7680K, reserved 1056768K
  class space    used 616K, capacity 656K, committed 768K, reserved 1048576K
}
Event: 21.318 GC heap before
{Heap before GC invocations=26 (full 3):
 PSYoungGen      total 226816K, used 220606K [0x00000000eab00000, 0x0000000100000000, 0x0000000100000000)
  eden space 129024K, 100% used [0x00000000eab00000,0x00000000f2900000,0x00000000f2900000)
  from space 97792K, 93% used [0x00000000fa080000,0x00000000ff9ef888,0x0000000100000000)
  to   space 110080K, 0% used [0x00000000f2900000,0x00000000f2900000,0x00000000f9480000)
 ParOldGen       total 413184K, used 325266K [0x00000000c0000000, 0x00000000d9380000, 0x00000000eab00000)
  object space 413184K, 78% used [0x00000000c0000000,0x00000000d3da4900,0x00000000d9380000)
 Metaspace       used 6587K, capacity 7320K, committed 7680K, reserved 1056768K
  class space    used 616K, capacity 656K, committed 768K, reserved 1048576K
Event: 21.446 GC heap after
Heap after GC invocations=26 (full 3):
 PSYoungGen      total 239104K, used 110078K [0x00000000eab00000, 0x0000000100000000, 0x0000000100000000)
  eden space 129024K, 0% used [0x00000000eab00000,0x00000000eab00000,0x00000000f2900000)
  from space 110080K, 99% used [0x00000000f2900000,0x00000000f947f888,0x00000000f9480000)
  to   space 110080K, 0% used [0x00000000f9480000,0x00000000f9480000,0x0000000100000000)
 ParOldGen       total 413184K, used 326226K [0x00000000c0000000, 0x00000000d9380000, 0x00000000eab00000)
  object space 413184K, 78% used [0x00000000c0000000,0x00000000d3e94808,0x00000000d9380000)
 Metaspace       used 6587K, capacity 7320K, committed 7680K, reserved 1056768K
  class space    used 616K, capacity 656K, committed 768K, reserved 1048576K
}
Event: 21.802 GC heap before
{Heap before GC invocations=27 (full 3):
 PSYoungGen      total 239104K, used 239102K [0x00000000eab00000, 0x0000000100000000, 0x0000000100000000)
  eden space 129024K, 100% used [0x00000000eab00000,0x00000000f2900000,0x00000000f2900000)
  from space 110080K, 99% used [0x00000000f2900000,0x00000000f947f888,0x00000000f9480000)
  to   space 110080K, 0% used [0x00000000f9480000,0x00000000f9480000,0x0000000100000000)
 ParOldGen       total 413184K, used 327100K [0x00000000c0000000, 0x00000000d9380000, 0x00000000eab00000)
  object space 413184K, 79% used [0x00000000c0000000,0x00000000d3f6f1d8,0x00000000d9380000)
 Metaspace       used 6587K, capacity 7320K, committed 7680K, reserved 1056768K
  class space    used 616K, capacity 656K, committed 768K, reserved 1048576K
Event: 22.017 GC heap after
Heap after GC invocations=27 (full 3):
 PSYoungGen      total 226816K, used 87589K [0x00000000eab00000, 0x0000000100000000, 0x0000000100000000)
  eden space 116736K, 0% used [0x00000000eab00000,0x00000000eab00000,0x00000000f1d00000)
  from space 110080K, 79% used [0x00000000f9480000,0x00000000fea095b8,0x0000000100000000)
  to   space 116224K, 0% used [0x00000000f1d00000,0x00000000f1d00000,0x00000000f8e80000)
 ParOldGen       total 413184K, used 373816K [0x00000000c0000000, 0x00000000d9380000, 0x00000000eab00000)
  object space 413184K, 90% used [0x00000000c0000000,0x00000000d6d0e3c0,0x00000000d9380000)
 Metaspace       used 6587K, capacity 7320K, committed 7680K, reserved 1056768K
  class space    used 616K, capacity 656K, committed 768K, reserved 1048576K
}
Event: 22.017 GC heap before
{Heap before GC invocations=28 (full 4):
 PSYoungGen      total 226816K, used 87589K [0x00000000eab00000, 0x0000000100000000, 0x0000000100000000)
  eden space 116736K, 0% used [0x00000000eab00000,0x00000000eab00000,0x00000000f1d00000)
  from space 110080K, 79% used [0x00000000f9480000,0x00000000fea095b8,0x0000000100000000)
  to   space 116224K, 0% used [0x00000000f1d00000,0x00000000f1d00000,0x00000000f8e80000)
 ParOldGen       total 413184K, used 373816K [0x00000000c0000000, 0x00000000d9380000, 0x00000000eab00000)
  object space 413184K, 90% used [0x00000000c0000000,0x00000000d6d0e3c0,0x00000000d9380000)
 Metaspace       used 6587K, capacity 7320K, committed 7680K, reserved 1056768K
  class space    used 616K, capacity 656K, committed 768K, reserved 1048576K

Deoptimization events (10 events):
Event: 18.184 Thread 0x00007fa1e4366800 Uncommon trap: reason=unstable_if action=reinterpret pc=0x00007fa1d55d8948 method=com.android.dx.ssa.PhiInsn.getSources()Lcom/android/dx/rop/code/RegisterSpecList; @ 19
Event: 18.928 Thread 0x00007fa1e400a000 Uncommon trap: reason=unstable_if action=reinterpret pc=0x00007fa1d5711fa0 method=com.android.dx.cf.code.Merger.mergeType(Lcom/android/dx/rop/type/TypeBearer;Lcom/android/dx/rop/type/TypeBearer;)Lcom/android/dx/rop/type/TypeBearer; @ 68
Event: 20.688 Thread 0x00007fa1e4366800 Uncommon trap: reason=class_check action=maybe_recompile pc=0x00007fa1d576d34c method=com.android.dx.ssa.DomFront.calcDomFronts()V @ 101
Event: 20.694 Thread 0x00007fa1e4366800 Uncommon trap: reason=class_check action=maybe_recompile pc=0x00007fa1d5662288 method=com.android.dx.ssa.SsaConverter.placePhiFunctions(Lcom/android/dx/ssa/SsaMethod;Lcom/android/dx/ssa/LocalVariableInfo;I)V @ 257
Event: 21.165 Thread 0x00007fa1e4365000 Uncommon trap: reason=unstable_if action=reinterpret pc=0x00007fa1d501dafc method=com.android.dx.dex.code.RopTranslator.outputBlock(Lcom/android/dx/rop/code/BasicBlock;I)V @ 140
Event: 21.165 Thread 0x00007fa1e400a000 Uncommon trap: reason=unstable_if action=reinterpret pc=0x00007fa1d50c5b40 method=com.android.dx.rop.cst.CstNat.equals(Ljava/lang/Object;)Z @ 25
Event: 21.174 Thread 0x00007fa1e400a000 Uncommon trap: reason=class_check action=maybe_recompile pc=0x00007fa1d5524c2c method=com.android.dx.ssa.SCCP.simulateBranch(Lcom/android/dx/ssa/SsaInsn;)V @ 339
Event: 21.180 Thread 0x00007fa1e400a000 Uncommon trap: reason=class_check action=maybe_recompile pc=0x00007fa1d5524c2c method=com.android.dx.ssa.SCCP.simulateBranch(Lcom/android/dx/ssa/SsaInsn;)V @ 339
Event: 21.236 Thread 0x00007fa1e4366800 Uncommon trap: reason=unstable_if action=reinterpret pc=0x00007fa1d5770c1c method=com.android.dx.rop.type.Type.isReference()Z @ 6
Event: 21.643 Thread 0x00007fa1e4368800 Uncommon trap: reason=unstable_if action=reinterpret pc=0x00007fa1d4cf1210 method=com.android.dx.ssa.SsaBasicBlock.scheduleMovesFromPhis()V @ 63

Internal exceptions (8 events):
Event: 0.040 Thread 0x00007fa1e400a000 Exception <a 'java/lang/NoSuchMethodError': Method sun.misc.Unsafe.defineClass(Ljava/lang/String;[BII)Ljava/lang/Class; name or signature does not match> (0x00000000eab07cc0) thrown at [/HUDSON3/workspace/8-2-build-linux-amd64/jdk8u101/7261/hotspot/src/sh
Event: 0.040 Thread 0x00007fa1e400a000 Exception <a 'java/lang/NoSuchMethodError': Method sun.misc.Unsafe.prefetchRead(Ljava/lang/Object;J)V name or signature does not match> (0x00000000eab07fa8) thrown at [/HUDSON3/workspace/8-2-build-linux-amd64/jdk8u101/7261/hotspot/src/share/vm/prims/jni.c
Event: 2.164 Thread 0x00007fa1e4368800 Implicit null exception at 0x00007fa1d4eefa98 to 0x00007fa1d4ef2985
Event: 2.164 Thread 0x00007fa1e4368800 Implicit null exception at 0x00007fa1d4f0ae2c to 0x00007fa1d4f0d889
Event: 3.431 Thread 0x00007fa1e4361800 Exception <a 'java/lang/ArrayIndexOutOfBoundsException': 18> (0x00000000f036b390) thrown at [/HUDSON3/workspace/8-2-build-linux-amd64/jdk8u101/7261/hotspot/src/share/vm/interpreter/interpreterRuntime.cpp, line 366]
Event: 3.431 Thread 0x00007fa1e4361800 Exception <a 'java/lang/ArrayIndexOutOfBoundsException': 145> (0x00000000f036cf10) thrown at [/HUDSON3/workspace/8-2-build-linux-amd64/jdk8u101/7261/hotspot/src/share/vm/interpreter/interpreterRuntime.cpp, line 366]
Event: 3.433 Thread 0x00007fa1e4361800 Exception <a 'java/lang/ArrayIndexOutOfBoundsException': 40> (0x00000000f036e1f8) thrown at [/HUDSON3/workspace/8-2-build-linux-amd64/jdk8u101/7261/hotspot/src/share/vm/interpreter/interpreterRuntime.cpp, line 366]
Event: 18.182 Thread 0x00007fa1e4366800 Implicit null exception at 0x00007fa1d566b2f7 to 0x00007fa1d566cc59

Events (10 events):
Event: 21.662 Thread 0x00007fa1e4368800 DEOPT UNPACKING pc=0x00007fa1d4c20633 sp=0x00007fa1c6f2ae70 mode 0
Event: 21.702 Thread 0x00007fa1e4368800 DEOPT PACKING pc=0x00007fa1d511fff9 sp=0x00007fa1c6f2ad50
Event: 21.702 Thread 0x00007fa1e4368800 DEOPT UNPACKING pc=0x00007fa1d4c20633 sp=0x00007fa1c6f2ab00 mode 0
Event: 21.722 Thread 0x00007fa1e4365000 DEOPT PACKING pc=0x00007fa1d511fff9 sp=0x00007fa1c712d050
Event: 21.722 Thread 0x00007fa1e4365000 DEOPT UNPACKING pc=0x00007fa1d4c20633 sp=0x00007fa1c712ce00 mode 0
Event: 21.757 Thread 0x00007fa1e4368800 DEOPT PACKING pc=0x00007fa1d511fff9 sp=0x00007fa1c6f2ad50
Event: 21.757 Thread 0x00007fa1e4368800 DEOPT UNPACKING pc=0x00007fa1d4c20633 sp=0x00007fa1c6f2ab00 mode 0
Event: 21.796 Executing VM operation: ParallelGCFailedAllocation
Event: 21.797 Executing VM operation: ParallelGCFailedAllocation done
Event: 21.802 Executing VM operation: ParallelGCSystemGC


Dynamic libraries:
00400000-00401000 r-xp 00000000 08:0a 13514073                           /usr/lib/jvm/java-8-oracle/bin/java
00600000-00601000 rw-p 00000000 08:0a 13514073                           /usr/lib/jvm/java-8-oracle/bin/java
01700000-01721000 rw-p 00000000 00:00 0                                  [heap]
c0000000-d9380000 rw-p 00000000 00:00 0 
e4680000-eab00000 ---p 00000000 00:00 0 
eab00000-100000000 rw-p 00000000 00:00 0 
100000000-1000c0000 rw-p 00000000 00:00 0 
1000c0000-140000000 ---p 00000000 00:00 0 
7fa180000000-7fa180042000 rw-p 00000000 00:00 0 
7fa180042000-7fa184000000 ---p 00000000 00:00 0 
7fa188000000-7fa188028000 rw-p 00000000 00:00 0 
7fa188028000-7fa18c000000 ---p 00000000 00:00 0 
7fa18c000000-7fa18c026000 rw-p 00000000 00:00 0 
7fa18c026000-7fa190000000 ---p 00000000 00:00 0 
7fa190000000-7fa190051000 rw-p 00000000 00:00 0 
7fa190051000-7fa194000000 ---p 00000000 00:00 0 
7fa194000000-7fa194021000 rw-p 00000000 00:00 0 
7fa194021000-7fa198000000 ---p 00000000 00:00 0 
7fa198000000-7fa198021000 rw-p 00000000 00:00 0 
7fa198021000-7fa19c000000 ---p 00000000 00:00 0 
7fa19c000000-7fa19c021000 rw-p 00000000 00:00 0 
7fa19c021000-7fa1a0000000 ---p 00000000 00:00 0 
7fa1a0000000-7fa1a1409000 rw-p 00000000 00:00 0 
7fa1a1409000-7fa1a4000000 ---p 00000000 00:00 0 
7fa1a4000000-7fa1a4a68000 rw-p 00000000 00:00 0 
7fa1a4a68000-7fa1a8000000 ---p 00000000 00:00 0 
7fa1a8000000-7fa1a9613000 rw-p 00000000 00:00 0 
7fa1a9613000-7fa1ac000000 ---p 00000000 00:00 0 
7fa1ac000000-7fa1ac021000 rw-p 00000000 00:00 0 
7fa1ac021000-7fa1b0000000 ---p 00000000 00:00 0 
7fa1b0000000-7fa1b0021000 rw-p 00000000 00:00 0 
7fa1b0021000-7fa1b4000000 ---p 00000000 00:00 0 
7fa1b4000000-7fa1b4021000 rw-p 00000000 00:00 0 
7fa1b4021000-7fa1b8000000 ---p 00000000 00:00 0 
7fa1b8000000-7fa1b8021000 rw-p 00000000 00:00 0 
7fa1b8021000-7fa1bc000000 ---p 00000000 00:00 0 
7fa1bc000000-7fa1bc290000 rw-p 00000000 00:00 0 
7fa1bc290000-7fa1c0000000 ---p 00000000 00:00 0 
7fa1c0000000-7fa1c0021000 rw-p 00000000 00:00 0 
7fa1c0021000-7fa1c4000000 ---p 00000000 00:00 0 
7fa1c6e2c000-7fa1c6e2f000 ---p 00000000 00:00 0 
7fa1c6e2f000-7fa1c6f2d000 rw-p 00000000 00:00 0                          [stack:7503]
7fa1c6f2d000-7fa1c6f30000 ---p 00000000 00:00 0 
7fa1c6f30000-7fa1c702e000 rw-p 00000000 00:00 0                          [stack:7502]
7fa1c702e000-7fa1c7031000 ---p 00000000 00:00 0 
7fa1c7031000-7fa1c712f000 rw-p 00000000 00:00 0                          [stack:7501]
7fa1c712f000-7fa1c7132000 ---p 00000000 00:00 0 
7fa1c7132000-7fa1c7230000 rw-p 00000000 00:00 0                          [stack:7500]
7fa1c7230000-7fa1c7233000 ---p 00000000 00:00 0 
7fa1c7233000-7fa1c7331000 rw-p 00000000 00:00 0                          [stack:7499]
7fa1c7331000-7fa1c7419000 r--s 008e3000 08:0a 17440527                   /home/jagruti/workspace/SJSUMap/SJSUMap/app/build/intermediates/transforms/jarMerging/debug/jars/1/1f/combined.jar
7fa1c7419000-7fa1c741a000 ---p 00000000 00:00 0 
7fa1c741a000-7fa1c751a000 rw-p 00000000 00:00 0                          [stack:7497]
7fa1c751a000-7fa1c751d000 ---p 00000000 00:00 0 
7fa1c751d000-7fa1c761b000 rw-p 00000000 00:00 0                          [stack:7496]
7fa1c761b000-7fa1c761e000 ---p 00000000 00:00 0 
7fa1c761e000-7fa1c771c000 rw-p 00000000 00:00 0                          [stack:7495]
7fa1c771c000-7fa1c771f000 ---p 00000000 00:00 0 
7fa1c771f000-7fa1c781d000 rw-p 00000000 00:00 0                          [stack:7494]
7fa1c781d000-7fa1c7820000 ---p 00000000 00:00 0 
7fa1c7820000-7fa1c791e000 rw-p 00000000 00:00 0                          [stack:7493]
7fa1c791e000-7fa1c8000000 r--p 00000000 08:0a 13507173                   /usr/lib/locale/locale-archive
7fa1c8000000-7fa1c8021000 rw-p 00000000 00:00 0 
7fa1c8021000-7fa1cc000000 ---p 00000000 00:00 0 
7fa1cc0c5000-7fa1cc0c8000 ---p 00000000 00:00 0 
7fa1cc0c8000-7fa1cc1c6000 rw-p 00000000 00:00 0                          [stack:7492]
7fa1cc1c6000-7fa1cc1c9000 ---p 00000000 00:00 0 
7fa1cc1c9000-7fa1cc2c7000 rw-p 00000000 00:00 0                          [stack:7491]
7fa1cc2c7000-7fa1cc2ca000 ---p 00000000 00:00 0 
7fa1cc2ca000-7fa1cc3c8000 rw-p 00000000 00:00 0                          [stack:7490]
7fa1cc3c8000-7fa1cc3c9000 ---p 00000000 00:00 0 
7fa1cc3c9000-7fa1cd427000 rw-p 00000000 00:00 0                          [stack:7489]
7fa1cd427000-7fa1cd600000 r--s 03d29000 08:0a 13516298                   /usr/lib/jvm/java-8-oracle/jre/lib/rt.jar
7fa1cd600000-7fa1cdcc0000 rw-p 00000000 00:00 0 
7fa1cdcc0000-7fa1cde00000 ---p 00000000 00:00 0 
7fa1cde00000-7fa1d0000000 rw-p 00000000 00:00 0 
7fa1d0000000-7fa1d0021000 rw-p 00000000 00:00 0 
7fa1d0021000-7fa1d4000000 ---p 00000000 00:00 0 
7fa1d4006000-7fa1d40be000 rw-p 00000000 00:00 0 
7fa1d40be000-7fa1d40bf000 ---p 00000000 00:00 0 
7fa1d40bf000-7fa1d41bf000 rw-p 00000000 00:00 0                          [stack:7487]
7fa1d41bf000-7fa1d41c0000 ---p 00000000 00:00 0 
7fa1d41c0000-7fa1d42c0000 rw-p 00000000 00:00 0                          [stack:7486]
7fa1d42c0000-7fa1d42c1000 ---p 00000000 00:00 0 
7fa1d42c1000-7fa1d43c1000 rw-p 00000000 00:00 0                          [stack:7485]
7fa1d43c1000-7fa1d43c2000 ---p 00000000 00:00 0 
7fa1d43c2000-7fa1d458c000 rw-p 00000000 00:00 0                          [stack:7484]
7fa1d458c000-7fa1d4618000 ---p 00000000 00:00 0 
7fa1d4618000-7fa1d46e2000 rw-p 00000000 00:00 0 
7fa1d46e2000-7fa1d476d000 ---p 00000000 00:00 0 
7fa1d476d000-7fa1d4818000 rw-p 00000000 00:00 0 
7fa1d4818000-7fa1d4849000 rw-p 00000000 00:00 0 
7fa1d4849000-7fa1d4bd9000 ---p 00000000 00:00 0 
7fa1d4bd9000-7fa1d57c9000 rwxp 00000000 00:00 0 
7fa1d57c9000-7fa1e3bd9000 ---p 00000000 00:00 0 
7fa1e3bd9000-7fa1e3bf3000 r-xp 00000000 08:0a 13638161                   /usr/lib/jvm/java-8-oracle/jre/lib/amd64/libzip.so
7fa1e3bf3000-7fa1e3df3000 ---p 0001a000 08:0a 13638161                   /usr/lib/jvm/java-8-oracle/jre/lib/amd64/libzip.so
7fa1e3df3000-7fa1e3df4000 rw-p 0001a000 08:0a 13638161                   /usr/lib/jvm/java-8-oracle/jre/lib/amd64/libzip.so
7fa1e3df4000-7fa1e3dff000 r-xp 00000000 08:0a 11272378                   /lib/x86_64-linux-gnu/libnss_files-2.19.so
7fa1e3dff000-7fa1e3ffe000 ---p 0000b000 08:0a 11272378                   /lib/x86_64-linux-gnu/libnss_files-2.19.so
7fa1e3ffe000-7fa1e3fff000 r--p 0000a000 08:0a 11272378                   /lib/x86_64-linux-gnu/libnss_files-2.19.so
7fa1e3fff000-7fa1e4000000 rw-p 0000b000 08:0a 11272378                   /lib/x86_64-linux-gnu/libnss_files-2.19.so
7fa1e4000000-7fa1e43b5000 rw-p 00000000 00:00 0 
7fa1e43b5000-7fa1e8000000 ---p 00000000 00:00 0 
7fa1e8001000-7fa1e8022000 rw-p 00000000 00:00 0 
7fa1e8022000-7fa1e802d000 r-xp 00000000 08:0a 11272385                   /lib/x86_64-linux-gnu/libnss_nis-2.19.so
7fa1e802d000-7fa1e822c000 ---p 0000b000 08:0a 11272385                   /lib/x86_64-linux-gnu/libnss_nis-2.19.so
7fa1e822c000-7fa1e822d000 r--p 0000a000 08:0a 11272385                   /lib/x86_64-linux-gnu/libnss_nis-2.19.so
7fa1e822d000-7fa1e822e000 rw-p 0000b000 08:0a 11272385                   /lib/x86_64-linux-gnu/libnss_nis-2.19.so
7fa1e822e000-7fa1e8245000 r-xp 00000000 08:0a 11272382                   /lib/x86_64-linux-gnu/libnsl-2.19.so
7fa1e8245000-7fa1e8444000 ---p 00017000 08:0a 11272382                   /lib/x86_64-linux-gnu/libnsl-2.19.so
7fa1e8444000-7fa1e8445000 r--p 00016000 08:0a 11272382                   /lib/x86_64-linux-gnu/libnsl-2.19.so
7fa1e8445000-7fa1e8446000 rw-p 00017000 08:0a 11272382                   /lib/x86_64-linux-gnu/libnsl-2.19.so
7fa1e8446000-7fa1e8448000 rw-p 00000000 00:00 0 
7fa1e8448000-7fa1e8451000 r-xp 00000000 08:0a 11272386                   /lib/x86_64-linux-gnu/libnss_compat-2.19.so
7fa1e8451000-7fa1e8650000 ---p 00009000 08:0a 11272386                   /lib/x86_64-linux-gnu/libnss_compat-2.19.so
7fa1e8650000-7fa1e8651000 r--p 00008000 08:0a 11272386                   /lib/x86_64-linux-gnu/libnss_compat-2.19.so
7fa1e8651000-7fa1e8652000 rw-p 00009000 08:0a 11272386                   /lib/x86_64-linux-gnu/libnss_compat-2.19.so
7fa1e8652000-7fa1e867c000 r-xp 00000000 08:0a 13638120                   /usr/lib/jvm/java-8-oracle/jre/lib/amd64/libjava.so
7fa1e867c000-7fa1e887c000 ---p 0002a000 08:0a 13638120                   /usr/lib/jvm/java-8-oracle/jre/lib/amd64/libjava.so
7fa1e887c000-7fa1e887e000 rw-p 0002a000 08:0a 13638120                   /usr/lib/jvm/java-8-oracle/jre/lib/amd64/libjava.so
7fa1e887e000-7fa1e888b000 r-xp 00000000 08:0a 13638146                   /usr/lib/jvm/java-8-oracle/jre/lib/amd64/libverify.so
7fa1e888b000-7fa1e8a8b000 ---p 0000d000 08:0a 13638146                   /usr/lib/jvm/java-8-oracle/jre/lib/amd64/libverify.so
7fa1e8a8b000-7fa1e8a8d000 rw-p 0000d000 08:0a 13638146                   /usr/lib/jvm/java-8-oracle/jre/lib/amd64/libverify.so
7fa1e8a8d000-7fa1e8a94000 r-xp 00000000 08:0a 11272393                   /lib/x86_64-linux-gnu/librt-2.19.so
7fa1e8a94000-7fa1e8c93000 ---p 00007000 08:0a 11272393                   /lib/x86_64-linux-gnu/librt-2.19.so
7fa1e8c93000-7fa1e8c94000 r--p 00006000 08:0a 11272393                   /lib/x86_64-linux-gnu/librt-2.19.so
7fa1e8c94000-7fa1e8c95000 rw-p 00007000 08:0a 11272393                   /lib/x86_64-linux-gnu/librt-2.19.so
7fa1e8c95000-7fa1e8d9a000 r-xp 00000000 08:0a 11272379                   /lib/x86_64-linux-gnu/libm-2.19.so
7fa1e8d9a000-7fa1e8f99000 ---p 00105000 08:0a 11272379                   /lib/x86_64-linux-gnu/libm-2.19.so
7fa1e8f99000-7fa1e8f9a000 r--p 00104000 08:0a 11272379                   /lib/x86_64-linux-gnu/libm-2.19.so
7fa1e8f9a000-7fa1e8f9b000 rw-p 00105000 08:0a 11272379                   /lib/x86_64-linux-gnu/libm-2.19.so
7fa1e8f9b000-7fa1e9c66000 r-xp 00000000 08:0a 13642260                   /usr/lib/jvm/java-8-oracle/jre/lib/amd64/server/libjvm.so
7fa1e9c66000-7fa1e9e65000 ---p 00ccb000 08:0a 13642260                   /usr/lib/jvm/java-8-oracle/jre/lib/amd64/server/libjvm.so
7fa1e9e65000-7fa1e9f3e000 rw-p 00cca000 08:0a 13642260                   /usr/lib/jvm/java-8-oracle/jre/lib/amd64/server/libjvm.so
7fa1e9f3e000-7fa1e9f89000 rw-p 00000000 00:00 0 
7fa1e9f89000-7fa1ea145000 r-xp 00000000 08:0a 11272376                   /lib/x86_64-linux-gnu/libc-2.19.so
7fa1ea145000-7fa1ea344000 ---p 001bc000 08:0a 11272376                   /lib/x86_64-linux-gnu/libc-2.19.so
7fa1ea344000-7fa1ea348000 r--p 001bb000 08:0a 11272376                   /lib/x86_64-linux-gnu/libc-2.19.so
7fa1ea348000-7fa1ea34a000 rw-p 001bf000 08:0a 11272376                   /lib/x86_64-linux-gnu/libc-2.19.so
7fa1ea34a000-7fa1ea34f000 rw-p 00000000 00:00 0 
7fa1ea34f000-7fa1ea352000 r-xp 00000000 08:0a 11272389                   /lib/x86_64-linux-gnu/libdl-2.19.so
7fa1ea352000-7fa1ea551000 ---p 00003000 08:0a 11272389                   /lib/x86_64-linux-gnu/libdl-2.19.so
7fa1ea551000-7fa1ea552000 r--p 00002000 08:0a 11272389                   /lib/x86_64-linux-gnu/libdl-2.19.so
7fa1ea552000-7fa1ea553000 rw-p 00003000 08:0a 11272389                   /lib/x86_64-linux-gnu/libdl-2.19.so
7fa1ea553000-7fa1ea568000 r-xp 00000000 08:0a 13514760                   /usr/lib/jvm/java-8-oracle/lib/amd64/jli/libjli.so
7fa1ea568000-7fa1ea768000 ---p 00015000 08:0a 13514760                   /usr/lib/jvm/java-8-oracle/lib/amd64/jli/libjli.so
7fa1ea768000-7fa1ea769000 rw-p 00015000 08:0a 13514760                   /usr/lib/jvm/java-8-oracle/lib/amd64/jli/libjli.so
7fa1ea769000-7fa1ea782000 r-xp 00000000 08:0a 11272392                   /lib/x86_64-linux-gnu/libpthread-2.19.so
7fa1ea782000-7fa1ea981000 ---p 00019000 08:0a 11272392                   /lib/x86_64-linux-gnu/libpthread-2.19.so
7fa1ea981000-7fa1ea982000 r--p 00018000 08:0a 11272392                   /lib/x86_64-linux-gnu/libpthread-2.19.so
7fa1ea982000-7fa1ea983000 rw-p 00019000 08:0a 11272392                   /lib/x86_64-linux-gnu/libpthread-2.19.so
7fa1ea983000-7fa1ea987000 rw-p 00000000 00:00 0 
7fa1ea987000-7fa1ea9aa000 r-xp 00000000 08:0a 11272375                   /lib/x86_64-linux-gnu/ld-2.19.so
7fa1ea9b0000-7fa1eaa89000 rw-p 00000000 00:00 0 
7fa1eaa89000-7fa1eaa8c000 ---p 00000000 00:00 0 
7fa1eaa8c000-7fa1eab8f000 rw-p 00000000 00:00 0                          [stack:7483]
7fa1eab8f000-7fa1eab9d000 r--s 000e0000 08:0a 14423934                   /home/jagruti/Android/Sdk/build-tools/24.0.2/lib/dx.jar
7fa1eab9d000-7fa1eaba5000 rw-s 00000000 08:0a 6165528                    /tmp/hsperfdata_jagruti/7478
7fa1eaba5000-7fa1eaba6000 rw-p 00000000 00:00 0 
7fa1eaba6000-7fa1eaba7000 ---p 00000000 00:00 0 
7fa1eaba7000-7fa1eaba9000 rw-p 00000000 00:00 0 
7fa1eaba9000-7fa1eabaa000 r--p 00022000 08:0a 11272375                   /lib/x86_64-linux-gnu/ld-2.19.so
7fa1eabaa000-7fa1eabab000 rw-p 00023000 08:0a 11272375                   /lib/x86_64-linux-gnu/ld-2.19.so
7fa1eabab000-7fa1eabac000 rw-p 00000000 00:00 0 
7ffef0d4f000-7ffef0d71000 rw-p 00000000 00:00 0                          [stack]
7ffef0d96000-7ffef0d98000 r--p 00000000 00:00 0                          [vvar]
7ffef0d98000-7ffef0d9a000 r-xp 00000000 00:00 0                          [vdso]
ffffffffff600000-ffffffffff601000 r-xp 00000000 00:00 0                  [vsyscall]

VM Arguments:
jvm_args: -Djava.awt.headless=true -Xmx1024M -Dfile.encoding=UTF-8 -Duser.country=US -Duser.language=en -Duser.variant 
java_command: com.android.dx.command.Main --dex --num-threads=4 --multi-dex --main-dex-list /home/jagruti/workspace/SJSUMap/SJSUMap/app/build/intermediates/multi-dex/debug/maindexlist.txt --output /home/jagruti/workspace/SJSUMap/SJSUMap/app/build/intermediates/transforms/dex/debug/folders/1000/1f/main /home/jagruti/workspace/SJSUMap/SJSUMap/app/build/intermediates/transforms/jarMerging/debug/jars/1/1f/combined.jar
java_class_path (initial): /home/jagruti/Android/Sdk/build-tools/24.0.2/lib/dx.jar
Launcher Type: SUN_STANDARD

Environment Variables:
JAVA_HOME=/usr/lib/jvm/java-8-oracle
PATH=/usr/local/heroku/bin:/usr/lib/jvm/java-8-oracle/bin:/usr/lib/jvm/java-8-oracle/lib:/home/jagruti/workspace/paul281/AutoScaling-1.0.61.6/bin:/usr/bin/:/home/jagruti/workspace/paul281/AutoScaling-1.0.61.6/credential-file-path.template:/usr/local/src/scala/scala-2.10.4/bin:/home/jagruti/.sdkman/candidates/grails/current/bin:/usr/local/sbin:/usr/local/bin:/usr/sbin:/usr/bin:/sbin:/bin:/usr/games:/usr/local/games
LD_LIBRARY_PATH=.:/usr/lib/jvm/java-8-oracle/lib:/home/jagruti/workspace/paul281/AutoScaling-1.0.61.6/lib:
SHELL=/bin/bash
DISPLAY=:0

Signal Handlers:
SIGSEGV: [libjvm.so+0xac4790], sa_mask[0]=11111111011111111101111111111110, sa_flags=SA_RESTART|SA_SIGINFO
SIGBUS: [libjvm.so+0xac4790], sa_mask[0]=11111111011111111101111111111110, sa_flags=SA_RESTART|SA_SIGINFO
SIGFPE: [libjvm.so+0x91f140], sa_mask[0]=11111111011111111101111111111110, sa_flags=SA_RESTART|SA_SIGINFO
SIGPIPE: [libjvm.so+0x91f140], sa_mask[0]=11111111011111111101111111111110, sa_flags=SA_RESTART|SA_SIGINFO
SIGXFSZ: [libjvm.so+0x91f140], sa_mask[0]=11111111011111111101111111111110, sa_flags=SA_RESTART|SA_SIGINFO
SIGILL: [libjvm.so+0x91f140], sa_mask[0]=11111111011111111101111111111110, sa_flags=SA_RESTART|SA_SIGINFO
SIGUSR1: SIG_DFL, sa_mask[0]=00000000000000000000000000000000, sa_flags=none
SIGUSR2: [libjvm.so+0x920770], sa_mask[0]=00100000000000000000000000000000, sa_flags=SA_RESTART|SA_SIGINFO
SIGHUP: [libjvm.so+0x921b70], sa_mask[0]=11111111011111111101111111111110, sa_flags=SA_RESTART|SA_SIGINFO
SIGINT: [libjvm.so+0x921b70], sa_mask[0]=11111111011111111101111111111110, sa_flags=SA_RESTART|SA_SIGINFO
SIGTERM: [libjvm.so+0x921b70], sa_mask[0]=11111111011111111101111111111110, sa_flags=SA_RESTART|SA_SIGINFO
SIGQUIT: [libjvm.so+0x921b70], sa_mask[0]=11111111011111111101111111111110, sa_flags=SA_RESTART|SA_SIGINFO


---------------  S Y S T E M  ---------------

OS:DISTRIB_ID=Ubuntu
DISTRIB_RELEASE=14.04
DISTRIB_CODENAME=trusty
DISTRIB_DESCRIPTION="Ubuntu 14.04.3 LTS"

uname:Linux 3.19.0-30-generic #34~14.04.1-Ubuntu SMP Fri Oct 2 22:09:39 UTC 2015 x86_64
libc:glibc 2.19 NPTL 2.19 
rlimit: STACK 8192k, CORE 0k, NPROC 31132, NOFILE 4096, AS infinity
load average:16.22 7.22 3.94

/proc/meminfo:
MemTotal:        8065492 kB
MemFree:          141556 kB
MemAvailable:     102340 kB
Buffers:             712 kB
Cached:          1391152 kB
SwapCached:            0 kB
Active:          6454508 kB
Inactive:        1246760 kB
Active(anon):    6434984 kB
Inactive(anon):  1221976 kB
Active(file):      19524 kB
Inactive(file):    24784 kB
Unevictable:          48 kB
Mlocked:              48 kB
SwapTotal:             0 kB
SwapFree:              0 kB
Dirty:             14368 kB
Writeback:             0 kB
AnonPages:       6310000 kB
Mapped:           448608 kB
Shmem:           1347008 kB
Slab:              88396 kB
SReclaimable:      46192 kB
SUnreclaim:        42204 kB
KernelStack:       15024 kB
PageTables:        61060 kB
NFS_Unstable:          0 kB
Bounce:                0 kB
WritebackTmp:          0 kB
CommitLimit:     4032744 kB
Committed_AS:   14878428 kB
VmallocTotal:   34359738367 kB
VmallocUsed:      559844 kB
VmallocChunk:   34359158372 kB
HardwareCorrupted:     0 kB
AnonHugePages:   2961408 kB
CmaTotal:              0 kB
CmaFree:               0 kB
HugePages_Total:       0
HugePages_Free:        0
HugePages_Rsvd:        0
HugePages_Surp:        0
Hugepagesize:       2048 kB
DirectMap4k:      133888 kB
DirectMap2M:     7096320 kB
DirectMap1G:     2097152 kB


CPU:total 4 (2 cores per cpu, 2 threads per core) family 6 model 69 stepping 1, cmov, cx8, fxsr, mmx, sse, sse2, sse3, ssse3, sse4.1, sse4.2, popcnt, avx, avx2, aes, clmul, erms, lzcnt, ht, tsc, tscinvbit, bmi1, bmi2

/proc/cpuinfo:
processor	: 0
vendor_id	: GenuineIntel
cpu family	: 6
model		: 69
model name	: Intel(R) Core(TM) i7-4510U CPU @ 2.00GHz
stepping	: 1
microcode	: 0x1c
cpu MHz		: 1341.132
cache size	: 4096 KB
physical id	: 0
siblings	: 4
core id		: 0
cpu cores	: 2
apicid		: 0
initial apicid	: 0
fpu		: yes
fpu_exception	: yes
cpuid level	: 13
wp		: yes
flags		: fpu vme de pse tsc msr pae mce cx8 apic sep mtrr pge mca cmov pat pse36 clflush dts acpi mmx fxsr sse sse2 ss ht tm pbe syscall nx pdpe1gb rdtscp lm constant_tsc arch_perfmon pebs bts rep_good nopl xtopology nonstop_tsc aperfmperf eagerfpu pni pclmulqdq dtes64 monitor ds_cpl vmx est tm2 ssse3 fma cx16 xtpr pdcm pcid sse4_1 sse4_2 movbe popcnt tsc_deadline_timer aes xsave avx f16c rdrand lahf_lm abm ida arat epb pln pts dtherm tpr_shadow vnmi flexpriority ept vpid fsgsbase tsc_adjust bmi1 avx2 smep bmi2 erms invpcid xsaveopt
bugs		:
bogomips	: 5188.28
clflush size	: 64
cache_alignment	: 64
address sizes	: 39 bits physical, 48 bits virtual
power management:

processor	: 1
vendor_id	: GenuineIntel
cpu family	: 6
model		: 69
model name	: Intel(R) Core(TM) i7-4510U CPU @ 2.00GHz
stepping	: 1
microcode	: 0x1c
cpu MHz		: 821.335
cache size	: 4096 KB
physical id	: 0
siblings	: 4
core id		: 0
cpu cores	: 2
apicid		: 1
initial apicid	: 1
fpu		: yes
fpu_exception	: yes
cpuid level	: 13
wp		: yes
flags		: fpu vme de pse tsc msr pae mce cx8 apic sep mtrr pge mca cmov pat pse36 clflush dts acpi mmx fxsr sse sse2 ss ht tm pbe syscall nx pdpe1gb rdtscp lm constant_tsc arch_perfmon pebs bts rep_good nopl xtopology nonstop_tsc aperfmperf eagerfpu pni pclmulqdq dtes64 monitor ds_cpl vmx est tm2 ssse3 fma cx16 xtpr pdcm pcid sse4_1 sse4_2 movbe popcnt tsc_deadline_timer aes xsave avx f16c rdrand lahf_lm abm ida arat epb pln pts dtherm tpr_shadow vnmi flexpriority ept vpid fsgsbase tsc_adjust bmi1 avx2 smep bmi2 erms invpcid xsaveopt
bugs		:
bogomips	: 5188.28
clflush size	: 64
cache_alignment	: 64
address sizes	: 39 bits physical, 48 bits virtual
power management:

processor	: 2
vendor_id	: GenuineIntel
cpu family	: 6
model		: 69
model name	: Intel(R) Core(TM) i7-4510U CPU @ 2.00GHz
stepping	: 1
microcode	: 0x1c
cpu MHz		: 1545.781
cache size	: 4096 KB
physical id	: 0
siblings	: 4
core id		: 1
cpu cores	: 2
apicid		: 2
initial apicid	: 2
fpu		: yes
fpu_exception	: yes
cpuid level	: 13
wp		: yes
flags		: fpu vme de pse tsc msr pae mce cx8 apic sep mtrr pge mca cmov pat pse36 clflush dts acpi mmx fxsr sse sse2 ss ht tm pbe syscall nx pdpe1gb rdtscp lm constant_tsc arch_perfmon pebs bts rep_good nopl xtopology nonstop_tsc aperfmperf eagerfpu pni pclmulqdq dtes64 monitor ds_cpl vmx est tm2 ssse3 fma cx16 xtpr pdcm pcid sse4_1 sse4_2 movbe popcnt tsc_deadline_timer aes xsave avx f16c rdrand lahf_lm abm ida arat epb pln pts dtherm tpr_shadow vnmi flexpriority ept vpid fsgsbase tsc_adjust bmi1 avx2 smep bmi2 erms invpcid xsaveopt
bugs		:
bogomips	: 5188.28
clflush size	: 64
cache_alignment	: 64
address sizes	: 39 bits physical, 48 bits virtual
power management:

processor	: 3
vendor_id	: GenuineIntel
cpu family	: 6
model		: 69
model name	: Intel(R) Core(TM) i7-4510U CPU @ 2.00GHz
stepping	: 1
microcode	: 0x1c
cpu MHz		: 1521.914
cache size	: 4096 KB
physical id	: 0
siblings	: 4
core id		: 1
cpu cores	: 2
apicid		: 3
initial apicid	: 3
fpu		: yes
fpu_exception	: yes
cpuid level	: 13
wp		: yes
flags		: fpu vme de pse tsc msr pae mce cx8 apic sep mtrr pge mca cmov pat pse36 clflush dts acpi mmx fxsr sse sse2 ss ht tm pbe syscall nx pdpe1gb rdtscp lm constant_tsc arch_perfmon pebs bts rep_good nopl xtopology nonstop_tsc aperfmperf eagerfpu pni pclmulqdq dtes64 monitor ds_cpl vmx est tm2 ssse3 fma cx16 xtpr pdcm pcid sse4_1 sse4_2 movbe popcnt tsc_deadline_timer aes xsave avx f16c rdrand lahf_lm abm ida arat epb pln pts dtherm tpr_shadow vnmi flexpriority ept vpid fsgsbase tsc_adjust bmi1 avx2 smep bmi2 erms invpcid xsaveopt
bugs		:
bogomips	: 5188.28
clflush size	: 64
cache_alignment	: 64
address sizes	: 39 bits physical, 48 bits virtual
power management:



Memory: 4k page, physical 8065492k(141556k free), swap 0k(0k free)

vm_info: Java HotSpot(TM) 64-Bit Server VM (25.101-b13) for linux-amd64 JRE (1.8.0_101-b13), built on Jun 22 2016 02:59:44 by "java_re" with gcc 4.3.0 20080428 (Red Hat 4.3.0-8)

time: Wed Oct 26 15:37:12 2016
elapsed time: 50 seconds (0d 0h 0m 50s)

