#
# There is insufficient memory for the Java Runtime Environment to continue.
# Native memory allocation (mmap) failed to map 140509184 bytes for committing reserved memory.
# Possible reasons:
#   The system is out of physical RAM or swap space
#   In 32 bit mode, the process size limit was hit
# Possible solutions:
#   Reduce memory load on the system
#   Increase physical memory or swap space
#   Check if swap backing store is full
#   Use 64 bit Java on a 64 bit OS
#   Decrease Java heap size (-Xmx/-Xms)
#   Decrease number of Java threads
#   Decrease Java thread stack sizes (-Xss)
#   Set larger code cache with -XX:ReservedCodeCacheSize=
# This output file may be truncated or incomplete.
#
#  Out of Memory Error (os_linux.cpp:2627), pid=5665, tid=0x00007f2e8435c700
#
# JRE version: Java(TM) SE Runtime Environment (8.0_101-b13) (build 1.8.0_101-b13)
# Java VM: Java HotSpot(TM) 64-Bit Server VM (25.101-b13 mixed mode linux-amd64 compressed oops)
# Failed to write core dump. Core dumps have been disabled. To enable core dumping, try "ulimit -c unlimited" before starting Java again
#

---------------  T H R E A D  ---------------

Current thread (0x00007f2e80078000):  VMThread [stack: 0x00007f2e8425c000,0x00007f2e8435d000] [id=5675]

Stack: [0x00007f2e8425c000,0x00007f2e8435d000],  sp=0x00007f2e8435b0e0,  free space=1020k
Native frames: (J=compiled Java code, j=interpreted, Vv=VM code, C=native code)
V  [libjvm.so+0xac3f0a]  VMError::report_and_die()+0x2ba
V  [libjvm.so+0x4fbf9b]  report_vm_out_of_memory(char const*, int, unsigned long, VMErrorType, char const*)+0x8b
V  [libjvm.so+0x9222d3]  os::Linux::commit_memory_impl(char*, unsigned long, bool)+0x103
V  [libjvm.so+0x922829]  os::pd_commit_memory(char*, unsigned long, unsigned long, bool)+0x29
V  [libjvm.so+0x91cb2a]  os::commit_memory(char*, unsigned long, unsigned long, bool)+0x2a
V  [libjvm.so+0x991053]  PSVirtualSpace::expand_by(unsigned long)+0x53
V  [libjvm.so+0x981920]  PSOldGen::expand(unsigned long)+0x170
V  [libjvm.so+0x981b2b]  PSOldGen::resize(unsigned long)+0x1cb
V  [libjvm.so+0x989821]  PSParallelCompact::invoke_no_policy(bool)+0x991
V  [libjvm.so+0x98f17d]  PSScavenge::invoke()+0x1ad
V  [libjvm.so+0x945fc0]  ParallelScavengeHeap::failed_mem_allocate(unsigned long)+0x70
V  [libjvm.so+0xac5927]  VM_ParallelGCFailedAllocation::doit()+0x97
V  [libjvm.so+0xacd405]  VM_Operation::evaluate()+0x55
V  [libjvm.so+0xacb7da]  VMThread::evaluate_operation(VM_Operation*)+0xba
V  [libjvm.so+0xacbb5e]  VMThread::loop()+0x1ce
V  [libjvm.so+0xacbfd0]  VMThread::run()+0x70
V  [libjvm.so+0x924698]  java_start(Thread*)+0x108

VM_Operation (0x00007f2e69ffda40): ParallelGCFailedAllocation, mode: safepoint, requested by thread 0x00007f2e80184000


---------------  P R O C E S S  ---------------

Java Threads: ( => current thread )
  0x00007f2e80187800 JavaThread "pool-2-thread-4" [_thread_blocked, id=5688, stack(0x00007f2e69cfd000,0x00007f2e69dfe000)]
  0x00007f2e80186000 JavaThread "pool-2-thread-3" [_thread_blocked, id=5687, stack(0x00007f2e69dfe000,0x00007f2e69eff000)]
  0x00007f2e80184000 JavaThread "pool-2-thread-2" [_thread_blocked, id=5686, stack(0x00007f2e69eff000,0x00007f2e6a000000)]
  0x00007f2e80183800 JavaThread "pool-3-thread-1" [_thread_blocked, id=5685, stack(0x00007f2e7002d000,0x00007f2e7012e000)]
  0x00007f2e80181000 JavaThread "pool-2-thread-1" [_thread_blocked, id=5684, stack(0x00007f2e7012e000,0x00007f2e7022f000)]
  0x00007f2e800c0800 JavaThread "Service Thread" daemon [_thread_blocked, id=5682, stack(0x00007f2e70419000,0x00007f2e7051a000)]
  0x00007f2e800bd800 JavaThread "C1 CompilerThread2" daemon [_thread_blocked, id=5681, stack(0x00007f2e7051a000,0x00007f2e7061b000)]
  0x00007f2e800bc000 JavaThread "C2 CompilerThread1" daemon [_thread_blocked, id=5680, stack(0x00007f2e7061b000,0x00007f2e7071c000)]
  0x00007f2e800b9000 JavaThread "C2 CompilerThread0" daemon [_thread_blocked, id=5679, stack(0x00007f2e7071c000,0x00007f2e7081d000)]
  0x00007f2e800b7800 JavaThread "Signal Dispatcher" daemon [_thread_blocked, id=5678, stack(0x00007f2e7081d000,0x00007f2e7091e000)]
  0x00007f2e80084000 JavaThread "Finalizer" daemon [_thread_blocked, id=5677, stack(0x00007f2e8405a000,0x00007f2e8415b000)]
  0x00007f2e8007f800 JavaThread "Reference Handler" daemon [_thread_blocked, id=5676, stack(0x00007f2e8415b000,0x00007f2e8425c000)]
  0x00007f2e8000a000 JavaThread "main" [_thread_blocked, id=5670, stack(0x00007f2e89916000,0x00007f2e89a17000)]

Other Threads:
=>0x00007f2e80078000 VMThread [stack: 0x00007f2e8425c000,0x00007f2e8435d000] [id=5675]
  0x00007f2e800c3800 WatcherThread [stack: 0x00007f2e70318000,0x00007f2e70419000] [id=5683]

VM state:at safepoint (normal execution)

VM Mutex/Monitor currently owned by a thread:  ([mutex/lock_event])
[0x00007f2e80005f00] ExpandHeap_lock - owner thread: 0x00007f2e80078000
[0x00007f2e80006580] Threads_lock - owner thread: 0x00007f2e80078000
[0x00007f2e80006a80] Heap_lock - owner thread: 0x00007f2e80184000

Heap:
 PSYoungGen      total 229888K, used 17607K [0x00000000eab00000, 0x0000000100000000, 0x0000000100000000)
  eden space 176128K, 0% used [0x00000000eab00000,0x00000000eab00000,0x00000000f5700000)
  from space 53760K, 32% used [0x00000000f5700000,0x00000000f6831ee8,0x00000000f8b80000)
  to   space 88064K, 0% used [0x00000000faa00000,0x00000000faa00000,0x0000000100000000)
 ParOldGen       total 271360K, used 270948K [0x00000000c0000000, 0x00000000d0900000, 0x00000000eab00000)
  object space 271360K, 99% used [0x00000000c0000000,0x00000000d0899038,0x00000000d0900000)
 Metaspace       used 6596K, capacity 7320K, committed 7680K, reserved 1056768K
  class space    used 615K, capacity 656K, committed 768K, reserved 1048576K

Card table byte_map: [0x00007f2e864c7000,0x00007f2e866c8000] byte_map_base: 0x00007f2e85ec7000

Marking Bits: (ParMarkBitMap*) 0x00007f2e88de9120
 Begin Bits: [0x00007f2e6a000000, 0x00007f2e6b000000)
 End Bits:   [0x00007f2e6b000000, 0x00007f2e6c000000)

Polling page: 0x00007f2e89a33000

CodeCache: size=245760Kb used=11238Kb max_used=11255Kb free=234521Kb
 bounds [0x00007f2e71000000, 0x00007f2e71b10000, 0x00007f2e80000000]
 total_blobs=2765 nmethods=2496 adapters=182
 compilation: enabled

Compilation events (10 events):
Event: 12.817 Thread 0x00007f2e800bd800 2770       2       com.android.dx.rop.cst.CstLong::make (9 bytes)
Event: 12.818 Thread 0x00007f2e800bd800 nmethod 2770 0x00007f2e71abbe50 code [0x00007f2e71abbfa0, 0x00007f2e71abc130]
Event: 12.818 Thread 0x00007f2e800bd800 2771       2       com.android.dx.rop.cst.CstLong::<init> (6 bytes)
Event: 12.818 Thread 0x00007f2e800bd800 nmethod 2771 0x00007f2e71ad4810 code [0x00007f2e71ad4960, 0x00007f2e71ad4ab0]
Event: 12.834 Thread 0x00007f2e800bd800 2772       3       com.android.dx.dex.file.ValueEncoder::addContents (75 bytes)
Event: 12.835 Thread 0x00007f2e800bd800 nmethod 2772 0x00007f2e71ae6e10 code [0x00007f2e71ae7000, 0x00007f2e71ae7bf8]
Event: 12.860 Thread 0x00007f2e800b9000 nmethod 2653 0x00007f2e71b00250 code [0x00007f2e71b00620, 0x00007f2e71b03ea8]
Event: 12.862 Thread 0x00007f2e800b9000 2675       4       com.android.dx.ssa.PhiTypeResolver::run (179 bytes)
Event: 12.869 Thread 0x00007f2e800bd800 2773       3       com.android.dx.ssa.back.FirstFitLocalCombiningAllocator::handleNormalUnassociated (99 bytes)
Event: 12.871 Thread 0x00007f2e800bd800 nmethod 2773 0x00007f2e71af3690 code [0x00007f2e71af3960, 0x00007f2e71af4cf8]

GC Heap History (10 events):
Event: 10.455 GC heap after
Heap after GC invocations=13 (full 2):
 PSYoungGen      total 266240K, used 23900K [0x00000000eab00000, 0x0000000100000000, 0x0000000100000000)
  eden space 183296K, 0% used [0x00000000eab00000,0x00000000eab00000,0x00000000f5e00000)
  from space 82944K, 28% used [0x00000000f5e00000,0x00000000f7557020,0x00000000faf00000)
  to   space 82944K, 0% used [0x00000000faf00000,0x00000000faf00000,0x0000000100000000)
 ParOldGen       total 271360K, used 160731K [0x00000000c0000000, 0x00000000d0900000, 0x00000000eab00000)
  object space 271360K, 59% used [0x00000000c0000000,0x00000000c9cf6ce8,0x00000000d0900000)
 Metaspace       used 6567K, capacity 7320K, committed 7680K, reserved 1056768K
  class space    used 615K, capacity 656K, committed 768K, reserved 1048576K
}
Event: 11.039 GC heap before
{Heap before GC invocations=14 (full 2):
 PSYoungGen      total 266240K, used 207196K [0x00000000eab00000, 0x0000000100000000, 0x0000000100000000)
  eden space 183296K, 100% used [0x00000000eab00000,0x00000000f5e00000,0x00000000f5e00000)
  from space 82944K, 28% used [0x00000000f5e00000,0x00000000f7557020,0x00000000faf00000)
  to   space 82944K, 0% used [0x00000000faf00000,0x00000000faf00000,0x0000000100000000)
 ParOldGen       total 271360K, used 160731K [0x00000000c0000000, 0x00000000d0900000, 0x00000000eab00000)
  object space 271360K, 59% used [0x00000000c0000000,0x00000000c9cf6ce8,0x00000000d0900000)
 Metaspace       used 6581K, capacity 7320K, committed 7680K, reserved 1056768K
  class space    used 615K, capacity 656K, committed 768K, reserved 1048576K
Event: 11.246 GC heap after
Heap after GC invocations=14 (full 2):
 PSYoungGen      total 264192K, used 43566K [0x00000000eab00000, 0x00000000ffe00000, 0x0000000100000000)
  eden space 183296K, 0% used [0x00000000eab00000,0x00000000eab00000,0x00000000f5e00000)
  from space 80896K, 53% used [0x00000000faf00000,0x00000000fd98ba88,0x00000000ffe00000)
  to   space 81920K, 0% used [0x00000000f5e00000,0x00000000f5e00000,0x00000000fae00000)
 ParOldGen       total 271360K, used 167589K [0x00000000c0000000, 0x00000000d0900000, 0x00000000eab00000)
  object space 271360K, 61% used [0x00000000c0000000,0x00000000ca3a9768,0x00000000d0900000)
 Metaspace       used 6581K, capacity 7320K, committed 7680K, reserved 1056768K
  class space    used 615K, capacity 656K, committed 768K, reserved 1048576K
}
Event: 11.741 GC heap before
{Heap before GC invocations=15 (full 2):
 PSYoungGen      total 264192K, used 226862K [0x00000000eab00000, 0x00000000ffe00000, 0x0000000100000000)
  eden space 183296K, 100% used [0x00000000eab00000,0x00000000f5e00000,0x00000000f5e00000)
  from space 80896K, 53% used [0x00000000faf00000,0x00000000fd98ba88,0x00000000ffe00000)
  to   space 81920K, 0% used [0x00000000f5e00000,0x00000000f5e00000,0x00000000fae00000)
 ParOldGen       total 271360K, used 167589K [0x00000000c0000000, 0x00000000d0900000, 0x00000000eab00000)
  object space 271360K, 61% used [0x00000000c0000000,0x00000000ca3a9768,0x00000000d0900000)
 Metaspace       used 6584K, capacity 7320K, committed 7680K, reserved 1056768K
  class space    used 615K, capacity 656K, committed 768K, reserved 1048576K
Event: 11.829 GC heap after
Heap after GC invocations=15 (full 2):
 PSYoungGen      total 237056K, used 53742K [0x00000000eab00000, 0x0000000100000000, 0x0000000100000000)
  eden space 183296K, 0% used [0x00000000eab00000,0x00000000eab00000,0x00000000f5e00000)
  from space 53760K, 99% used [0x00000000f5e00000,0x00000000f927bae8,0x00000000f9280000)
  to   space 84992K, 0% used [0x00000000fad00000,0x00000000fad00000,0x0000000100000000)
 ParOldGen       total 271360K, used 183480K [0x00000000c0000000, 0x00000000d0900000, 0x00000000eab00000)
  object space 271360K, 67% used [0x00000000c0000000,0x00000000cb32e390,0x00000000d0900000)
 Metaspace       used 6584K, capacity 7320K, committed 7680K, reserved 1056768K
  class space    used 615K, capacity 656K, committed 768K, reserved 1048576K
}
Event: 12.290 GC heap before
{Heap before GC invocations=16 (full 2):
 PSYoungGen      total 237056K, used 237038K [0x00000000eab00000, 0x0000000100000000, 0x0000000100000000)
  eden space 183296K, 100% used [0x00000000eab00000,0x00000000f5e00000,0x00000000f5e00000)
  from space 53760K, 99% used [0x00000000f5e00000,0x00000000f927bae8,0x00000000f9280000)
  to   space 84992K, 0% used [0x00000000fad00000,0x00000000fad00000,0x0000000100000000)
 ParOldGen       total 271360K, used 183480K [0x00000000c0000000, 0x00000000d0900000, 0x00000000eab00000)
  object space 271360K, 67% used [0x00000000c0000000,0x00000000cb32e390,0x00000000d0900000)
 Metaspace       used 6596K, capacity 7320K, committed 7680K, reserved 1056768K
  class space    used 615K, capacity 656K, committed 768K, reserved 1048576K
Event: 12.428 GC heap after
Heap after GC invocations=16 (full 2):
 PSYoungGen      total 261120K, used 53907K [0x00000000eab00000, 0x0000000100000000, 0x0000000100000000)
  eden space 176128K, 0% used [0x00000000eab00000,0x00000000eab00000,0x00000000f5700000)
  from space 84992K, 63% used [0x00000000fad00000,0x00000000fe1a4e10,0x0000000100000000)
  to   space 86528K, 0% used [0x00000000f5700000,0x00000000f5700000,0x00000000fab80000)
 ParOldGen       total 271360K, used 209655K [0x00000000c0000000, 0x00000000d0900000, 0x00000000eab00000)
  object space 271360K, 77% used [0x00000000c0000000,0x00000000cccbde20,0x00000000d0900000)
 Metaspace       used 6596K, capacity 7320K, committed 7680K, reserved 1056768K
  class space    used 615K, capacity 656K, committed 768K, reserved 1048576K
}
Event: 12.892 GC heap before
{Heap before GC invocations=17 (full 2):
 PSYoungGen      total 261120K, used 230035K [0x00000000eab00000, 0x0000000100000000, 0x0000000100000000)
  eden space 176128K, 100% used [0x00000000eab00000,0x00000000f5700000,0x00000000f5700000)
  from space 84992K, 63% used [0x00000000fad00000,0x00000000fe1a4e10,0x0000000100000000)
  to   space 86528K, 0% used [0x00000000f5700000,0x00000000f5700000,0x00000000fab80000)
 ParOldGen       total 271360K, used 209655K [0x00000000c0000000, 0x00000000d0900000, 0x00000000eab00000)
  object space 271360K, 77% used [0x00000000c0000000,0x00000000cccbde20,0x00000000d0900000)
 Metaspace       used 6596K, capacity 7320K, committed 7680K, reserved 1056768K
  class space    used 615K, capacity 656K, committed 768K, reserved 1048576K
Event: 13.047 GC heap after
Heap after GC invocations=17 (full 2):
 PSYoungGen      total 229888K, used 53626K [0x00000000eab00000, 0x0000000100000000, 0x0000000100000000)
  eden space 176128K, 0% used [0x00000000eab00000,0x00000000eab00000,0x00000000f5700000)
  from space 53760K, 99% used [0x00000000f5700000,0x00000000f8b5ebf8,0x00000000f8b80000)
  to   space 88064K, 0% used [0x00000000faa00000,0x00000000faa00000,0x0000000100000000)
 ParOldGen       total 271360K, used 236254K [0x00000000c0000000, 0x00000000d0900000, 0x00000000eab00000)
  object space 271360K, 87% used [0x00000000c0000000,0x00000000ce6b7850,0x00000000d0900000)
 Metaspace       used 6596K, capacity 7320K, committed 7680K, reserved 1056768K
  class space    used 615K, capacity 656K, committed 768K, reserved 1048576K
}
Event: 13.047 GC heap before
{Heap before GC invocations=18 (full 3):
 PSYoungGen      total 229888K, used 53626K [0x00000000eab00000, 0x0000000100000000, 0x0000000100000000)
  eden space 176128K, 0% used [0x00000000eab00000,0x00000000eab00000,0x00000000f5700000)
  from space 53760K, 99% used [0x00000000f5700000,0x00000000f8b5ebf8,0x00000000f8b80000)
  to   space 88064K, 0% used [0x00000000faa00000,0x00000000faa00000,0x0000000100000000)
 ParOldGen       total 271360K, used 236254K [0x00000000c0000000, 0x00000000d0900000, 0x00000000eab00000)
  object space 271360K, 87% used [0x00000000c0000000,0x00000000ce6b7850,0x00000000d0900000)
 Metaspace       used 6596K, capacity 7320K, committed 7680K, reserved 1056768K
  class space    used 615K, capacity 656K, committed 768K, reserved 1048576K

Deoptimization events (10 events):
Event: 7.326 Thread 0x00007f2e80184000 Uncommon trap: reason=bimorphic action=maybe_recompile pc=0x00007f2e7170c3b0 method=com.android.dx.rop.code.RegisterSpec.withSimpleType()Lcom/android/dx/rop/code/RegisterSpec; @ 21
Event: 7.345 Thread 0x00007f2e8000a000 Uncommon trap: reason=unstable_if action=reinterpret pc=0x00007f2e71986404 method=com.android.dx.cf.code.BaseMachine.getLocalTarget(Z)Lcom/android/dx/rop/code/RegisterSpec; @ 131
Event: 8.190 Thread 0x00007f2e80184000 Uncommon trap: reason=unstable_if action=reinterpret pc=0x00007f2e7157471c method=com.android.dx.ssa.SCCP.simulateStmt(Lcom/android/dx/ssa/SsaInsn;)V @ 435
Event: 9.137 Thread 0x00007f2e80184000 Uncommon trap: reason=unstable_if action=reinterpret pc=0x00007f2e714fcc04 method=java.util.HashMap.getNode(ILjava/lang/Object;)Ljava/util/HashMap$Node; @ 84
Event: 9.445 Thread 0x00007f2e8000a000 Uncommon trap: reason=unstable_if action=reinterpret pc=0x00007f2e719b4cbc method=com.android.dx.ssa.SsaMethod.getExitBlock()Lcom/android/dx/ssa/SsaBasicBlock; @ 4
Event: 9.445 Thread 0x00007f2e8000a000 Uncommon trap: reason=unstable_if action=reinterpret pc=0x00007f2e712fc098 method=com.android.dx.ssa.SsaMethod.getExitBlock()Lcom/android/dx/ssa/SsaBasicBlock; @ 4
Event: 10.667 Thread 0x00007f2e80184000 Uncommon trap: reason=unstable_if action=reinterpret pc=0x00007f2e71a0e418 method=com.android.dx.rop.code.LocalVariableExtractor.processBlock(I)V @ 208
Event: 11.646 Thread 0x00007f2e80184000 Uncommon trap: reason=unstable_if action=reinterpret pc=0x00007f2e71a55338 method=com.android.dx.cf.code.ExecutionStack.push(Lcom/android/dx/rop/type/TypeBearer;)V @ 58
Event: 12.488 Thread 0x00007f2e80181000 Uncommon trap: reason=unstable_if action=reinterpret pc=0x00007f2e71add834 method=com.android.dx.ssa.SsaMethod.blockIndexToRopLabel(I)I @ 1
Event: 12.862 Thread 0x00007f2e80186000 Uncommon trap: reason=unstable_if action=reinterpret pc=0x00007f2e71b0103c method=com.android.dx.ssa.back.FirstFitLocalCombiningAllocator.getAlignment(I)Lcom/android/dx/ssa/back/FirstFitLocalCombiningAllocator$Alignment; @ 6

Internal exceptions (6 events):
Event: 0.022 Thread 0x00007f2e8000a000 Exception <a 'java/lang/NoSuchMethodError': Method sun.misc.Unsafe.defineClass(Ljava/lang/String;[BII)Ljava/lang/Class; name or signature does not match> (0x00000000eab07cc0) thrown at [/HUDSON3/workspace/8-2-build-linux-amd64/jdk8u101/7261/hotspot/src/sh
Event: 0.022 Thread 0x00007f2e8000a000 Exception <a 'java/lang/NoSuchMethodError': Method sun.misc.Unsafe.prefetchRead(Ljava/lang/Object;J)V name or signature does not match> (0x00000000eab07fa8) thrown at [/HUDSON3/workspace/8-2-build-linux-amd64/jdk8u101/7261/hotspot/src/share/vm/prims/jni.c
Event: 1.321 Thread 0x00007f2e80181000 Implicit null exception at 0x00007f2e71356349 to 0x00007f2e713592c1
Event: 1.797 Thread 0x00007f2e80187800 Exception <a 'java/lang/ArrayIndexOutOfBoundsException': 18> (0x00000000f062cfc8) thrown at [/HUDSON3/workspace/8-2-build-linux-amd64/jdk8u101/7261/hotspot/src/share/vm/interpreter/interpreterRuntime.cpp, line 366]
Event: 1.798 Thread 0x00007f2e80187800 Exception <a 'java/lang/ArrayIndexOutOfBoundsException': 145> (0x00000000f062eb48) thrown at [/HUDSON3/workspace/8-2-build-linux-amd64/jdk8u101/7261/hotspot/src/share/vm/interpreter/interpreterRuntime.cpp, line 366]
Event: 1.800 Thread 0x00007f2e80187800 Exception <a 'java/lang/ArrayIndexOutOfBoundsException'> (0x00000000f062fe30) thrown at [/HUDSON3/workspace/8-2-build-linux-amd64/jdk8u101/7261/hotspot/src/share/vm/runtime/sharedRuntime.cpp, line 605]

Events (10 events):
Event: 12.746 Thread 0x00007f2e80186000 DEOPT PACKING pc=0x00007f2e7158ba91 sp=0x00007f2e69efceb0
Event: 12.746 Thread 0x00007f2e80186000 DEOPT UNPACKING pc=0x00007f2e71047633 sp=0x00007f2e69efcd10 mode 0
Event: 12.753 Thread 0x00007f2e80186000 DEOPT PACKING pc=0x00007f2e71591509 sp=0x00007f2e69efd050
Event: 12.753 Thread 0x00007f2e80186000 DEOPT UNPACKING pc=0x00007f2e71047633 sp=0x00007f2e69efce00 mode 0
Event: 12.793 Thread 0x00007f2e8000a000 DEOPT PACKING pc=0x00007f2e7158ba91 sp=0x00007f2e89a14640
Event: 12.793 Thread 0x00007f2e8000a000 DEOPT UNPACKING pc=0x00007f2e71047633 sp=0x00007f2e89a144a0 mode 0
Event: 12.862 Thread 0x00007f2e80186000 Uncommon trap: trap_request=0xffffff65 fr.pc=0x00007f2e71b0103c
Event: 12.862 Thread 0x00007f2e80186000 DEOPT PACKING pc=0x00007f2e71b0103c sp=0x00007f2e69efcfd0
Event: 12.862 Thread 0x00007f2e80186000 DEOPT UNPACKING pc=0x00007f2e71005229 sp=0x00007f2e69efcf18 mode 2
Event: 12.891 Executing VM operation: ParallelGCFailedAllocation


Dynamic libraries:
00400000-00401000 r-xp 00000000 08:0a 13514073                           /usr/lib/jvm/java-8-oracle/bin/java
00600000-00601000 rw-p 00000000 08:0a 13514073                           /usr/lib/jvm/java-8-oracle/bin/java
025c8000-025e9000 rw-p 00000000 00:00 0                                  [heap]
c0000000-d0900000 rw-p 00000000 00:00 0 
d8f00000-eab00000 ---p 00000000 00:00 0 
eab00000-100000000 rw-p 00000000 00:00 0 
100000000-1000c0000 rw-p 00000000 00:00 0 
1000c0000-140000000 ---p 00000000 00:00 0 
7f2e1c000000-7f2e1c021000 rw-p 00000000 00:00 0 
7f2e1c021000-7f2e20000000 ---p 00000000 00:00 0 
7f2e24000000-7f2e2402a000 rw-p 00000000 00:00 0 
7f2e2402a000-7f2e28000000 ---p 00000000 00:00 0 
7f2e28000000-7f2e28026000 rw-p 00000000 00:00 0 
7f2e28026000-7f2e2c000000 ---p 00000000 00:00 0 
7f2e2c000000-7f2e2c02c000 rw-p 00000000 00:00 0 
7f2e2c02c000-7f2e30000000 ---p 00000000 00:00 0 
7f2e30000000-7f2e30021000 rw-p 00000000 00:00 0 
7f2e30021000-7f2e34000000 ---p 00000000 00:00 0 
7f2e34000000-7f2e34021000 rw-p 00000000 00:00 0 
7f2e34021000-7f2e38000000 ---p 00000000 00:00 0 
7f2e38000000-7f2e38021000 rw-p 00000000 00:00 0 
7f2e38021000-7f2e3c000000 ---p 00000000 00:00 0 
7f2e3c000000-7f2e3ce81000 rw-p 00000000 00:00 0 
7f2e3ce81000-7f2e40000000 ---p 00000000 00:00 0 
7f2e40000000-7f2e409c8000 rw-p 00000000 00:00 0 
7f2e409c8000-7f2e44000000 ---p 00000000 00:00 0 
7f2e44000000-7f2e44021000 rw-p 00000000 00:00 0 
7f2e44021000-7f2e48000000 ---p 00000000 00:00 0 
7f2e48000000-7f2e48f63000 rw-p 00000000 00:00 0 
7f2e48f63000-7f2e4c000000 ---p 00000000 00:00 0 
7f2e4c000000-7f2e4c021000 rw-p 00000000 00:00 0 
7f2e4c021000-7f2e50000000 ---p 00000000 00:00 0 
7f2e50000000-7f2e50021000 rw-p 00000000 00:00 0 
7f2e50021000-7f2e54000000 ---p 00000000 00:00 0 
7f2e54000000-7f2e54021000 rw-p 00000000 00:00 0 
7f2e54021000-7f2e58000000 ---p 00000000 00:00 0 
7f2e58000000-7f2e5828e000 rw-p 00000000 00:00 0 
7f2e5828e000-7f2e5c000000 ---p 00000000 00:00 0 
7f2e5c000000-7f2e5c021000 rw-p 00000000 00:00 0 
7f2e5c021000-7f2e60000000 ---p 00000000 00:00 0 
7f2e64000000-7f2e64021000 rw-p 00000000 00:00 0 
7f2e64021000-7f2e68000000 ---p 00000000 00:00 0 
7f2e69cfd000-7f2e69d00000 ---p 00000000 00:00 0 
7f2e69d00000-7f2e69dfe000 rw-p 00000000 00:00 0                          [stack:5688]
7f2e69dfe000-7f2e69e01000 ---p 00000000 00:00 0 
7f2e69e01000-7f2e69eff000 rw-p 00000000 00:00 0                          [stack:5687]
7f2e69eff000-7f2e69f02000 ---p 00000000 00:00 0 
7f2e69f02000-7f2e6c000000 rw-p 00000000 00:00 0                          [stack:5686]
7f2e6c000000-7f2e6c021000 rw-p 00000000 00:00 0 
7f2e6c021000-7f2e70000000 ---p 00000000 00:00 0 
7f2e7002d000-7f2e70030000 ---p 00000000 00:00 0 
7f2e70030000-7f2e7012e000 rw-p 00000000 00:00 0                          [stack:5685]
7f2e7012e000-7f2e70131000 ---p 00000000 00:00 0 
7f2e70131000-7f2e7022f000 rw-p 00000000 00:00 0                          [stack:5684]
7f2e7022f000-7f2e70318000 r--s 008e3000 08:0a 17440520                   /home/jagruti/workspace/SJSUMap/SJSUMap/app/build/intermediates/transforms/jarMerging/debug/jars/1/1f/combined.jar
7f2e70318000-7f2e70319000 ---p 00000000 00:00 0 
7f2e70319000-7f2e70419000 rw-p 00000000 00:00 0                          [stack:5683]
7f2e70419000-7f2e7041c000 ---p 00000000 00:00 0 
7f2e7041c000-7f2e7051a000 rw-p 00000000 00:00 0                          [stack:5682]
7f2e7051a000-7f2e7051d000 ---p 00000000 00:00 0 
7f2e7051d000-7f2e7061b000 rw-p 00000000 00:00 0                          [stack:5681]
7f2e7061b000-7f2e7061e000 ---p 00000000 00:00 0 
7f2e7061e000-7f2e7071c000 rw-p 00000000 00:00 0                          [stack:5680]
7f2e7071c000-7f2e7071f000 ---p 00000000 00:00 0 
7f2e7071f000-7f2e7081d000 rw-p 00000000 00:00 0                          [stack:5679]
7f2e7081d000-7f2e70820000 ---p 00000000 00:00 0 
7f2e70820000-7f2e7091e000 rw-p 00000000 00:00 0                          [stack:5678]
7f2e7091e000-7f2e71000000 r--p 00000000 08:0a 13507173                   /usr/lib/locale/locale-archive
7f2e71000000-7f2e71b10000 rwxp 00000000 00:00 0 
7f2e71b10000-7f2e80000000 ---p 00000000 00:00 0 
7f2e80000000-7f2e803a8000 rw-p 00000000 00:00 0 
7f2e803a8000-7f2e84000000 ---p 00000000 00:00 0 
7f2e8405a000-7f2e8405d000 ---p 00000000 00:00 0 
7f2e8405d000-7f2e8415b000 rw-p 00000000 00:00 0                          [stack:5677]
7f2e8415b000-7f2e8415e000 ---p 00000000 00:00 0 
7f2e8415e000-7f2e8425c000 rw-p 00000000 00:00 0                          [stack:5676]
7f2e8425c000-7f2e8425d000 ---p 00000000 00:00 0 
7f2e8425d000-7f2e8531e000 rw-p 00000000 00:00 0                          [stack:5675]
7f2e8531e000-7f2e854f7000 r--s 03d29000 08:0a 13516298                   /usr/lib/jvm/java-8-oracle/jre/lib/rt.jar
7f2e854f7000-7f2e85c2d000 rw-p 00000000 00:00 0 
7f2e85c2d000-7f2e85d6d000 ---p 00000000 00:00 0 
7f2e85d6d000-7f2e85f6d000 rw-p 00000000 00:00 0 
7f2e85f6d000-7f2e85f6e000 ---p 00000000 00:00 0 
7f2e85f6e000-7f2e8606e000 rw-p 00000000 00:00 0                          [stack:5674]
7f2e8606e000-7f2e8606f000 ---p 00000000 00:00 0 
7f2e8606f000-7f2e8616f000 rw-p 00000000 00:00 0                          [stack:5673]
7f2e8616f000-7f2e86170000 ---p 00000000 00:00 0 
7f2e86170000-7f2e86270000 rw-p 00000000 00:00 0                          [stack:5672]
7f2e86270000-7f2e86271000 ---p 00000000 00:00 0 
7f2e86271000-7f2e863f6000 rw-p 00000000 00:00 0                          [stack:5671]
7f2e863f6000-7f2e864c7000 ---p 00000000 00:00 0 
7f2e864c7000-7f2e8654c000 rw-p 00000000 00:00 0 
7f2e8654c000-7f2e8661c000 ---p 00000000 00:00 0 
7f2e8661c000-7f2e866c7000 rw-p 00000000 00:00 0 
7f2e866c7000-7f2e866f5000 rw-p 00000000 00:00 0 
7f2e866f5000-7f2e86a88000 ---p 00000000 00:00 0 
7f2e86a88000-7f2e86aa2000 r-xp 00000000 08:0a 13638161                   /usr/lib/jvm/java-8-oracle/jre/lib/amd64/libzip.so
7f2e86aa2000-7f2e86ca2000 ---p 0001a000 08:0a 13638161                   /usr/lib/jvm/java-8-oracle/jre/lib/amd64/libzip.so
7f2e86ca2000-7f2e86ca3000 rw-p 0001a000 08:0a 13638161                   /usr/lib/jvm/java-8-oracle/jre/lib/amd64/libzip.so
7f2e86ca3000-7f2e86cae000 r-xp 00000000 08:0a 11272378                   /lib/x86_64-linux-gnu/libnss_files-2.19.so
7f2e86cae000-7f2e86ead000 ---p 0000b000 08:0a 11272378                   /lib/x86_64-linux-gnu/libnss_files-2.19.so
7f2e86ead000-7f2e86eae000 r--p 0000a000 08:0a 11272378                   /lib/x86_64-linux-gnu/libnss_files-2.19.so
7f2e86eae000-7f2e86eaf000 rw-p 0000b000 08:0a 11272378                   /lib/x86_64-linux-gnu/libnss_files-2.19.so
7f2e86eaf000-7f2e86eba000 r-xp 00000000 08:0a 11272385                   /lib/x86_64-linux-gnu/libnss_nis-2.19.so
7f2e86eba000-7f2e870b9000 ---p 0000b000 08:0a 11272385                   /lib/x86_64-linux-gnu/libnss_nis-2.19.so
7f2e870b9000-7f2e870ba000 r--p 0000a000 08:0a 11272385                   /lib/x86_64-linux-gnu/libnss_nis-2.19.so
7f2e870ba000-7f2e870bb000 rw-p 0000b000 08:0a 11272385                   /lib/x86_64-linux-gnu/libnss_nis-2.19.so
7f2e870bb000-7f2e870d2000 r-xp 00000000 08:0a 11272382                   /lib/x86_64-linux-gnu/libnsl-2.19.so
7f2e870d2000-7f2e872d1000 ---p 00017000 08:0a 11272382                   /lib/x86_64-linux-gnu/libnsl-2.19.so
7f2e872d1000-7f2e872d2000 r--p 00016000 08:0a 11272382                   /lib/x86_64-linux-gnu/libnsl-2.19.so
7f2e872d2000-7f2e872d3000 rw-p 00017000 08:0a 11272382                   /lib/x86_64-linux-gnu/libnsl-2.19.so
7f2e872d3000-7f2e872d5000 rw-p 00000000 00:00 0 
7f2e872d5000-7f2e872de000 r-xp 00000000 08:0a 11272386                   /lib/x86_64-linux-gnu/libnss_compat-2.19.so
7f2e872de000-7f2e874dd000 ---p 00009000 08:0a 11272386                   /lib/x86_64-linux-gnu/libnss_compat-2.19.so
7f2e874dd000-7f2e874de000 r--p 00008000 08:0a 11272386                   /lib/x86_64-linux-gnu/libnss_compat-2.19.so
7f2e874de000-7f2e874df000 rw-p 00009000 08:0a 11272386                   /lib/x86_64-linux-gnu/libnss_compat-2.19.so
7f2e874df000-7f2e87509000 r-xp 00000000 08:0a 13638120                   /usr/lib/jvm/java-8-oracle/jre/lib/amd64/libjava.so
7f2e87509000-7f2e87709000 ---p 0002a000 08:0a 13638120                   /usr/lib/jvm/java-8-oracle/jre/lib/amd64/libjava.so
7f2e87709000-7f2e8770b000 rw-p 0002a000 08:0a 13638120                   /usr/lib/jvm/java-8-oracle/jre/lib/amd64/libjava.so
7f2e8770b000-7f2e87718000 r-xp 00000000 08:0a 13638146                   /usr/lib/jvm/java-8-oracle/jre/lib/amd64/libverify.so
7f2e87718000-7f2e87918000 ---p 0000d000 08:0a 13638146                   /usr/lib/jvm/java-8-oracle/jre/lib/amd64/libverify.so
7f2e87918000-7f2e8791a000 rw-p 0000d000 08:0a 13638146                   /usr/lib/jvm/java-8-oracle/jre/lib/amd64/libverify.so
7f2e8791a000-7f2e87921000 r-xp 00000000 08:0a 11272393                   /lib/x86_64-linux-gnu/librt-2.19.so
7f2e87921000-7f2e87b20000 ---p 00007000 08:0a 11272393                   /lib/x86_64-linux-gnu/librt-2.19.so
7f2e87b20000-7f2e87b21000 r--p 00006000 08:0a 11272393                   /lib/x86_64-linux-gnu/librt-2.19.so
7f2e87b21000-7f2e87b22000 rw-p 00007000 08:0a 11272393                   /lib/x86_64-linux-gnu/librt-2.19.so
7f2e87b22000-7f2e87c27000 r-xp 00000000 08:0a 11272379                   /lib/x86_64-linux-gnu/libm-2.19.so
7f2e87c27000-7f2e87e26000 ---p 00105000 08:0a 11272379                   /lib/x86_64-linux-gnu/libm-2.19.so
7f2e87e26000-7f2e87e27000 r--p 00104000 08:0a 11272379                   /lib/x86_64-linux-gnu/libm-2.19.so
7f2e87e27000-7f2e87e28000 rw-p 00105000 08:0a 11272379                   /lib/x86_64-linux-gnu/libm-2.19.so
7f2e87e28000-7f2e88af3000 r-xp 00000000 08:0a 13642260                   /usr/lib/jvm/java-8-oracle/jre/lib/amd64/server/libjvm.so
7f2e88af3000-7f2e88cf2000 ---p 00ccb000 08:0a 13642260                   /usr/lib/jvm/java-8-oracle/jre/lib/amd64/server/libjvm.so
7f2e88cf2000-7f2e88dcb000 rw-p 00cca000 08:0a 13642260                   /usr/lib/jvm/java-8-oracle/jre/lib/amd64/server/libjvm.so
7f2e88dcb000-7f2e88e16000 rw-p 00000000 00:00 0 
7f2e88e16000-7f2e88fd2000 r-xp 00000000 08:0a 11272376                   /lib/x86_64-linux-gnu/libc-2.19.so
7f2e88fd2000-7f2e891d1000 ---p 001bc000 08:0a 11272376                   /lib/x86_64-linux-gnu/libc-2.19.so
7f2e891d1000-7f2e891d5000 r--p 001bb000 08:0a 11272376                   /lib/x86_64-linux-gnu/libc-2.19.so
7f2e891d5000-7f2e891d7000 rw-p 001bf000 08:0a 11272376                   /lib/x86_64-linux-gnu/libc-2.19.so
7f2e891d7000-7f2e891dc000 rw-p 00000000 00:00 0 
7f2e891dc000-7f2e891df000 r-xp 00000000 08:0a 11272389                   /lib/x86_64-linux-gnu/libdl-2.19.so
7f2e891df000-7f2e893de000 ---p 00003000 08:0a 11272389                   /lib/x86_64-linux-gnu/libdl-2.19.so
7f2e893de000-7f2e893df000 r--p 00002000 08:0a 11272389                   /lib/x86_64-linux-gnu/libdl-2.19.so
7f2e893df000-7f2e893e0000 rw-p 00003000 08:0a 11272389                   /lib/x86_64-linux-gnu/libdl-2.19.so
7f2e893e0000-7f2e893f5000 r-xp 00000000 08:0a 13514760                   /usr/lib/jvm/java-8-oracle/lib/amd64/jli/libjli.so
7f2e893f5000-7f2e895f5000 ---p 00015000 08:0a 13514760                   /usr/lib/jvm/java-8-oracle/lib/amd64/jli/libjli.so
7f2e895f5000-7f2e895f6000 rw-p 00015000 08:0a 13514760                   /usr/lib/jvm/java-8-oracle/lib/amd64/jli/libjli.so
7f2e895f6000-7f2e8960f000 r-xp 00000000 08:0a 11272392                   /lib/x86_64-linux-gnu/libpthread-2.19.so
7f2e8960f000-7f2e8980e000 ---p 00019000 08:0a 11272392                   /lib/x86_64-linux-gnu/libpthread-2.19.so
7f2e8980e000-7f2e8980f000 r--p 00018000 08:0a 11272392                   /lib/x86_64-linux-gnu/libpthread-2.19.so
7f2e8980f000-7f2e89810000 rw-p 00019000 08:0a 11272392                   /lib/x86_64-linux-gnu/libpthread-2.19.so
7f2e89810000-7f2e89814000 rw-p 00000000 00:00 0 
7f2e89814000-7f2e89837000 r-xp 00000000 08:0a 11272375                   /lib/x86_64-linux-gnu/ld-2.19.so
7f2e8983d000-7f2e89916000 rw-p 00000000 00:00 0 
7f2e89916000-7f2e89919000 ---p 00000000 00:00 0 
7f2e89919000-7f2e89a1c000 rw-p 00000000 00:00 0                          [stack:5670]
7f2e89a1c000-7f2e89a2a000 r--s 000e0000 08:0a 14423934                   /home/jagruti/Android/Sdk/build-tools/24.0.2/lib/dx.jar
7f2e89a2a000-7f2e89a32000 rw-s 00000000 08:0a 6165200                    /tmp/hsperfdata_jagruti/5665
7f2e89a32000-7f2e89a33000 rw-p 00000000 00:00 0 
7f2e89a33000-7f2e89a34000 ---p 00000000 00:00 0 
7f2e89a34000-7f2e89a36000 rw-p 00000000 00:00 0 
7f2e89a36000-7f2e89a37000 r--p 00022000 08:0a 11272375                   /lib/x86_64-linux-gnu/ld-2.19.so
7f2e89a37000-7f2e89a38000 rw-p 00023000 08:0a 11272375                   /lib/x86_64-linux-gnu/ld-2.19.so
7f2e89a38000-7f2e89a39000 rw-p 00000000 00:00 0 
7ffc62c99000-7ffc62cbb000 rw-p 00000000 00:00 0                          [stack]
7ffc62d44000-7ffc62d46000 r--p 00000000 00:00 0                          [vvar]
7ffc62d46000-7ffc62d48000 r-xp 00000000 00:00 0                          [vdso]
ffffffffff600000-ffffffffff601000 r-xp 00000000 00:00 0                  [vsyscall]

VM Arguments:
jvm_args: -Djava.awt.headless=true -Xmx1024M -Dfile.encoding=UTF-8 -Duser.country=US -Duser.language=en -Duser.variant 
java_command: com.android.dx.command.Main --dex --num-threads=4 --multi-dex --main-dex-list /home/jagruti/workspace/SJSUMap/SJSUMap/app/build/intermediates/multi-dex/debug/maindexlist.txt --output /home/jagruti/workspace/SJSUMap/SJSUMap/app/build/intermediates/transforms/dex/debug/folders/1000/1f/main /home/jagruti/workspace/SJSUMap/SJSUMap/app/build/intermediates/transforms/jarMerging/debug/jars/1/1f/combined.jar
java_class_path (initial): /home/jagruti/Android/Sdk/build-tools/24.0.2/lib/dx.jar
Launcher Type: SUN_STANDARD

Environment Variables:
JAVA_HOME=/usr/lib/jvm/java-8-oracle
PATH=/usr/local/heroku/bin:/usr/lib/jvm/java-8-oracle/bin:/usr/lib/jvm/java-8-oracle/lib:/home/jagruti/workspace/paul281/AutoScaling-1.0.61.6/bin:/usr/bin/:/home/jagruti/workspace/paul281/AutoScaling-1.0.61.6/credential-file-path.template:/usr/local/src/scala/scala-2.10.4/bin:/home/jagruti/.sdkman/candidates/grails/current/bin:/usr/local/sbin:/usr/local/bin:/usr/sbin:/usr/bin:/sbin:/bin:/usr/games:/usr/local/games
LD_LIBRARY_PATH=.:/usr/lib/jvm/java-8-oracle/lib:/home/jagruti/workspace/paul281/AutoScaling-1.0.61.6/lib:
SHELL=/bin/bash
DISPLAY=:0

Signal Handlers:
SIGSEGV: [libjvm.so+0xac4790], sa_mask[0]=11111111011111111101111111111110, sa_flags=SA_RESTART|SA_SIGINFO
SIGBUS: [libjvm.so+0xac4790], sa_mask[0]=11111111011111111101111111111110, sa_flags=SA_RESTART|SA_SIGINFO
SIGFPE: [libjvm.so+0x91f140], sa_mask[0]=11111111011111111101111111111110, sa_flags=SA_RESTART|SA_SIGINFO
SIGPIPE: [libjvm.so+0x91f140], sa_mask[0]=11111111011111111101111111111110, sa_flags=SA_RESTART|SA_SIGINFO
SIGXFSZ: [libjvm.so+0x91f140], sa_mask[0]=11111111011111111101111111111110, sa_flags=SA_RESTART|SA_SIGINFO
SIGILL: [libjvm.so+0x91f140], sa_mask[0]=11111111011111111101111111111110, sa_flags=SA_RESTART|SA_SIGINFO
SIGUSR1: SIG_DFL, sa_mask[0]=00000000000000000000000000000000, sa_flags=none
SIGUSR2: [libjvm.so+0x920770], sa_mask[0]=00100000000000000000000000000000, sa_flags=SA_RESTART|SA_SIGINFO
SIGHUP: [libjvm.so+0x921b70], sa_mask[0]=11111111011111111101111111111110, sa_flags=SA_RESTART|SA_SIGINFO
SIGINT: [libjvm.so+0x921b70], sa_mask[0]=11111111011111111101111111111110, sa_flags=SA_RESTART|SA_SIGINFO
SIGTERM: [libjvm.so+0x921b70], sa_mask[0]=11111111011111111101111111111110, sa_flags=SA_RESTART|SA_SIGINFO
SIGQUIT: [libjvm.so+0x921b70], sa_mask[0]=11111111011111111101111111111110, sa_flags=SA_RESTART|SA_SIGINFO


---------------  S Y S T E M  ---------------

OS:DISTRIB_ID=Ubuntu
DISTRIB_RELEASE=14.04
DISTRIB_CODENAME=trusty
DISTRIB_DESCRIPTION="Ubuntu 14.04.3 LTS"

uname:Linux 3.19.0-30-generic #34~14.04.1-Ubuntu SMP Fri Oct 2 22:09:39 UTC 2015 x86_64
libc:glibc 2.19 NPTL 2.19 
rlimit: STACK 8192k, CORE 0k, NPROC 31132, NOFILE 4096, AS infinity
load average:5.85 4.00 3.51

/proc/meminfo:
MemTotal:        8065492 kB
MemFree:          128244 kB
MemAvailable:      96128 kB
Buffers:            1188 kB
Cached:          1625140 kB
SwapCached:            0 kB
Active:          6230192 kB
Inactive:        1485104 kB
Active(anon):    6205152 kB
Inactive(anon):  1451384 kB
Active(file):      25040 kB
Inactive(file):    33720 kB
Unevictable:          48 kB
Mlocked:              48 kB
SwapTotal:             0 kB
SwapFree:              0 kB
Dirty:             12084 kB
Writeback:             0 kB
AnonPages:       6089596 kB
Mapped:           710852 kB
Shmem:           1566988 kB
Slab:              87484 kB
SReclaimable:      45944 kB
SUnreclaim:        41540 kB
KernelStack:       15712 kB
PageTables:        61204 kB
NFS_Unstable:          0 kB
Bounce:                0 kB
WritebackTmp:          0 kB
CommitLimit:     4032744 kB
Committed_AS:   14757528 kB
VmallocTotal:   34359738367 kB
VmallocUsed:      559860 kB
VmallocChunk:   34359099544 kB
HardwareCorrupted:     0 kB
AnonHugePages:   2922496 kB
CmaTotal:              0 kB
CmaFree:               0 kB
HugePages_Total:       0
HugePages_Free:        0
HugePages_Rsvd:        0
HugePages_Surp:        0
Hugepagesize:       2048 kB
DirectMap4k:      131840 kB
DirectMap2M:     7098368 kB
DirectMap1G:     2097152 kB


CPU:total 4 (2 cores per cpu, 2 threads per core) family 6 model 69 stepping 1, cmov, cx8, fxsr, mmx, sse, sse2, sse3, ssse3, sse4.1, sse4.2, popcnt, avx, avx2, aes, clmul, erms, lzcnt, ht, tsc, tscinvbit, bmi1, bmi2

/proc/cpuinfo:
processor	: 0
vendor_id	: GenuineIntel
cpu family	: 6
model		: 69
model name	: Intel(R) Core(TM) i7-4510U CPU @ 2.00GHz
stepping	: 1
microcode	: 0x1c
cpu MHz		: 1895.054
cache size	: 4096 KB
physical id	: 0
siblings	: 4
core id		: 0
cpu cores	: 2
apicid		: 0
initial apicid	: 0
fpu		: yes
fpu_exception	: yes
cpuid level	: 13
wp		: yes
flags		: fpu vme de pse tsc msr pae mce cx8 apic sep mtrr pge mca cmov pat pse36 clflush dts acpi mmx fxsr sse sse2 ss ht tm pbe syscall nx pdpe1gb rdtscp lm constant_tsc arch_perfmon pebs bts rep_good nopl xtopology nonstop_tsc aperfmperf eagerfpu pni pclmulqdq dtes64 monitor ds_cpl vmx est tm2 ssse3 fma cx16 xtpr pdcm pcid sse4_1 sse4_2 movbe popcnt tsc_deadline_timer aes xsave avx f16c rdrand lahf_lm abm ida arat epb pln pts dtherm tpr_shadow vnmi flexpriority ept vpid fsgsbase tsc_adjust bmi1 avx2 smep bmi2 erms invpcid xsaveopt
bugs		:
bogomips	: 5188.29
clflush size	: 64
cache_alignment	: 64
address sizes	: 39 bits physical, 48 bits virtual
power management:

processor	: 1
vendor_id	: GenuineIntel
cpu family	: 6
model		: 69
model name	: Intel(R) Core(TM) i7-4510U CPU @ 2.00GHz
stepping	: 1
microcode	: 0x1c
cpu MHz		: 2049.023
cache size	: 4096 KB
physical id	: 0
siblings	: 4
core id		: 0
cpu cores	: 2
apicid		: 1
initial apicid	: 1
fpu		: yes
fpu_exception	: yes
cpuid level	: 13
wp		: yes
flags		: fpu vme de pse tsc msr pae mce cx8 apic sep mtrr pge mca cmov pat pse36 clflush dts acpi mmx fxsr sse sse2 ss ht tm pbe syscall nx pdpe1gb rdtscp lm constant_tsc arch_perfmon pebs bts rep_good nopl xtopology nonstop_tsc aperfmperf eagerfpu pni pclmulqdq dtes64 monitor ds_cpl vmx est tm2 ssse3 fma cx16 xtpr pdcm pcid sse4_1 sse4_2 movbe popcnt tsc_deadline_timer aes xsave avx f16c rdrand lahf_lm abm ida arat epb pln pts dtherm tpr_shadow vnmi flexpriority ept vpid fsgsbase tsc_adjust bmi1 avx2 smep bmi2 erms invpcid xsaveopt
bugs		:
bogomips	: 5188.29
clflush size	: 64
cache_alignment	: 64
address sizes	: 39 bits physical, 48 bits virtual
power management:

processor	: 2
vendor_id	: GenuineIntel
cpu family	: 6
model		: 69
model name	: Intel(R) Core(TM) i7-4510U CPU @ 2.00GHz
stepping	: 1
microcode	: 0x1c
cpu MHz		: 2044.046
cache size	: 4096 KB
physical id	: 0
siblings	: 4
core id		: 1
cpu cores	: 2
apicid		: 2
initial apicid	: 2
fpu		: yes
fpu_exception	: yes
cpuid level	: 13
wp		: yes
flags		: fpu vme de pse tsc msr pae mce cx8 apic sep mtrr pge mca cmov pat pse36 clflush dts acpi mmx fxsr sse sse2 ss ht tm pbe syscall nx pdpe1gb rdtscp lm constant_tsc arch_perfmon pebs bts rep_good nopl xtopology nonstop_tsc aperfmperf eagerfpu pni pclmulqdq dtes64 monitor ds_cpl vmx est tm2 ssse3 fma cx16 xtpr pdcm pcid sse4_1 sse4_2 movbe popcnt tsc_deadline_timer aes xsave avx f16c rdrand lahf_lm abm ida arat epb pln pts dtherm tpr_shadow vnmi flexpriority ept vpid fsgsbase tsc_adjust bmi1 avx2 smep bmi2 erms invpcid xsaveopt
bugs		:
bogomips	: 5188.29
clflush size	: 64
cache_alignment	: 64
address sizes	: 39 bits physical, 48 bits virtual
power management:

processor	: 3
vendor_id	: GenuineIntel
cpu family	: 6
model		: 69
model name	: Intel(R) Core(TM) i7-4510U CPU @ 2.00GHz
stepping	: 1
microcode	: 0x1c
cpu MHz		: 2108.945
cache size	: 4096 KB
physical id	: 0
siblings	: 4
core id		: 1
cpu cores	: 2
apicid		: 3
initial apicid	: 3
fpu		: yes
fpu_exception	: yes
cpuid level	: 13
wp		: yes
flags		: fpu vme de pse tsc msr pae mce cx8 apic sep mtrr pge mca cmov pat pse36 clflush dts acpi mmx fxsr sse sse2 ss ht tm pbe syscall nx pdpe1gb rdtscp lm constant_tsc arch_perfmon pebs bts rep_good nopl xtopology nonstop_tsc aperfmperf eagerfpu pni pclmulqdq dtes64 monitor ds_cpl vmx est tm2 ssse3 fma cx16 xtpr pdcm pcid sse4_1 sse4_2 movbe popcnt tsc_deadline_timer aes xsave avx f16c rdrand lahf_lm abm ida arat epb pln pts dtherm tpr_shadow vnmi flexpriority ept vpid fsgsbase tsc_adjust bmi1 avx2 smep bmi2 erms invpcid xsaveopt
bugs		:
bogomips	: 5188.29
clflush size	: 64
cache_alignment	: 64
address sizes	: 39 bits physical, 48 bits virtual
power management:



Memory: 4k page, physical 8065492k(128244k free), swap 0k(0k free)

vm_info: Java HotSpot(TM) 64-Bit Server VM (25.101-b13) for linux-amd64 JRE (1.8.0_101-b13), built on Jun 22 2016 02:59:44 by "java_re" with gcc 4.3.0 20080428 (Red Hat 4.3.0-8)

time: Thu Oct 27 12:59:13 2016
elapsed time: 22 seconds (0d 0h 0m 22s)

