#
# There is insufficient memory for the Java Runtime Environment to continue.
# Native memory allocation (mmap) failed to map 32505856 bytes for committing reserved memory.
# Possible reasons:
#   The system is out of physical RAM or swap space
#   In 32 bit mode, the process size limit was hit
# Possible solutions:
#   Reduce memory load on the system
#   Increase physical memory or swap space
#   Check if swap backing store is full
#   Use 64 bit Java on a 64 bit OS
#   Decrease Java heap size (-Xmx/-Xms)
#   Decrease number of Java threads
#   Decrease Java thread stack sizes (-Xss)
#   Set larger code cache with -XX:ReservedCodeCacheSize=
# This output file may be truncated or incomplete.
#
#  Out of Memory Error (os_linux.cpp:2627), pid=15275, tid=0x00007f61042a1700
#
# JRE version: Java(TM) SE Runtime Environment (8.0_101-b13) (build 1.8.0_101-b13)
# Java VM: Java HotSpot(TM) 64-Bit Server VM (25.101-b13 mixed mode linux-amd64 compressed oops)
# Failed to write core dump. Core dumps have been disabled. To enable core dumping, try "ulimit -c unlimited" before starting Java again
#

---------------  T H R E A D  ---------------

Current thread (0x00007f6118078000):  VMThread [stack: 0x00007f61041a1000,0x00007f61042a2000] [id=15284]

Stack: [0x00007f61041a1000,0x00007f61042a2000],  sp=0x00007f610429ff60,  free space=1019k
Native frames: (J=compiled Java code, j=interpreted, Vv=VM code, C=native code)
V  [libjvm.so+0xac3f0a]  VMError::report_and_die()+0x2ba
V  [libjvm.so+0x4fbf9b]  report_vm_out_of_memory(char const*, int, unsigned long, VMErrorType, char const*)+0x8b
V  [libjvm.so+0x9222d3]  os::Linux::commit_memory_impl(char*, unsigned long, bool)+0x103
V  [libjvm.so+0x922829]  os::pd_commit_memory(char*, unsigned long, unsigned long, bool)+0x29
V  [libjvm.so+0x91cb2a]  os::commit_memory(char*, unsigned long, unsigned long, bool)+0x2a
V  [libjvm.so+0x991053]  PSVirtualSpace::expand_by(unsigned long)+0x53
V  [libjvm.so+0x992458]  PSYoungGen::resize_generation(unsigned long, unsigned long)+0xf8
V  [libjvm.so+0x9915b2]  PSYoungGen::resize(unsigned long, unsigned long)+0x22
V  [libjvm.so+0x98e88b]  PSScavenge::invoke_no_policy()+0xf3b
V  [libjvm.so+0x98f011]  PSScavenge::invoke()+0x41
V  [libjvm.so+0x945fc0]  ParallelScavengeHeap::failed_mem_allocate(unsigned long)+0x70
V  [libjvm.so+0xac5927]  VM_ParallelGCFailedAllocation::doit()+0x97
V  [libjvm.so+0xacd405]  VM_Operation::evaluate()+0x55
V  [libjvm.so+0xacb7da]  VMThread::evaluate_operation(VM_Operation*)+0xba
V  [libjvm.so+0xacbb5e]  VMThread::loop()+0x1ce
V  [libjvm.so+0xacbfd0]  VMThread::run()+0x70
V  [libjvm.so+0x924698]  java_start(Thread*)+0x108

VM_Operation (0x00007f60ff012d80): ParallelGCFailedAllocation, mode: safepoint, requested by thread 0x00007f6118160000


---------------  P R O C E S S  ---------------

Java Threads: ( => current thread )
  0x00007f6118163000 JavaThread "pool-2-thread-4" [_thread_blocked, id=15298, stack(0x00007f60fed12000,0x00007f60fee13000)]
  0x00007f6118162000 JavaThread "pool-2-thread-3" [_thread_blocked, id=15297, stack(0x00007f60fee13000,0x00007f60fef14000)]
  0x00007f6118160000 JavaThread "pool-2-thread-2" [_thread_blocked, id=15296, stack(0x00007f60fef14000,0x00007f60ff015000)]
  0x00007f611815f000 JavaThread "pool-3-thread-1" [_thread_blocked, id=15295, stack(0x00007f60ff015000,0x00007f60ff116000)]
  0x00007f611815c800 JavaThread "pool-2-thread-1" [_thread_blocked, id=15294, stack(0x00007f60ff116000,0x00007f60ff217000)]
  0x00007f61180c0800 JavaThread "Service Thread" daemon [_thread_blocked, id=15291, stack(0x00007f60ff318000,0x00007f60ff419000)]
  0x00007f61180bd800 JavaThread "C1 CompilerThread2" daemon [_thread_blocked, id=15290, stack(0x00007f60ff419000,0x00007f60ff51a000)]
  0x00007f61180bc000 JavaThread "C2 CompilerThread1" daemon [_thread_blocked, id=15289, stack(0x00007f60ff51a000,0x00007f60ff61b000)]
  0x00007f61180b9000 JavaThread "C2 CompilerThread0" daemon [_thread_blocked, id=15288, stack(0x00007f60ff61b000,0x00007f60ff71c000)]
  0x00007f61180b7800 JavaThread "Signal Dispatcher" daemon [_thread_blocked, id=15287, stack(0x00007f60ff71c000,0x00007f60ff81d000)]
  0x00007f6118084000 JavaThread "Finalizer" daemon [_thread_blocked, id=15286, stack(0x00007f60ffeff000,0x00007f6100000000)]
  0x00007f611807f800 JavaThread "Reference Handler" daemon [_thread_blocked, id=15285, stack(0x00007f61040a0000,0x00007f61041a1000)]
  0x00007f611800a000 JavaThread "main" [_thread_blocked, id=15278, stack(0x00007f611e86f000,0x00007f611e970000)]

Other Threads:
=>0x00007f6118078000 VMThread [stack: 0x00007f61041a1000,0x00007f61042a2000] [id=15284]
  0x00007f61180c3800 WatcherThread [stack: 0x00007f60ff217000,0x00007f60ff318000] [id=15292]

VM state:at safepoint (normal execution)

VM Mutex/Monitor currently owned by a thread:  ([mutex/lock_event])
[0x00007f61180065a0] Threads_lock - owner thread: 0x00007f6118078000
[0x00007f6118006aa0] Heap_lock - owner thread: 0x00007f6118160000

Heap:
 PSYoungGen      total 36864K, used 5105K [0x00000000eab00000, 0x00000000ed400000, 0x0000000100000000)
  eden space 31744K, 0% used [0x00000000eab00000,0x00000000eab00000,0x00000000eca00000)
  from space 5120K, 99% used [0x00000000eca00000,0x00000000ecefc460,0x00000000ecf00000)
  to   space 5120K, 0% used [0x00000000ecf00000,0x00000000ecf00000,0x00000000ed400000)
 ParOldGen       total 84992K, used 724K [0x00000000c0000000, 0x00000000c5300000, 0x00000000eab00000)
  object space 84992K, 0% used [0x00000000c0000000,0x00000000c00b51c0,0x00000000c5300000)
 Metaspace       used 5736K, capacity 6768K, committed 7040K, reserved 1056768K
  class space    used 585K, capacity 616K, committed 640K, reserved 1048576K

Card table byte_map: [0x00007f610840c000,0x00007f610860d000] byte_map_base: 0x00007f6107e0c000

Marking Bits: (ParMarkBitMap*) 0x00007f611dd42120
 Begin Bits: [0x00007f6105eb2000, 0x00007f6106eb2000)
 End Bits:   [0x00007f6106eb2000, 0x00007f6107eb2000)

Polling page: 0x00007f611e98c000

CodeCache: size=245760Kb used=2777Kb max_used=2789Kb free=242982Kb
 bounds [0x00007f61089cd000, 0x00007f6108c8d000, 0x00007f61179cd000]
 total_blobs=955 nmethods=688 adapters=181
 compilation: enabled

Compilation events (10 events):
Event: 7.910 Thread 0x00007f61180bd800 nmethod 851 0x00007f6108c81a50 code [0x00007f6108c81c20, 0x00007f6108c82188]
Event: 7.910 Thread 0x00007f61180bd800  860       2       com.android.dx.ssa.SsaRenamer$BlockRenamer::updateSuccessorPhis (64 bytes)
Event: 7.961 Thread 0x00007f61180bd800 nmethod 860 0x00007f6108c83c10 code [0x00007f6108c83de0, 0x00007f6108c84208]
Event: 7.961 Thread 0x00007f61180bd800  847       2       com.android.dx.cf.code.LineNumberList::pcToLine (73 bytes)
Event: 7.964 Thread 0x00007f61180bd800 nmethod 847 0x00007f6108c84710 code [0x00007f6108c848a0, 0x00007f6108c84be8]
Event: 7.964 Thread 0x00007f61180bd800  791       3       com.android.dx.ssa.SetFactory::makeDomFrontSet (26 bytes)
Event: 7.979 Thread 0x00007f61180b9000 nmethod 820 0x00007f6108c86e90 code [0x00007f6108c87060, 0x00007f6108c87978]
Event: 7.979 Thread 0x00007f61180b9000  793       4       com.android.dx.util.MutabilityControl::throwIfMutable (18 bytes)
Event: 7.980 Thread 0x00007f61180b9000 nmethod 793 0x00007f6108c70750 code [0x00007f6108c708a0, 0x00007f6108c70918]
Event: 7.980 Thread 0x00007f61180b9000  801       4       com.android.dx.util.Bits::set (38 bytes)

GC Heap History (1 events):
Event: 7.997 GC heap before
{Heap before GC invocations=1 (full 0):
 PSYoungGen      total 36864K, used 31744K [0x00000000eab00000, 0x00000000ed400000, 0x0000000100000000)
  eden space 31744K, 100% used [0x00000000eab00000,0x00000000eca00000,0x00000000eca00000)
  from space 5120K, 0% used [0x00000000ecf00000,0x00000000ecf00000,0x00000000ed400000)
  to   space 5120K, 0% used [0x00000000eca00000,0x00000000eca00000,0x00000000ecf00000)
 ParOldGen       total 84992K, used 0K [0x00000000c0000000, 0x00000000c5300000, 0x00000000eab00000)
  object space 84992K, 0% used [0x00000000c0000000,0x00000000c0000000,0x00000000c5300000)
 Metaspace       used 5736K, capacity 6768K, committed 7040K, reserved 1056768K
  class space    used 585K, capacity 616K, committed 640K, reserved 1048576K

Deoptimization events (6 events):
Event: 3.264 Thread 0x00007f611800a000 Uncommon trap: reason=unstable_if action=reinterpret pc=0x00007f6108b11848 method=java.lang.String.indexOf(II)I @ 49
Event: 5.058 Thread 0x00007f611800a000 Uncommon trap: reason=unstable_if action=reinterpret pc=0x00007f6108baad68 method=java.lang.String.<init>([CII)V @ 18
Event: 6.361 Thread 0x00007f611800a000 Uncommon trap: reason=class_check action=maybe_recompile pc=0x00007f6108beb614 method=com.android.dx.rop.type.Type.equals(Ljava/lang/Object;)Z @ 8
Event: 6.377 Thread 0x00007f611800a000 Uncommon trap: reason=class_check action=maybe_recompile pc=0x00007f6108beb614 method=com.android.dx.rop.type.Type.equals(Ljava/lang/Object;)Z @ 8
Event: 6.453 Thread 0x00007f6118162000 Uncommon trap: reason=class_check action=maybe_recompile pc=0x00007f6108beb614 method=com.android.dx.rop.type.Type.equals(Ljava/lang/Object;)Z @ 8
Event: 6.453 Thread 0x00007f6118162000 Uncommon trap: reason=class_check action=maybe_recompile pc=0x00007f6108beb614 method=com.android.dx.rop.type.Type.equals(Ljava/lang/Object;)Z @ 8

Internal exceptions (2 events):
Event: 0.349 Thread 0x00007f611800a000 Exception <a 'java/lang/NoSuchMethodError': Method sun.misc.Unsafe.defineClass(Ljava/lang/String;[BII)Ljava/lang/Class; name or signature does not match> (0x00000000eab07cc0) thrown at [/HUDSON3/workspace/8-2-build-linux-amd64/jdk8u101/7261/hotspot/src/sh
Event: 0.349 Thread 0x00007f611800a000 Exception <a 'java/lang/NoSuchMethodError': Method sun.misc.Unsafe.prefetchRead(Ljava/lang/Object;J)V name or signature does not match> (0x00000000eab07fa8) thrown at [/HUDSON3/workspace/8-2-build-linux-amd64/jdk8u101/7261/hotspot/src/share/vm/prims/jni.c

Events (10 events):
Event: 6.445 loading class com/android/dx/cf/code/SwitchList done
Event: 6.452 Thread 0x00007f6118162000 Uncommon trap: trap_request=0xffffffde fr.pc=0x00007f6108beb614
Event: 6.453 Thread 0x00007f6118162000 DEOPT PACKING pc=0x00007f6108beb614 sp=0x00007f60fef11c30
Event: 6.453 Thread 0x00007f6118162000 DEOPT UNPACKING pc=0x00007f61089d2229 sp=0x00007f60fef11b88 mode 2
Event: 6.453 Thread 0x00007f6118162000 Uncommon trap: trap_request=0xffffffde fr.pc=0x00007f6108beb614
Event: 6.453 Thread 0x00007f6118162000 DEOPT PACKING pc=0x00007f6108beb614 sp=0x00007f60fef11ba0
Event: 6.453 Thread 0x00007f6118162000 DEOPT UNPACKING pc=0x00007f61089d2229 sp=0x00007f60fef11af8 mode 2
Event: 6.963 loading class com/android/dx/cf/attrib/AttExceptions
Event: 6.963 loading class com/android/dx/cf/attrib/AttExceptions done
Event: 7.990 Executing VM operation: ParallelGCFailedAllocation


Dynamic libraries:
00400000-00401000 r-xp 00000000 08:0a 13514073                           /usr/lib/jvm/java-8-oracle/bin/java
00600000-00601000 rw-p 00000000 08:0a 13514073                           /usr/lib/jvm/java-8-oracle/bin/java
01a71000-01a92000 rw-p 00000000 00:00 0                                  [heap]
c0000000-c5300000 rw-p 00000000 00:00 0 
c5300000-eab00000 ---p 00000000 00:00 0 
eab00000-ed400000 rw-p 00000000 00:00 0 
ef300000-100000000 ---p 00000000 00:00 0 
100000000-1000a0000 rw-p 00000000 00:00 0 
1000a0000-140000000 ---p 00000000 00:00 0 
7f60b8000000-7f60b8021000 rw-p 00000000 00:00 0 
7f60b8021000-7f60bc000000 ---p 00000000 00:00 0 
7f60bc000000-7f60bc042000 rw-p 00000000 00:00 0 
7f60bc042000-7f60c0000000 ---p 00000000 00:00 0 
7f60c0000000-7f60c0021000 rw-p 00000000 00:00 0 
7f60c0021000-7f60c4000000 ---p 00000000 00:00 0 
7f60c4000000-7f60c4021000 rw-p 00000000 00:00 0 
7f60c4021000-7f60c8000000 ---p 00000000 00:00 0 
7f60c8000000-7f60c8021000 rw-p 00000000 00:00 0 
7f60c8021000-7f60cc000000 ---p 00000000 00:00 0 
7f60cc000000-7f60cc021000 rw-p 00000000 00:00 0 
7f60cc021000-7f60d0000000 ---p 00000000 00:00 0 
7f60d0000000-7f60d06d6000 rw-p 00000000 00:00 0 
7f60d06d6000-7f60d4000000 ---p 00000000 00:00 0 
7f60d4000000-7f60d4021000 rw-p 00000000 00:00 0 
7f60d4021000-7f60d8000000 ---p 00000000 00:00 0 
7f60d8000000-7f60d83c9000 rw-p 00000000 00:00 0 
7f60d83c9000-7f60dc000000 ---p 00000000 00:00 0 
7f60dc000000-7f60dc286000 rw-p 00000000 00:00 0 
7f60dc286000-7f60e0000000 ---p 00000000 00:00 0 
7f60e0000000-7f60e0021000 rw-p 00000000 00:00 0 
7f60e0021000-7f60e4000000 ---p 00000000 00:00 0 
7f60e4000000-7f60e4021000 rw-p 00000000 00:00 0 
7f60e4021000-7f60e8000000 ---p 00000000 00:00 0 
7f60e8000000-7f60e828d000 rw-p 00000000 00:00 0 
7f60e828d000-7f60ec000000 ---p 00000000 00:00 0 
7f60ec000000-7f60ec021000 rw-p 00000000 00:00 0 
7f60ec021000-7f60f0000000 ---p 00000000 00:00 0 
7f60f0000000-7f60f0021000 rw-p 00000000 00:00 0 
7f60f0021000-7f60f4000000 ---p 00000000 00:00 0 
7f60f4000000-7f60f4021000 rw-p 00000000 00:00 0 
7f60f4021000-7f60f8000000 ---p 00000000 00:00 0 
7f60f8000000-7f60f8021000 rw-p 00000000 00:00 0 
7f60f8021000-7f60fc000000 ---p 00000000 00:00 0 
7f60fed12000-7f60fed15000 ---p 00000000 00:00 0 
7f60fed15000-7f60fee13000 rw-p 00000000 00:00 0                          [stack:15298]
7f60fee13000-7f60fee16000 ---p 00000000 00:00 0 
7f60fee16000-7f60fef14000 rw-p 00000000 00:00 0                          [stack:15297]
7f60fef14000-7f60fef17000 ---p 00000000 00:00 0 
7f60fef17000-7f60ff015000 rw-p 00000000 00:00 0                          [stack:15296]
7f60ff015000-7f60ff018000 ---p 00000000 00:00 0 
7f60ff018000-7f60ff116000 rw-p 00000000 00:00 0                          [stack:15295]
7f60ff116000-7f60ff119000 ---p 00000000 00:00 0 
7f60ff119000-7f60ff217000 rw-p 00000000 00:00 0                          [stack:15294]
7f60ff217000-7f60ff218000 ---p 00000000 00:00 0 
7f60ff218000-7f60ff318000 rw-p 00000000 00:00 0                          [stack:15292]
7f60ff318000-7f60ff31b000 ---p 00000000 00:00 0 
7f60ff31b000-7f60ff419000 rw-p 00000000 00:00 0                          [stack:15291]
7f60ff419000-7f60ff41c000 ---p 00000000 00:00 0 
7f60ff41c000-7f60ff51a000 rw-p 00000000 00:00 0                          [stack:15290]
7f60ff51a000-7f60ff51d000 ---p 00000000 00:00 0 
7f60ff51d000-7f60ff61b000 rw-p 00000000 00:00 0                          [stack:15289]
7f60ff61b000-7f60ff61e000 ---p 00000000 00:00 0 
7f60ff61e000-7f60ff71c000 rw-p 00000000 00:00 0                          [stack:15288]
7f60ff71c000-7f60ff71f000 ---p 00000000 00:00 0 
7f60ff71f000-7f60ff81d000 rw-p 00000000 00:00 0                          [stack:15287]
7f60ff81d000-7f60ffeff000 r--p 00000000 08:0a 13507173                   /usr/lib/locale/locale-archive
7f60ffeff000-7f60fff02000 ---p 00000000 00:00 0 
7f60fff02000-7f6100000000 rw-p 00000000 00:00 0                          [stack:15286]
7f6100000000-7f6100021000 rw-p 00000000 00:00 0 
7f6100021000-7f6104000000 ---p 00000000 00:00 0 
7f61040a0000-7f61040a3000 ---p 00000000 00:00 0 
7f61040a3000-7f61041a1000 rw-p 00000000 00:00 0                          [stack:15285]
7f61041a1000-7f61041a2000 ---p 00000000 00:00 0 
7f61041a2000-7f6105263000 rw-p 00000000 00:00 0                          [stack:15284]
7f6105263000-7f610543c000 r--s 03d29000 08:0a 13516298                   /usr/lib/jvm/java-8-oracle/jre/lib/rt.jar
7f610543c000-7f6105af2000 rw-p 00000000 00:00 0 
7f6105af2000-7f6105cb2000 ---p 00000000 00:00 0 
7f6105cb2000-7f6107eb2000 rw-p 00000000 00:00 0 
7f6107eb2000-7f6107eb3000 ---p 00000000 00:00 0 
7f6107eb3000-7f6107fb3000 rw-p 00000000 00:00 0                          [stack:15283]
7f6107fb3000-7f6107fb4000 ---p 00000000 00:00 0 
7f6107fb4000-7f61080b4000 rw-p 00000000 00:00 0                          [stack:15282]
7f61080b4000-7f61080b5000 ---p 00000000 00:00 0 
7f61080b5000-7f61081b5000 rw-p 00000000 00:00 0                          [stack:15281]
7f61081b5000-7f61081b6000 ---p 00000000 00:00 0 
7f61081b6000-7f61082e0000 rw-p 00000000 00:00 0                          [stack:15280]
7f61082e0000-7f610840c000 ---p 00000000 00:00 0 
7f610840c000-7f6108436000 rw-p 00000000 00:00 0 
7f6108436000-7f6108561000 ---p 00000000 00:00 0 
7f6108561000-7f6108576000 rw-p 00000000 00:00 0 
7f6108576000-7f610860c000 ---p 00000000 00:00 0 
7f610860c000-7f6108618000 rw-p 00000000 00:00 0 
7f6108618000-7f61089cd000 ---p 00000000 00:00 0 
7f61089cd000-7f6108c8d000 rwxp 00000000 00:00 0 
7f6108c8d000-7f61179cd000 ---p 00000000 00:00 0 
7f61179cd000-7f61179e7000 r-xp 00000000 08:0a 13638161                   /usr/lib/jvm/java-8-oracle/jre/lib/amd64/libzip.so
7f61179e7000-7f6117be7000 ---p 0001a000 08:0a 13638161                   /usr/lib/jvm/java-8-oracle/jre/lib/amd64/libzip.so
7f6117be7000-7f6117be8000 rw-p 0001a000 08:0a 13638161                   /usr/lib/jvm/java-8-oracle/jre/lib/amd64/libzip.so
7f6117be8000-7f6117bf3000 r-xp 00000000 08:0a 11272378                   /lib/x86_64-linux-gnu/libnss_files-2.19.so
7f6117bf3000-7f6117df2000 ---p 0000b000 08:0a 11272378                   /lib/x86_64-linux-gnu/libnss_files-2.19.so
7f6117df2000-7f6117df3000 r--p 0000a000 08:0a 11272378                   /lib/x86_64-linux-gnu/libnss_files-2.19.so
7f6117df3000-7f6117df4000 rw-p 0000b000 08:0a 11272378                   /lib/x86_64-linux-gnu/libnss_files-2.19.so
7f6117df4000-7f6117dff000 r-xp 00000000 08:0a 11272385                   /lib/x86_64-linux-gnu/libnss_nis-2.19.so
7f6117dff000-7f6117ffe000 ---p 0000b000 08:0a 11272385                   /lib/x86_64-linux-gnu/libnss_nis-2.19.so
7f6117ffe000-7f6117fff000 r--p 0000a000 08:0a 11272385                   /lib/x86_64-linux-gnu/libnss_nis-2.19.so
7f6117fff000-7f6118000000 rw-p 0000b000 08:0a 11272385                   /lib/x86_64-linux-gnu/libnss_nis-2.19.so
7f6118000000-7f6118391000 rw-p 00000000 00:00 0 
7f6118391000-7f611c000000 ---p 00000000 00:00 0 
7f611c008000-7f611c014000 r--s 00062000 08:0a 17047298                   /home/jagruti/workspace/SJSUMap/SJSUMap/app/build/intermediates/exploded-aar/com.google.android.gms/play-services-drive/9.4.0/jars/classes.jar
7f611c014000-7f611c02b000 r-xp 00000000 08:0a 11272382                   /lib/x86_64-linux-gnu/libnsl-2.19.so
7f611c02b000-7f611c22a000 ---p 00017000 08:0a 11272382                   /lib/x86_64-linux-gnu/libnsl-2.19.so
7f611c22a000-7f611c22b000 r--p 00016000 08:0a 11272382                   /lib/x86_64-linux-gnu/libnsl-2.19.so
7f611c22b000-7f611c22c000 rw-p 00017000 08:0a 11272382                   /lib/x86_64-linux-gnu/libnsl-2.19.so
7f611c22c000-7f611c22e000 rw-p 00000000 00:00 0 
7f611c22e000-7f611c237000 r-xp 00000000 08:0a 11272386                   /lib/x86_64-linux-gnu/libnss_compat-2.19.so
7f611c237000-7f611c436000 ---p 00009000 08:0a 11272386                   /lib/x86_64-linux-gnu/libnss_compat-2.19.so
7f611c436000-7f611c437000 r--p 00008000 08:0a 11272386                   /lib/x86_64-linux-gnu/libnss_compat-2.19.so
7f611c437000-7f611c438000 rw-p 00009000 08:0a 11272386                   /lib/x86_64-linux-gnu/libnss_compat-2.19.so
7f611c438000-7f611c462000 r-xp 00000000 08:0a 13638120                   /usr/lib/jvm/java-8-oracle/jre/lib/amd64/libjava.so
7f611c462000-7f611c662000 ---p 0002a000 08:0a 13638120                   /usr/lib/jvm/java-8-oracle/jre/lib/amd64/libjava.so
7f611c662000-7f611c664000 rw-p 0002a000 08:0a 13638120                   /usr/lib/jvm/java-8-oracle/jre/lib/amd64/libjava.so
7f611c664000-7f611c671000 r-xp 00000000 08:0a 13638146                   /usr/lib/jvm/java-8-oracle/jre/lib/amd64/libverify.so
7f611c671000-7f611c871000 ---p 0000d000 08:0a 13638146                   /usr/lib/jvm/java-8-oracle/jre/lib/amd64/libverify.so
7f611c871000-7f611c873000 rw-p 0000d000 08:0a 13638146                   /usr/lib/jvm/java-8-oracle/jre/lib/amd64/libverify.so
7f611c873000-7f611c87a000 r-xp 00000000 08:0a 11272393                   /lib/x86_64-linux-gnu/librt-2.19.so
7f611c87a000-7f611ca79000 ---p 00007000 08:0a 11272393                   /lib/x86_64-linux-gnu/librt-2.19.so
7f611ca79000-7f611ca7a000 r--p 00006000 08:0a 11272393                   /lib/x86_64-linux-gnu/librt-2.19.so
7f611ca7a000-7f611ca7b000 rw-p 00007000 08:0a 11272393                   /lib/x86_64-linux-gnu/librt-2.19.so
7f611ca7b000-7f611cb80000 r-xp 00000000 08:0a 11272379                   /lib/x86_64-linux-gnu/libm-2.19.so
7f611cb80000-7f611cd7f000 ---p 00105000 08:0a 11272379                   /lib/x86_64-linux-gnu/libm-2.19.so
7f611cd7f000-7f611cd80000 r--p 00104000 08:0a 11272379                   /lib/x86_64-linux-gnu/libm-2.19.so
7f611cd80000-7f611cd81000 rw-p 00105000 08:0a 11272379                   /lib/x86_64-linux-gnu/libm-2.19.so
7f611cd81000-7f611da4c000 r-xp 00000000 08:0a 13642260                   /usr/lib/jvm/java-8-oracle/jre/lib/amd64/server/libjvm.so
7f611da4c000-7f611dc4b000 ---p 00ccb000 08:0a 13642260                   /usr/lib/jvm/java-8-oracle/jre/lib/amd64/server/libjvm.so
7f611dc4b000-7f611dd24000 rw-p 00cca000 08:0a 13642260                   /usr/lib/jvm/java-8-oracle/jre/lib/amd64/server/libjvm.so
7f611dd24000-7f611dd6f000 rw-p 00000000 00:00 0 
7f611dd6f000-7f611df2b000 r-xp 00000000 08:0a 11272376                   /lib/x86_64-linux-gnu/libc-2.19.so
7f611df2b000-7f611e12a000 ---p 001bc000 08:0a 11272376                   /lib/x86_64-linux-gnu/libc-2.19.so
7f611e12a000-7f611e12e000 r--p 001bb000 08:0a 11272376                   /lib/x86_64-linux-gnu/libc-2.19.so
7f611e12e000-7f611e130000 rw-p 001bf000 08:0a 11272376                   /lib/x86_64-linux-gnu/libc-2.19.so
7f611e130000-7f611e135000 rw-p 00000000 00:00 0 
7f611e135000-7f611e138000 r-xp 00000000 08:0a 11272389                   /lib/x86_64-linux-gnu/libdl-2.19.so
7f611e138000-7f611e337000 ---p 00003000 08:0a 11272389                   /lib/x86_64-linux-gnu/libdl-2.19.so
7f611e337000-7f611e338000 r--p 00002000 08:0a 11272389                   /lib/x86_64-linux-gnu/libdl-2.19.so
7f611e338000-7f611e339000 rw-p 00003000 08:0a 11272389                   /lib/x86_64-linux-gnu/libdl-2.19.so
7f611e339000-7f611e34e000 r-xp 00000000 08:0a 13514760                   /usr/lib/jvm/java-8-oracle/lib/amd64/jli/libjli.so
7f611e34e000-7f611e54e000 ---p 00015000 08:0a 13514760                   /usr/lib/jvm/java-8-oracle/lib/amd64/jli/libjli.so
7f611e54e000-7f611e54f000 rw-p 00015000 08:0a 13514760                   /usr/lib/jvm/java-8-oracle/lib/amd64/jli/libjli.so
7f611e54f000-7f611e568000 r-xp 00000000 08:0a 11272392                   /lib/x86_64-linux-gnu/libpthread-2.19.so
7f611e568000-7f611e767000 ---p 00019000 08:0a 11272392                   /lib/x86_64-linux-gnu/libpthread-2.19.so
7f611e767000-7f611e768000 r--p 00018000 08:0a 11272392                   /lib/x86_64-linux-gnu/libpthread-2.19.so
7f611e768000-7f611e769000 rw-p 00019000 08:0a 11272392                   /lib/x86_64-linux-gnu/libpthread-2.19.so
7f611e769000-7f611e76d000 rw-p 00000000 00:00 0 
7f611e76d000-7f611e790000 r-xp 00000000 08:0a 11272375                   /lib/x86_64-linux-gnu/ld-2.19.so
7f611e796000-7f611e86f000 rw-p 00000000 00:00 0 
7f611e86f000-7f611e872000 ---p 00000000 00:00 0 
7f611e872000-7f611e975000 rw-p 00000000 00:00 0                          [stack:15278]
7f611e975000-7f611e983000 r--s 000e0000 08:0a 14423934                   /home/jagruti/Android/Sdk/build-tools/24.0.2/lib/dx.jar
7f611e983000-7f611e98b000 rw-s 00000000 08:0a 6165612                    /tmp/hsperfdata_jagruti/15275
7f611e98b000-7f611e98c000 rw-p 00000000 00:00 0 
7f611e98c000-7f611e98d000 ---p 00000000 00:00 0 
7f611e98d000-7f611e98f000 rw-p 00000000 00:00 0 
7f611e98f000-7f611e990000 r--p 00022000 08:0a 11272375                   /lib/x86_64-linux-gnu/ld-2.19.so
7f611e990000-7f611e991000 rw-p 00023000 08:0a 11272375                   /lib/x86_64-linux-gnu/ld-2.19.so
7f611e991000-7f611e992000 rw-p 00000000 00:00 0 
7ffe8e4a0000-7ffe8e4c2000 rw-p 00000000 00:00 0                          [stack]
7ffe8e523000-7ffe8e525000 r--p 00000000 00:00 0                          [vvar]
7ffe8e525000-7ffe8e527000 r-xp 00000000 00:00 0                          [vdso]
ffffffffff600000-ffffffffff601000 r-xp 00000000 00:00 0                  [vsyscall]

VM Arguments:
jvm_args: -Djava.awt.headless=true -Xmx1024M -Dfile.encoding=UTF-8 -Duser.country=US -Duser.language=en -Duser.variant 
java_command: com.android.dx.command.Main --dex --force-jumbo --num-threads=4 --multi-dex --output /home/jagruti/workspace/SJSUMap/SJSUMap/app/build/intermediates/transforms/dex/debug/folders/1000/10/com.google.android.gms-play-services-drive-9.4.0_fd0f19f4c649e5c1fb1a02d9d7b9c82f3e4990b3 /home/jagruti/workspace/SJSUMap/SJSUMap/app/build/intermediates/exploded-aar/com.google.android.gms/play-services-drive/9.4.0/jars/classes.jar
java_class_path (initial): /home/jagruti/Android/Sdk/build-tools/24.0.2/lib/dx.jar
Launcher Type: SUN_STANDARD

Environment Variables:
JAVA_HOME=/usr/lib/jvm/java-8-oracle
PATH=/usr/local/heroku/bin:/usr/lib/jvm/java-8-oracle/bin:/usr/lib/jvm/java-8-oracle/lib:/home/jagruti/workspace/paul281/AutoScaling-1.0.61.6/bin:/usr/bin/:/home/jagruti/workspace/paul281/AutoScaling-1.0.61.6/credential-file-path.template:/usr/local/src/scala/scala-2.10.4/bin:/home/jagruti/.sdkman/candidates/grails/current/bin:/usr/local/sbin:/usr/local/bin:/usr/sbin:/usr/bin:/sbin:/bin:/usr/games:/usr/local/games
LD_LIBRARY_PATH=.:/usr/lib/jvm/java-8-oracle/lib:/home/jagruti/workspace/paul281/AutoScaling-1.0.61.6/lib:
SHELL=/bin/bash
DISPLAY=:0

Signal Handlers:
SIGSEGV: [libjvm.so+0xac4790], sa_mask[0]=11111111011111111101111111111110, sa_flags=SA_RESTART|SA_SIGINFO
SIGBUS: [libjvm.so+0xac4790], sa_mask[0]=11111111011111111101111111111110, sa_flags=SA_RESTART|SA_SIGINFO
SIGFPE: [libjvm.so+0x91f140], sa_mask[0]=11111111011111111101111111111110, sa_flags=SA_RESTART|SA_SIGINFO
SIGPIPE: [libjvm.so+0x91f140], sa_mask[0]=11111111011111111101111111111110, sa_flags=SA_RESTART|SA_SIGINFO
SIGXFSZ: [libjvm.so+0x91f140], sa_mask[0]=11111111011111111101111111111110, sa_flags=SA_RESTART|SA_SIGINFO
SIGILL: [libjvm.so+0x91f140], sa_mask[0]=11111111011111111101111111111110, sa_flags=SA_RESTART|SA_SIGINFO
SIGUSR1: SIG_DFL, sa_mask[0]=00000000000000000000000000000000, sa_flags=none
SIGUSR2: [libjvm.so+0x920770], sa_mask[0]=00100000000000000000000000000000, sa_flags=SA_RESTART|SA_SIGINFO
SIGHUP: [libjvm.so+0x921b70], sa_mask[0]=11111111011111111101111111111110, sa_flags=SA_RESTART|SA_SIGINFO
SIGINT: [libjvm.so+0x921b70], sa_mask[0]=11111111011111111101111111111110, sa_flags=SA_RESTART|SA_SIGINFO
SIGTERM: [libjvm.so+0x921b70], sa_mask[0]=11111111011111111101111111111110, sa_flags=SA_RESTART|SA_SIGINFO
SIGQUIT: [libjvm.so+0x921b70], sa_mask[0]=11111111011111111101111111111110, sa_flags=SA_RESTART|SA_SIGINFO


---------------  S Y S T E M  ---------------

OS:DISTRIB_ID=Ubuntu
DISTRIB_RELEASE=14.04
DISTRIB_CODENAME=trusty
DISTRIB_DESCRIPTION="Ubuntu 14.04.3 LTS"

uname:Linux 3.19.0-30-generic #34~14.04.1-Ubuntu SMP Fri Oct 2 22:09:39 UTC 2015 x86_64
libc:glibc 2.19 NPTL 2.19 
rlimit: STACK 8192k, CORE 0k, NPROC 31132, NOFILE 4096, AS infinity
load average:31.36 11.21 4.74

/proc/meminfo:
MemTotal:        8065492 kB
MemFree:          354688 kB
MemAvailable:     341880 kB
Buffers:            2508 kB
Cached:          1617392 kB
SwapCached:            0 kB
Active:          6087628 kB
Inactive:        1395044 kB
Active(anon):    6075816 kB
Inactive(anon):  1316244 kB
Active(file):      11812 kB
Inactive(file):    78800 kB
Unevictable:          48 kB
Mlocked:              48 kB
SwapTotal:             0 kB
SwapFree:              0 kB
Dirty:               252 kB
Writeback:             0 kB
AnonPages:       5863804 kB
Mapped:           521556 kB
Shmem:           1528428 kB
Slab:              98344 kB
SReclaimable:      52700 kB
SUnreclaim:        45644 kB
KernelStack:       14944 kB
PageTables:        56868 kB
NFS_Unstable:          0 kB
Bounce:                0 kB
WritebackTmp:          0 kB
CommitLimit:     4032744 kB
Committed_AS:   14360532 kB
VmallocTotal:   34359738367 kB
VmallocUsed:      559856 kB
VmallocChunk:   34359098140 kB
HardwareCorrupted:     0 kB
AnonHugePages:   2607104 kB
CmaTotal:              0 kB
CmaFree:               0 kB
HugePages_Total:       0
HugePages_Free:        0
HugePages_Rsvd:        0
HugePages_Surp:        0
Hugepagesize:       2048 kB
DirectMap4k:      217856 kB
DirectMap2M:     5963776 kB
DirectMap1G:     3145728 kB


CPU:total 4 (2 cores per cpu, 2 threads per core) family 6 model 69 stepping 1, cmov, cx8, fxsr, mmx, sse, sse2, sse3, ssse3, sse4.1, sse4.2, popcnt, avx, avx2, aes, clmul, erms, lzcnt, ht, tsc, tscinvbit, bmi1, bmi2

/proc/cpuinfo:
processor	: 0
vendor_id	: GenuineIntel
cpu family	: 6
model		: 69
model name	: Intel(R) Core(TM) i7-4510U CPU @ 2.00GHz
stepping	: 1
microcode	: 0x1c
cpu MHz		: 2856.546
cache size	: 4096 KB
physical id	: 0
siblings	: 4
core id		: 0
cpu cores	: 2
apicid		: 0
initial apicid	: 0
fpu		: yes
fpu_exception	: yes
cpuid level	: 13
wp		: yes
flags		: fpu vme de pse tsc msr pae mce cx8 apic sep mtrr pge mca cmov pat pse36 clflush dts acpi mmx fxsr sse sse2 ss ht tm pbe syscall nx pdpe1gb rdtscp lm constant_tsc arch_perfmon pebs bts rep_good nopl xtopology nonstop_tsc aperfmperf eagerfpu pni pclmulqdq dtes64 monitor ds_cpl vmx est tm2 ssse3 fma cx16 xtpr pdcm pcid sse4_1 sse4_2 movbe popcnt tsc_deadline_timer aes xsave avx f16c rdrand lahf_lm abm ida arat epb pln pts dtherm tpr_shadow vnmi flexpriority ept vpid fsgsbase tsc_adjust bmi1 avx2 smep bmi2 erms invpcid xsaveopt
bugs		:
bogomips	: 5188.18
clflush size	: 64
cache_alignment	: 64
address sizes	: 39 bits physical, 48 bits virtual
power management:

processor	: 1
vendor_id	: GenuineIntel
cpu family	: 6
model		: 69
model name	: Intel(R) Core(TM) i7-4510U CPU @ 2.00GHz
stepping	: 1
microcode	: 0x1c
cpu MHz		: 2826.890
cache size	: 4096 KB
physical id	: 0
siblings	: 4
core id		: 0
cpu cores	: 2
apicid		: 1
initial apicid	: 1
fpu		: yes
fpu_exception	: yes
cpuid level	: 13
wp		: yes
flags		: fpu vme de pse tsc msr pae mce cx8 apic sep mtrr pge mca cmov pat pse36 clflush dts acpi mmx fxsr sse sse2 ss ht tm pbe syscall nx pdpe1gb rdtscp lm constant_tsc arch_perfmon pebs bts rep_good nopl xtopology nonstop_tsc aperfmperf eagerfpu pni pclmulqdq dtes64 monitor ds_cpl vmx est tm2 ssse3 fma cx16 xtpr pdcm pcid sse4_1 sse4_2 movbe popcnt tsc_deadline_timer aes xsave avx f16c rdrand lahf_lm abm ida arat epb pln pts dtherm tpr_shadow vnmi flexpriority ept vpid fsgsbase tsc_adjust bmi1 avx2 smep bmi2 erms invpcid xsaveopt
bugs		:
bogomips	: 5188.18
clflush size	: 64
cache_alignment	: 64
address sizes	: 39 bits physical, 48 bits virtual
power management:

processor	: 2
vendor_id	: GenuineIntel
cpu family	: 6
model		: 69
model name	: Intel(R) Core(TM) i7-4510U CPU @ 2.00GHz
stepping	: 1
microcode	: 0x1c
cpu MHz		: 2828.921
cache size	: 4096 KB
physical id	: 0
siblings	: 4
core id		: 1
cpu cores	: 2
apicid		: 2
initial apicid	: 2
fpu		: yes
fpu_exception	: yes
cpuid level	: 13
wp		: yes
flags		: fpu vme de pse tsc msr pae mce cx8 apic sep mtrr pge mca cmov pat pse36 clflush dts acpi mmx fxsr sse sse2 ss ht tm pbe syscall nx pdpe1gb rdtscp lm constant_tsc arch_perfmon pebs bts rep_good nopl xtopology nonstop_tsc aperfmperf eagerfpu pni pclmulqdq dtes64 monitor ds_cpl vmx est tm2 ssse3 fma cx16 xtpr pdcm pcid sse4_1 sse4_2 movbe popcnt tsc_deadline_timer aes xsave avx f16c rdrand lahf_lm abm ida arat epb pln pts dtherm tpr_shadow vnmi flexpriority ept vpid fsgsbase tsc_adjust bmi1 avx2 smep bmi2 erms invpcid xsaveopt
bugs		:
bogomips	: 5188.18
clflush size	: 64
cache_alignment	: 64
address sizes	: 39 bits physical, 48 bits virtual
power management:

processor	: 3
vendor_id	: GenuineIntel
cpu family	: 6
model		: 69
model name	: Intel(R) Core(TM) i7-4510U CPU @ 2.00GHz
stepping	: 1
microcode	: 0x1c
cpu MHz		: 2799.976
cache size	: 4096 KB
physical id	: 0
siblings	: 4
core id		: 1
cpu cores	: 2
apicid		: 3
initial apicid	: 3
fpu		: yes
fpu_exception	: yes
cpuid level	: 13
wp		: yes
flags		: fpu vme de pse tsc msr pae mce cx8 apic sep mtrr pge mca cmov pat pse36 clflush dts acpi mmx fxsr sse sse2 ss ht tm pbe syscall nx pdpe1gb rdtscp lm constant_tsc arch_perfmon pebs bts rep_good nopl xtopology nonstop_tsc aperfmperf eagerfpu pni pclmulqdq dtes64 monitor ds_cpl vmx est tm2 ssse3 fma cx16 xtpr pdcm pcid sse4_1 sse4_2 movbe popcnt tsc_deadline_timer aes xsave avx f16c rdrand lahf_lm abm ida arat epb pln pts dtherm tpr_shadow vnmi flexpriority ept vpid fsgsbase tsc_adjust bmi1 avx2 smep bmi2 erms invpcid xsaveopt
bugs		:
bogomips	: 5188.18
clflush size	: 64
cache_alignment	: 64
address sizes	: 39 bits physical, 48 bits virtual
power management:



Memory: 4k page, physical 8065492k(354688k free), swap 0k(0k free)

vm_info: Java HotSpot(TM) 64-Bit Server VM (25.101-b13) for linux-amd64 JRE (1.8.0_101-b13), built on Jun 22 2016 02:59:44 by "java_re" with gcc 4.3.0 20080428 (Red Hat 4.3.0-8)

time: Wed Oct 26 12:22:32 2016
elapsed time: 31 seconds (0d 0h 0m 31s)

