#
# There is insufficient memory for the Java Runtime Environment to continue.
# Native memory allocation (mmap) failed to map 65011712 bytes for committing reserved memory.
# Possible reasons:
#   The system is out of physical RAM or swap space
#   In 32 bit mode, the process size limit was hit
# Possible solutions:
#   Reduce memory load on the system
#   Increase physical memory or swap space
#   Check if swap backing store is full
#   Use 64 bit Java on a 64 bit OS
#   Decrease Java heap size (-Xmx/-Xms)
#   Decrease number of Java threads
#   Decrease Java thread stack sizes (-Xss)
#   Set larger code cache with -XX:ReservedCodeCacheSize=
# This output file may be truncated or incomplete.
#
#  Out of Memory Error (os_linux.cpp:2627), pid=15237, tid=0x00007f14d87d6700
#
# JRE version: Java(TM) SE Runtime Environment (8.0_101-b13) (build 1.8.0_101-b13)
# Java VM: Java HotSpot(TM) 64-Bit Server VM (25.101-b13 mixed mode linux-amd64 compressed oops)
# Failed to write core dump. Core dumps have been disabled. To enable core dumping, try "ulimit -c unlimited" before starting Java again
#

---------------  T H R E A D  ---------------

Current thread (0x00007f14e8078000):  VMThread [stack: 0x00007f14d86d6000,0x00007f14d87d7000] [id=15253]

Stack: [0x00007f14d86d6000,0x00007f14d87d7000],  sp=0x00007f14d87d5260,  free space=1020k
Native frames: (J=compiled Java code, j=interpreted, Vv=VM code, C=native code)
V  [libjvm.so+0xac3f0a]  VMError::report_and_die()+0x2ba
V  [libjvm.so+0x4fbf9b]  report_vm_out_of_memory(char const*, int, unsigned long, VMErrorType, char const*)+0x8b
V  [libjvm.so+0x9222d3]  os::Linux::commit_memory_impl(char*, unsigned long, bool)+0x103
V  [libjvm.so+0x922829]  os::pd_commit_memory(char*, unsigned long, unsigned long, bool)+0x29
V  [libjvm.so+0x91cb2a]  os::commit_memory(char*, unsigned long, unsigned long, bool)+0x2a
V  [libjvm.so+0x991053]  PSVirtualSpace::expand_by(unsigned long)+0x53
V  [libjvm.so+0x992458]  PSYoungGen::resize_generation(unsigned long, unsigned long)+0xf8
V  [libjvm.so+0x9915b2]  PSYoungGen::resize(unsigned long, unsigned long)+0x22
V  [libjvm.so+0x98e88b]  PSScavenge::invoke_no_policy()+0xf3b
V  [libjvm.so+0x98f011]  PSScavenge::invoke()+0x41
V  [libjvm.so+0x945fc0]  ParallelScavengeHeap::failed_mem_allocate(unsigned long)+0x70
V  [libjvm.so+0xac5927]  VM_ParallelGCFailedAllocation::doit()+0x97
V  [libjvm.so+0xacd405]  VM_Operation::evaluate()+0x55
V  [libjvm.so+0xacb7da]  VMThread::evaluate_operation(VM_Operation*)+0xba
V  [libjvm.so+0xacbb5e]  VMThread::loop()+0x1ce
V  [libjvm.so+0xacbfd0]  VMThread::run()+0x70
V  [libjvm.so+0x924698]  java_start(Thread*)+0x108

VM_Operation (0x00007f14d1315150): ParallelGCFailedAllocation, mode: safepoint, requested by thread 0x00007f14e81e0800


---------------  P R O C E S S  ---------------

Java Threads: ( => current thread )
  0x00007f14e81e0800 JavaThread "pool-2-thread-4" [_thread_blocked, id=15272, stack(0x00007f14d1217000,0x00007f14d1318000)]
  0x00007f14e81cd800 JavaThread "pool-2-thread-3" [_thread_blocked, id=15271, stack(0x00007f14d1318000,0x00007f14d1419000)]
  0x00007f14e819e800 JavaThread "pool-2-thread-2" [_thread_blocked, id=15270, stack(0x00007f14d1419000,0x00007f14d151a000)]
  0x00007f14e8190000 JavaThread "pool-3-thread-1" [_thread_blocked, id=15269, stack(0x00007f14d151a000,0x00007f14d161b000)]
  0x00007f14e818e000 JavaThread "pool-2-thread-1" [_thread_blocked, id=15268, stack(0x00007f14d161b000,0x00007f14d171c000)]
  0x00007f14e80da800 JavaThread "Service Thread" daemon [_thread_blocked, id=15260, stack(0x00007f14d181d000,0x00007f14d191e000)]
  0x00007f14e80bd800 JavaThread "C1 CompilerThread2" daemon [_thread_blocked, id=15259, stack(0x00007f14d80d0000,0x00007f14d81d1000)]
  0x00007f14e80bc000 JavaThread "C2 CompilerThread1" daemon [_thread_blocked, id=15258, stack(0x00007f14d81d1000,0x00007f14d82d2000)]
  0x00007f14e80b9000 JavaThread "C2 CompilerThread0" daemon [_thread_blocked, id=15257, stack(0x00007f14d82d2000,0x00007f14d83d3000)]
  0x00007f14e80b7800 JavaThread "Signal Dispatcher" daemon [_thread_blocked, id=15256, stack(0x00007f14d83d3000,0x00007f14d84d4000)]
  0x00007f14e8084000 JavaThread "Finalizer" daemon [_thread_blocked, id=15255, stack(0x00007f14d84d4000,0x00007f14d85d5000)]
  0x00007f14e807f800 JavaThread "Reference Handler" daemon [_thread_blocked, id=15254, stack(0x00007f14d85d5000,0x00007f14d86d6000)]
  0x00007f14e800a000 JavaThread "main" [_thread_blocked, id=15241, stack(0x00007f14f0da0000,0x00007f14f0ea1000)]

Other Threads:
=>0x00007f14e8078000 VMThread [stack: 0x00007f14d86d6000,0x00007f14d87d7000] [id=15253]
  0x00007f14e80dd800 WatcherThread [stack: 0x00007f14d171c000,0x00007f14d181d000] [id=15261]

VM state:at safepoint (normal execution)

VM Mutex/Monitor currently owned by a thread:  ([mutex/lock_event])
[0x00007f14e80065c0] Threads_lock - owner thread: 0x00007f14e8078000
[0x00007f14e8006ac0] Heap_lock - owner thread: 0x00007f14e81e0800

Heap:
 PSYoungGen      total 68608K, used 5100K [0x00000000eab00000, 0x00000000ef300000, 0x0000000100000000)
  eden space 63488K, 0% used [0x00000000eab00000,0x00000000eab00000,0x00000000ee900000)
  from space 5120K, 99% used [0x00000000ee900000,0x00000000eedfb218,0x00000000eee00000)
  to   space 5120K, 0% used [0x00000000eee00000,0x00000000eee00000,0x00000000ef300000)
 ParOldGen       total 84992K, used 13730K [0x00000000c0000000, 0x00000000c5300000, 0x00000000eab00000)
  object space 84992K, 16% used [0x00000000c0000000,0x00000000c0d689c8,0x00000000c5300000)
 Metaspace       used 5925K, capacity 6872K, committed 7168K, reserved 1056768K
  class space    used 609K, capacity 656K, committed 768K, reserved 1048576K

Card table byte_map: [0x00007f14ed951000,0x00007f14edb52000] byte_map_base: 0x00007f14ed351000

Marking Bits: (ParMarkBitMap*) 0x00007f14f0273120
 Begin Bits: [0x00007f14d2000000, 0x00007f14d3000000)
 End Bits:   [0x00007f14d3000000, 0x00007f14d4000000)

Polling page: 0x00007f14f0ebd000

CodeCache: size=245760Kb used=4297Kb max_used=4297Kb free=241462Kb
 bounds [0x00007f14d9000000, 0x00007f14d9440000, 0x00007f14e8000000]
 total_blobs=1393 nmethods=1126 adapters=181
 compilation: enabled

Compilation events (10 events):
Event: 11.673 Thread 0x00007f14e80bd800 nmethod 1604% 0x00007f14d942e810 code [0x00007f14d942eaa0, 0x00007f14d942fd58]
Event: 11.673 Thread 0x00007f14e80bd800 1608       3       com.android.dx.ssa.BasicRegisterMapper::addMapping (68 bytes)
Event: 11.676 Thread 0x00007f14e80bd800 nmethod 1608 0x00007f14d9430a50 code [0x00007f14d9430be0, 0x00007f14d9431138]
Event: 11.676 Thread 0x00007f14e80bd800 1613 %     3       com.android.dx.ssa.SsaMethod::indexListFromLabelList @ 20 (47 bytes)
Event: 11.712 Thread 0x00007f14e80bd800 nmethod 1613% 0x00007f14d94312d0 code [0x00007f14d94314a0, 0x00007f14d9431d38]
Event: 11.712 Thread 0x00007f14e80bd800 1627       3       com.android.dx.ssa.SsaBasicBlock::getRopLabelSuccessorList (57 bytes)
Event: 11.714 Thread 0x00007f14e80bd800 nmethod 1627 0x00007f14d9432010 code [0x00007f14d9432220, 0x00007f14d9432ce8]
Event: 11.714 Thread 0x00007f14e80bd800 1626       3       com.android.dx.ssa.SCCP::simulatePhi (169 bytes)
Event: 11.716 Thread 0x00007f14e80bd800 nmethod 1626 0x00007f14d9433350 code [0x00007f14d94335c0, 0x00007f14d9434718]
Event: 11.716 Thread 0x00007f14e80bd800 1625 % !   3       com.android.dx.cf.code.Simulator::simulate @ 19 (74 bytes)

GC Heap History (5 events):
Event: 6.474 GC heap before
{Heap before GC invocations=1 (full 0):
 PSYoungGen      total 36864K, used 31744K [0x00000000eab00000, 0x00000000ed400000, 0x0000000100000000)
  eden space 31744K, 100% used [0x00000000eab00000,0x00000000eca00000,0x00000000eca00000)
  from space 5120K, 0% used [0x00000000ecf00000,0x00000000ecf00000,0x00000000ed400000)
  to   space 5120K, 0% used [0x00000000eca00000,0x00000000eca00000,0x00000000ecf00000)
 ParOldGen       total 84992K, used 0K [0x00000000c0000000, 0x00000000c5300000, 0x00000000eab00000)
  object space 84992K, 0% used [0x00000000c0000000,0x00000000c0000000,0x00000000c5300000)
 Metaspace       used 5723K, capacity 6704K, committed 6784K, reserved 1056768K
  class space    used 588K, capacity 616K, committed 640K, reserved 1048576K
Event: 6.544 GC heap after
Heap after GC invocations=1 (full 0):
 PSYoungGen      total 36864K, used 5112K [0x00000000eab00000, 0x00000000ef300000, 0x0000000100000000)
  eden space 31744K, 0% used [0x00000000eab00000,0x00000000eab00000,0x00000000eca00000)
  from space 5120K, 99% used [0x00000000eca00000,0x00000000ecefe088,0x00000000ecf00000)
  to   space 5120K, 0% used [0x00000000eee00000,0x00000000eee00000,0x00000000ef300000)
 ParOldGen       total 84992K, used 1190K [0x00000000c0000000, 0x00000000c5300000, 0x00000000eab00000)
  object space 84992K, 1% used [0x00000000c0000000,0x00000000c0129898,0x00000000c5300000)
 Metaspace       used 5723K, capacity 6704K, committed 6784K, reserved 1056768K
  class space    used 588K, capacity 616K, committed 640K, reserved 1048576K
}
Event: 8.753 GC heap before
{Heap before GC invocations=2 (full 0):
 PSYoungGen      total 36864K, used 36856K [0x00000000eab00000, 0x00000000ef300000, 0x0000000100000000)
  eden space 31744K, 100% used [0x00000000eab00000,0x00000000eca00000,0x00000000eca00000)
  from space 5120K, 99% used [0x00000000eca00000,0x00000000ecefe088,0x00000000ecf00000)
  to   space 5120K, 0% used [0x00000000eee00000,0x00000000eee00000,0x00000000ef300000)
 ParOldGen       total 84992K, used 1190K [0x00000000c0000000, 0x00000000c5300000, 0x00000000eab00000)
  object space 84992K, 1% used [0x00000000c0000000,0x00000000c0129898,0x00000000c5300000)
 Metaspace       used 5879K, capacity 6808K, committed 7168K, reserved 1056768K
  class space    used 608K, capacity 656K, committed 768K, reserved 1048576K
Event: 9.022 GC heap after
Heap after GC invocations=2 (full 0):
 PSYoungGen      total 68608K, used 5088K [0x00000000eab00000, 0x00000000ef300000, 0x0000000100000000)
  eden space 63488K, 0% used [0x00000000eab00000,0x00000000eab00000,0x00000000ee900000)
  from space 5120K, 99% used [0x00000000eee00000,0x00000000ef2f8038,0x00000000ef300000)
  to   space 5120K, 0% used [0x00000000ee900000,0x00000000ee900000,0x00000000eee00000)
 ParOldGen       total 84992K, used 5235K [0x00000000c0000000, 0x00000000c5300000, 0x00000000eab00000)
  object space 84992K, 6% used [0x00000000c0000000,0x00000000c051cd00,0x00000000c5300000)
 Metaspace       used 5879K, capacity 6808K, committed 7168K, reserved 1056768K
  class space    used 608K, capacity 656K, committed 768K, reserved 1048576K
}
Event: 11.833 GC heap before
{Heap before GC invocations=3 (full 0):
 PSYoungGen      total 68608K, used 68576K [0x00000000eab00000, 0x00000000ef300000, 0x0000000100000000)
  eden space 63488K, 100% used [0x00000000eab00000,0x00000000ee900000,0x00000000ee900000)
  from space 5120K, 99% used [0x00000000eee00000,0x00000000ef2f8038,0x00000000ef300000)
  to   space 5120K, 0% used [0x00000000ee900000,0x00000000ee900000,0x00000000eee00000)
 ParOldGen       total 84992K, used 5235K [0x00000000c0000000, 0x00000000c5300000, 0x00000000eab00000)
  object space 84992K, 6% used [0x00000000c0000000,0x00000000c051cd00,0x00000000c5300000)
 Metaspace       used 5925K, capacity 6872K, committed 7168K, reserved 1056768K
  class space    used 609K, capacity 656K, committed 768K, reserved 1048576K

Deoptimization events (10 events):
Event: 4.291 Thread 0x00007f14e81cd800 Uncommon trap: reason=unstable_if action=reinterpret pc=0x00007f14d91dde0c method=java.util.HashMap.getNode(ILjava/lang/Object;)Ljava/util/HashMap$Node; @ 62
Event: 5.210 Thread 0x00007f14e819e800 Uncommon trap: reason=class_check action=maybe_recompile pc=0x00007f14d9202fd0 method=com.android.dx.ssa.NormalSsaInsn.accept(Lcom/android/dx/ssa/SsaInsn$Visitor;)V @ 9
Event: 6.926 Thread 0x00007f14e81cd800 Uncommon trap: reason=null_check action=make_not_entrant pc=0x00007f14d92b00e8 method=com.android.dx.rop.type.Type.equals(Ljava/lang/Object;)Z @ 8
Event: 7.005 Thread 0x00007f14e819e800 Uncommon trap: reason=bimorphic action=maybe_recompile pc=0x00007f14d9202860 method=java.util.HashMap.getNode(ILjava/lang/Object;)Ljava/util/HashMap$Node; @ 126
Event: 7.005 Thread 0x00007f14e819e800 Uncommon trap: reason=bimorphic action=maybe_recompile pc=0x00007f14d9202860 method=java.util.HashMap.getNode(ILjava/lang/Object;)Ljava/util/HashMap$Node; @ 126
Event: 7.022 Thread 0x00007f14e819e800 Uncommon trap: reason=bimorphic action=maybe_recompile pc=0x00007f14d9202860 method=java.util.HashMap.getNode(ILjava/lang/Object;)Ljava/util/HashMap$Node; @ 126
Event: 7.022 Thread 0x00007f14e819e800 Uncommon trap: reason=bimorphic action=maybe_recompile pc=0x00007f14d9202860 method=java.util.HashMap.getNode(ILjava/lang/Object;)Ljava/util/HashMap$Node; @ 126
Event: 7.022 Thread 0x00007f14e819e800 Uncommon trap: reason=bimorphic action=maybe_recompile pc=0x00007f14d9219460 method=java.util.HashMap.getNode(ILjava/lang/Object;)Ljava/util/HashMap$Node; @ 126
Event: 7.199 Thread 0x00007f14e800a000 Uncommon trap: reason=unstable_if action=reinterpret pc=0x00007f14d92ccf2c method=java.util.HashMap.putVal(ILjava/lang/Object;Ljava/lang/Object;ZZ)Ljava/lang/Object; @ 162
Event: 7.496 Thread 0x00007f14e800a000 Uncommon trap: reason=unstable_if action=reinterpret pc=0x00007f14d930a16c method=java.util.HashMap.getNode(ILjava/lang/Object;)Ljava/util/HashMap$Node; @ 84

Internal exceptions (6 events):
Event: 0.393 Thread 0x00007f14e800a000 Exception <a 'java/lang/NoSuchMethodError': Method sun.misc.Unsafe.defineClass(Ljava/lang/String;[BII)Ljava/lang/Class; name or signature does not match> (0x00000000eab07cc0) thrown at [/HUDSON3/workspace/8-2-build-linux-amd64/jdk8u101/7261/hotspot/src/sh
Event: 0.393 Thread 0x00007f14e800a000 Exception <a 'java/lang/NoSuchMethodError': Method sun.misc.Unsafe.prefetchRead(Ljava/lang/Object;J)V name or signature does not match> (0x00000000eab07fa8) thrown at [/HUDSON3/workspace/8-2-build-linux-amd64/jdk8u101/7261/hotspot/src/share/vm/prims/jni.c
Event: 6.926 Thread 0x00007f14e81cd800 Implicit null exception at 0x00007f14d92affe2 to 0x00007f14d92b00db
Event: 7.333 Thread 0x00007f14e800a000 Exception <a 'java/lang/ArrayIndexOutOfBoundsException': 18> (0x00000000eb6377f0) thrown at [/HUDSON3/workspace/8-2-build-linux-amd64/jdk8u101/7261/hotspot/src/share/vm/interpreter/interpreterRuntime.cpp, line 366]
Event: 7.334 Thread 0x00007f14e800a000 Exception <a 'java/lang/ArrayIndexOutOfBoundsException': 145> (0x00000000eb639370) thrown at [/HUDSON3/workspace/8-2-build-linux-amd64/jdk8u101/7261/hotspot/src/share/vm/interpreter/interpreterRuntime.cpp, line 366]
Event: 7.408 Thread 0x00007f14e800a000 Exception <a 'java/lang/ArrayIndexOutOfBoundsException': 40> (0x00000000eb63a658) thrown at [/HUDSON3/workspace/8-2-build-linux-amd64/jdk8u101/7261/hotspot/src/share/vm/interpreter/interpreterRuntime.cpp, line 366]

Events (10 events):
Event: 10.324 Thread 0x00007f14e800a000 DEOPT UNPACKING pc=0x00007f14d9047633 sp=0x00007f14f0e9e528 mode 0
Event: 10.578 loading class com/android/dx/rop/code/RegisterSpec$1
Event: 10.578 loading class com/android/dx/rop/code/RegisterSpec$1 done
Event: 11.251 Thread 0x00007f14e818e000 DEOPT PACKING pc=0x00007f14d933beec sp=0x00007f14d171a0f0
Event: 11.251 Thread 0x00007f14e818e000 DEOPT UNPACKING pc=0x00007f14d9047633 sp=0x00007f14d1719df0 mode 0
Event: 11.392 Thread 0x00007f14e81e0800 DEOPT PACKING pc=0x00007f14d93335b0 sp=0x00007f14d1315db0
Event: 11.392 Thread 0x00007f14e81e0800 DEOPT UNPACKING pc=0x00007f14d9047633 sp=0x00007f14d1315ae0 mode 0
Event: 11.488 Thread 0x00007f14e818e000 DEOPT PACKING pc=0x00007f14d92cef16 sp=0x00007f14d171a100
Event: 11.488 Thread 0x00007f14e818e000 DEOPT UNPACKING pc=0x00007f14d9047633 sp=0x00007f14d1719e18 mode 0
Event: 11.724 Executing VM operation: ParallelGCFailedAllocation


Dynamic libraries:
00400000-00401000 r-xp 00000000 08:0a 13514073                           /usr/lib/jvm/java-8-oracle/bin/java
00600000-00601000 rw-p 00000000 08:0a 13514073                           /usr/lib/jvm/java-8-oracle/bin/java
015cc000-015ed000 rw-p 00000000 00:00 0                                  [heap]
c0000000-c5300000 rw-p 00000000 00:00 0 
c5300000-eab00000 ---p 00000000 00:00 0 
eab00000-ef300000 rw-p 00000000 00:00 0 
f3100000-100000000 ---p 00000000 00:00 0 
100000000-1000c0000 rw-p 00000000 00:00 0 
1000c0000-140000000 ---p 00000000 00:00 0 
7f1484000000-7f1484021000 rw-p 00000000 00:00 0 
7f1484021000-7f1488000000 ---p 00000000 00:00 0 
7f148c000000-7f148c033000 rw-p 00000000 00:00 0 
7f148c033000-7f1490000000 ---p 00000000 00:00 0 
7f1490000000-7f1490021000 rw-p 00000000 00:00 0 
7f1490021000-7f1494000000 ---p 00000000 00:00 0 
7f1494000000-7f1494021000 rw-p 00000000 00:00 0 
7f1494021000-7f1498000000 ---p 00000000 00:00 0 
7f1498000000-7f1498021000 rw-p 00000000 00:00 0 
7f1498021000-7f149c000000 ---p 00000000 00:00 0 
7f149c000000-7f149c021000 rw-p 00000000 00:00 0 
7f149c021000-7f14a0000000 ---p 00000000 00:00 0 
7f14a0000000-7f14a0021000 rw-p 00000000 00:00 0 
7f14a0021000-7f14a4000000 ---p 00000000 00:00 0 
7f14a4000000-7f14a440b000 rw-p 00000000 00:00 0 
7f14a440b000-7f14a8000000 ---p 00000000 00:00 0 
7f14a8000000-7f14a85a9000 rw-p 00000000 00:00 0 
7f14a85a9000-7f14ac000000 ---p 00000000 00:00 0 
7f14ac000000-7f14ac021000 rw-p 00000000 00:00 0 
7f14ac021000-7f14b0000000 ---p 00000000 00:00 0 
7f14b0000000-7f14b0573000 rw-p 00000000 00:00 0 
7f14b0573000-7f14b4000000 ---p 00000000 00:00 0 
7f14b4000000-7f14b4021000 rw-p 00000000 00:00 0 
7f14b4021000-7f14b8000000 ---p 00000000 00:00 0 
7f14b8000000-7f14b8021000 rw-p 00000000 00:00 0 
7f14b8021000-7f14bc000000 ---p 00000000 00:00 0 
7f14bc000000-7f14bc021000 rw-p 00000000 00:00 0 
7f14bc021000-7f14c0000000 ---p 00000000 00:00 0 
7f14c0000000-7f14c028d000 rw-p 00000000 00:00 0 
7f14c028d000-7f14c4000000 ---p 00000000 00:00 0 
7f14c4000000-7f14c4021000 rw-p 00000000 00:00 0 
7f14c4021000-7f14c8000000 ---p 00000000 00:00 0 
7f14cc000000-7f14cc021000 rw-p 00000000 00:00 0 
7f14cc021000-7f14d0000000 ---p 00000000 00:00 0 
7f14d1217000-7f14d121a000 ---p 00000000 00:00 0 
7f14d121a000-7f14d1318000 rw-p 00000000 00:00 0                          [stack:15272]
7f14d1318000-7f14d131b000 ---p 00000000 00:00 0 
7f14d131b000-7f14d1419000 rw-p 00000000 00:00 0                          [stack:15271]
7f14d1419000-7f14d141c000 ---p 00000000 00:00 0 
7f14d141c000-7f14d151a000 rw-p 00000000 00:00 0                          [stack:15270]
7f14d151a000-7f14d151d000 ---p 00000000 00:00 0 
7f14d151d000-7f14d161b000 rw-p 00000000 00:00 0                          [stack:15269]
7f14d161b000-7f14d161e000 ---p 00000000 00:00 0 
7f14d161e000-7f14d171c000 rw-p 00000000 00:00 0                          [stack:15268]
7f14d171c000-7f14d171d000 ---p 00000000 00:00 0 
7f14d171d000-7f14d181d000 rw-p 00000000 00:00 0                          [stack:15261]
7f14d181d000-7f14d1820000 ---p 00000000 00:00 0 
7f14d1820000-7f14d191e000 rw-p 00000000 00:00 0                          [stack:15260]
7f14d191e000-7f14d2000000 r--p 00000000 08:0a 13507173                   /usr/lib/locale/locale-archive
7f14d2000000-7f14d4000000 rw-p 00000000 00:00 0 
7f14d4000000-7f14d4021000 rw-p 00000000 00:00 0 
7f14d4021000-7f14d8000000 ---p 00000000 00:00 0 
7f14d80d0000-7f14d80d3000 ---p 00000000 00:00 0 
7f14d80d3000-7f14d81d1000 rw-p 00000000 00:00 0                          [stack:15259]
7f14d81d1000-7f14d81d4000 ---p 00000000 00:00 0 
7f14d81d4000-7f14d82d2000 rw-p 00000000 00:00 0                          [stack:15258]
7f14d82d2000-7f14d82d5000 ---p 00000000 00:00 0 
7f14d82d5000-7f14d83d3000 rw-p 00000000 00:00 0                          [stack:15257]
7f14d83d3000-7f14d83d6000 ---p 00000000 00:00 0 
7f14d83d6000-7f14d84d4000 rw-p 00000000 00:00 0                          [stack:15256]
7f14d84d4000-7f14d84d7000 ---p 00000000 00:00 0 
7f14d84d7000-7f14d85d5000 rw-p 00000000 00:00 0                          [stack:15255]
7f14d85d5000-7f14d85d8000 ---p 00000000 00:00 0 
7f14d85d8000-7f14d86d6000 rw-p 00000000 00:00 0                          [stack:15254]
7f14d86d6000-7f14d86d7000 ---p 00000000 00:00 0 
7f14d86d7000-7f14d9000000 rw-p 00000000 00:00 0                          [stack:15253]
7f14d9000000-7f14d9440000 rwxp 00000000 00:00 0 
7f14d9440000-7f14e8000000 ---p 00000000 00:00 0 
7f14e8000000-7f14e83b8000 rw-p 00000000 00:00 0 
7f14e83b8000-7f14ec000000 ---p 00000000 00:00 0 
7f14ec008000-7f14ec010000 r--s 00038000 08:0a 16915296                   /home/jagruti/workspace/SJSUMap/SJSUMap/app/build/intermediates/exploded-aar/com.google.android.gms/play-services-cast-framework/9.4.0/jars/classes.jar
7f14ec010000-7f14ec7a8000 rw-p 00000000 00:00 0 
7f14ec7a8000-7f14ec981000 r--s 03d29000 08:0a 13516298                   /usr/lib/jvm/java-8-oracle/jre/lib/rt.jar
7f14ec981000-7f14ed037000 rw-p 00000000 00:00 0 
7f14ed037000-7f14ed1f7000 ---p 00000000 00:00 0 
7f14ed1f7000-7f14ed3f7000 rw-p 00000000 00:00 0 
7f14ed3f7000-7f14ed3f8000 ---p 00000000 00:00 0 
7f14ed3f8000-7f14ed4f8000 rw-p 00000000 00:00 0                          [stack:15246]
7f14ed4f8000-7f14ed4f9000 ---p 00000000 00:00 0 
7f14ed4f9000-7f14ed5f9000 rw-p 00000000 00:00 0                          [stack:15245]
7f14ed5f9000-7f14ed5fa000 ---p 00000000 00:00 0 
7f14ed5fa000-7f14ed6fa000 rw-p 00000000 00:00 0                          [stack:15244]
7f14ed6fa000-7f14ed6fb000 ---p 00000000 00:00 0 
7f14ed6fb000-7f14ed825000 rw-p 00000000 00:00 0                          [stack:15243]
7f14ed825000-7f14ed951000 ---p 00000000 00:00 0 
7f14ed951000-7f14ed97b000 rw-p 00000000 00:00 0 
7f14ed97b000-7f14edaa6000 ---p 00000000 00:00 0 
7f14edaa6000-7f14edacb000 rw-p 00000000 00:00 0 
7f14edacb000-7f14edb51000 ---p 00000000 00:00 0 
7f14edb51000-7f14edb63000 rw-p 00000000 00:00 0 
7f14edb63000-7f14edf12000 ---p 00000000 00:00 0 
7f14edf12000-7f14edf2c000 r-xp 00000000 08:0a 13638161                   /usr/lib/jvm/java-8-oracle/jre/lib/amd64/libzip.so
7f14edf2c000-7f14ee12c000 ---p 0001a000 08:0a 13638161                   /usr/lib/jvm/java-8-oracle/jre/lib/amd64/libzip.so
7f14ee12c000-7f14ee12d000 rw-p 0001a000 08:0a 13638161                   /usr/lib/jvm/java-8-oracle/jre/lib/amd64/libzip.so
7f14ee12d000-7f14ee138000 r-xp 00000000 08:0a 11272378                   /lib/x86_64-linux-gnu/libnss_files-2.19.so
7f14ee138000-7f14ee337000 ---p 0000b000 08:0a 11272378                   /lib/x86_64-linux-gnu/libnss_files-2.19.so
7f14ee337000-7f14ee338000 r--p 0000a000 08:0a 11272378                   /lib/x86_64-linux-gnu/libnss_files-2.19.so
7f14ee338000-7f14ee339000 rw-p 0000b000 08:0a 11272378                   /lib/x86_64-linux-gnu/libnss_files-2.19.so
7f14ee339000-7f14ee344000 r-xp 00000000 08:0a 11272385                   /lib/x86_64-linux-gnu/libnss_nis-2.19.so
7f14ee344000-7f14ee543000 ---p 0000b000 08:0a 11272385                   /lib/x86_64-linux-gnu/libnss_nis-2.19.so
7f14ee543000-7f14ee544000 r--p 0000a000 08:0a 11272385                   /lib/x86_64-linux-gnu/libnss_nis-2.19.so
7f14ee544000-7f14ee545000 rw-p 0000b000 08:0a 11272385                   /lib/x86_64-linux-gnu/libnss_nis-2.19.so
7f14ee545000-7f14ee55c000 r-xp 00000000 08:0a 11272382                   /lib/x86_64-linux-gnu/libnsl-2.19.so
7f14ee55c000-7f14ee75b000 ---p 00017000 08:0a 11272382                   /lib/x86_64-linux-gnu/libnsl-2.19.so
7f14ee75b000-7f14ee75c000 r--p 00016000 08:0a 11272382                   /lib/x86_64-linux-gnu/libnsl-2.19.so
7f14ee75c000-7f14ee75d000 rw-p 00017000 08:0a 11272382                   /lib/x86_64-linux-gnu/libnsl-2.19.so
7f14ee75d000-7f14ee75f000 rw-p 00000000 00:00 0 
7f14ee75f000-7f14ee768000 r-xp 00000000 08:0a 11272386                   /lib/x86_64-linux-gnu/libnss_compat-2.19.so
7f14ee768000-7f14ee967000 ---p 00009000 08:0a 11272386                   /lib/x86_64-linux-gnu/libnss_compat-2.19.so
7f14ee967000-7f14ee968000 r--p 00008000 08:0a 11272386                   /lib/x86_64-linux-gnu/libnss_compat-2.19.so
7f14ee968000-7f14ee969000 rw-p 00009000 08:0a 11272386                   /lib/x86_64-linux-gnu/libnss_compat-2.19.so
7f14ee969000-7f14ee993000 r-xp 00000000 08:0a 13638120                   /usr/lib/jvm/java-8-oracle/jre/lib/amd64/libjava.so
7f14ee993000-7f14eeb93000 ---p 0002a000 08:0a 13638120                   /usr/lib/jvm/java-8-oracle/jre/lib/amd64/libjava.so
7f14eeb93000-7f14eeb95000 rw-p 0002a000 08:0a 13638120                   /usr/lib/jvm/java-8-oracle/jre/lib/amd64/libjava.so
7f14eeb95000-7f14eeba2000 r-xp 00000000 08:0a 13638146                   /usr/lib/jvm/java-8-oracle/jre/lib/amd64/libverify.so
7f14eeba2000-7f14eeda2000 ---p 0000d000 08:0a 13638146                   /usr/lib/jvm/java-8-oracle/jre/lib/amd64/libverify.so
7f14eeda2000-7f14eeda4000 rw-p 0000d000 08:0a 13638146                   /usr/lib/jvm/java-8-oracle/jre/lib/amd64/libverify.so
7f14eeda4000-7f14eedab000 r-xp 00000000 08:0a 11272393                   /lib/x86_64-linux-gnu/librt-2.19.so
7f14eedab000-7f14eefaa000 ---p 00007000 08:0a 11272393                   /lib/x86_64-linux-gnu/librt-2.19.so
7f14eefaa000-7f14eefab000 r--p 00006000 08:0a 11272393                   /lib/x86_64-linux-gnu/librt-2.19.so
7f14eefab000-7f14eefac000 rw-p 00007000 08:0a 11272393                   /lib/x86_64-linux-gnu/librt-2.19.so
7f14eefac000-7f14ef0b1000 r-xp 00000000 08:0a 11272379                   /lib/x86_64-linux-gnu/libm-2.19.so
7f14ef0b1000-7f14ef2b0000 ---p 00105000 08:0a 11272379                   /lib/x86_64-linux-gnu/libm-2.19.so
7f14ef2b0000-7f14ef2b1000 r--p 00104000 08:0a 11272379                   /lib/x86_64-linux-gnu/libm-2.19.so
7f14ef2b1000-7f14ef2b2000 rw-p 00105000 08:0a 11272379                   /lib/x86_64-linux-gnu/libm-2.19.so
7f14ef2b2000-7f14eff7d000 r-xp 00000000 08:0a 13642260                   /usr/lib/jvm/java-8-oracle/jre/lib/amd64/server/libjvm.so
7f14eff7d000-7f14f017c000 ---p 00ccb000 08:0a 13642260                   /usr/lib/jvm/java-8-oracle/jre/lib/amd64/server/libjvm.so
7f14f017c000-7f14f0255000 rw-p 00cca000 08:0a 13642260                   /usr/lib/jvm/java-8-oracle/jre/lib/amd64/server/libjvm.so
7f14f0255000-7f14f02a0000 rw-p 00000000 00:00 0 
7f14f02a0000-7f14f045c000 r-xp 00000000 08:0a 11272376                   /lib/x86_64-linux-gnu/libc-2.19.so
7f14f045c000-7f14f065b000 ---p 001bc000 08:0a 11272376                   /lib/x86_64-linux-gnu/libc-2.19.so
7f14f065b000-7f14f065f000 r--p 001bb000 08:0a 11272376                   /lib/x86_64-linux-gnu/libc-2.19.so
7f14f065f000-7f14f0661000 rw-p 001bf000 08:0a 11272376                   /lib/x86_64-linux-gnu/libc-2.19.so
7f14f0661000-7f14f0666000 rw-p 00000000 00:00 0 
7f14f0666000-7f14f0669000 r-xp 00000000 08:0a 11272389                   /lib/x86_64-linux-gnu/libdl-2.19.so
7f14f0669000-7f14f0868000 ---p 00003000 08:0a 11272389                   /lib/x86_64-linux-gnu/libdl-2.19.so
7f14f0868000-7f14f0869000 r--p 00002000 08:0a 11272389                   /lib/x86_64-linux-gnu/libdl-2.19.so
7f14f0869000-7f14f086a000 rw-p 00003000 08:0a 11272389                   /lib/x86_64-linux-gnu/libdl-2.19.so
7f14f086a000-7f14f087f000 r-xp 00000000 08:0a 13514760                   /usr/lib/jvm/java-8-oracle/lib/amd64/jli/libjli.so
7f14f087f000-7f14f0a7f000 ---p 00015000 08:0a 13514760                   /usr/lib/jvm/java-8-oracle/lib/amd64/jli/libjli.so
7f14f0a7f000-7f14f0a80000 rw-p 00015000 08:0a 13514760                   /usr/lib/jvm/java-8-oracle/lib/amd64/jli/libjli.so
7f14f0a80000-7f14f0a99000 r-xp 00000000 08:0a 11272392                   /lib/x86_64-linux-gnu/libpthread-2.19.so
7f14f0a99000-7f14f0c98000 ---p 00019000 08:0a 11272392                   /lib/x86_64-linux-gnu/libpthread-2.19.so
7f14f0c98000-7f14f0c99000 r--p 00018000 08:0a 11272392                   /lib/x86_64-linux-gnu/libpthread-2.19.so
7f14f0c99000-7f14f0c9a000 rw-p 00019000 08:0a 11272392                   /lib/x86_64-linux-gnu/libpthread-2.19.so
7f14f0c9a000-7f14f0c9e000 rw-p 00000000 00:00 0 
7f14f0c9e000-7f14f0cc1000 r-xp 00000000 08:0a 11272375                   /lib/x86_64-linux-gnu/ld-2.19.so
7f14f0cc7000-7f14f0da0000 rw-p 00000000 00:00 0 
7f14f0da0000-7f14f0da3000 ---p 00000000 00:00 0 
7f14f0da3000-7f14f0ea6000 rw-p 00000000 00:00 0                          [stack:15241]
7f14f0ea6000-7f14f0eb4000 r--s 000e0000 08:0a 14423934                   /home/jagruti/Android/Sdk/build-tools/24.0.2/lib/dx.jar
7f14f0eb4000-7f14f0ebc000 rw-s 00000000 08:0a 6165627                    /tmp/hsperfdata_jagruti/15237
7f14f0ebc000-7f14f0ebd000 rw-p 00000000 00:00 0 
7f14f0ebd000-7f14f0ebe000 ---p 00000000 00:00 0 
7f14f0ebe000-7f14f0ec0000 rw-p 00000000 00:00 0 
7f14f0ec0000-7f14f0ec1000 r--p 00022000 08:0a 11272375                   /lib/x86_64-linux-gnu/ld-2.19.so
7f14f0ec1000-7f14f0ec2000 rw-p 00023000 08:0a 11272375                   /lib/x86_64-linux-gnu/ld-2.19.so
7f14f0ec2000-7f14f0ec3000 rw-p 00000000 00:00 0 
7fffeb0fe000-7fffeb120000 rw-p 00000000 00:00 0                          [stack]
7fffeb15a000-7fffeb15c000 r--p 00000000 00:00 0                          [vvar]
7fffeb15c000-7fffeb15e000 r-xp 00000000 00:00 0                          [vdso]
ffffffffff600000-ffffffffff601000 r-xp 00000000 00:00 0                  [vsyscall]

VM Arguments:
jvm_args: -Djava.awt.headless=true -Xmx1024M -Dfile.encoding=UTF-8 -Duser.country=US -Duser.language=en -Duser.variant 
java_command: com.android.dx.command.Main --dex --force-jumbo --num-threads=4 --multi-dex --output /home/jagruti/workspace/SJSUMap/SJSUMap/app/build/intermediates/transforms/dex/debug/folders/1000/10/com.google.android.gms-play-services-cast-framework-9.4.0_453158ffeecfd1a805c2c9fea6d8a7ac710aa712 /home/jagruti/workspace/SJSUMap/SJSUMap/app/build/intermediates/exploded-aar/com.google.android.gms/play-services-cast-framework/9.4.0/jars/classes.jar
java_class_path (initial): /home/jagruti/Android/Sdk/build-tools/24.0.2/lib/dx.jar
Launcher Type: SUN_STANDARD

Environment Variables:
JAVA_HOME=/usr/lib/jvm/java-8-oracle
PATH=/usr/local/heroku/bin:/usr/lib/jvm/java-8-oracle/bin:/usr/lib/jvm/java-8-oracle/lib:/home/jagruti/workspace/paul281/AutoScaling-1.0.61.6/bin:/usr/bin/:/home/jagruti/workspace/paul281/AutoScaling-1.0.61.6/credential-file-path.template:/usr/local/src/scala/scala-2.10.4/bin:/home/jagruti/.sdkman/candidates/grails/current/bin:/usr/local/sbin:/usr/local/bin:/usr/sbin:/usr/bin:/sbin:/bin:/usr/games:/usr/local/games
LD_LIBRARY_PATH=.:/usr/lib/jvm/java-8-oracle/lib:/home/jagruti/workspace/paul281/AutoScaling-1.0.61.6/lib:
SHELL=/bin/bash
DISPLAY=:0

Signal Handlers:
SIGSEGV: [libjvm.so+0xac4790], sa_mask[0]=11111111011111111101111111111110, sa_flags=SA_RESTART|SA_SIGINFO
SIGBUS: [libjvm.so+0xac4790], sa_mask[0]=11111111011111111101111111111110, sa_flags=SA_RESTART|SA_SIGINFO
SIGFPE: [libjvm.so+0x91f140], sa_mask[0]=11111111011111111101111111111110, sa_flags=SA_RESTART|SA_SIGINFO
SIGPIPE: [libjvm.so+0x91f140], sa_mask[0]=11111111011111111101111111111110, sa_flags=SA_RESTART|SA_SIGINFO
SIGXFSZ: [libjvm.so+0x91f140], sa_mask[0]=11111111011111111101111111111110, sa_flags=SA_RESTART|SA_SIGINFO
SIGILL: [libjvm.so+0x91f140], sa_mask[0]=11111111011111111101111111111110, sa_flags=SA_RESTART|SA_SIGINFO
SIGUSR1: SIG_DFL, sa_mask[0]=00000000000000000000000000000000, sa_flags=none
SIGUSR2: [libjvm.so+0x920770], sa_mask[0]=00100000000000000000000000000000, sa_flags=SA_RESTART|SA_SIGINFO
SIGHUP: [libjvm.so+0x921b70], sa_mask[0]=11111111011111111101111111111110, sa_flags=SA_RESTART|SA_SIGINFO
SIGINT: [libjvm.so+0x921b70], sa_mask[0]=11111111011111111101111111111110, sa_flags=SA_RESTART|SA_SIGINFO
SIGTERM: [libjvm.so+0x921b70], sa_mask[0]=11111111011111111101111111111110, sa_flags=SA_RESTART|SA_SIGINFO
SIGQUIT: [libjvm.so+0x921b70], sa_mask[0]=11111111011111111101111111111110, sa_flags=SA_RESTART|SA_SIGINFO


---------------  S Y S T E M  ---------------

OS:DISTRIB_ID=Ubuntu
DISTRIB_RELEASE=14.04
DISTRIB_CODENAME=trusty
DISTRIB_DESCRIPTION="Ubuntu 14.04.3 LTS"

uname:Linux 3.19.0-30-generic #34~14.04.1-Ubuntu SMP Fri Oct 2 22:09:39 UTC 2015 x86_64
libc:glibc 2.19 NPTL 2.19 
rlimit: STACK 8192k, CORE 0k, NPROC 31132, NOFILE 4096, AS infinity
load average:31.36 11.21 4.74

/proc/meminfo:
MemTotal:        8065492 kB
MemFree:          354688 kB
MemAvailable:     341880 kB
Buffers:            2508 kB
Cached:          1617392 kB
SwapCached:            0 kB
Active:          6087628 kB
Inactive:        1395044 kB
Active(anon):    6075816 kB
Inactive(anon):  1316244 kB
Active(file):      11812 kB
Inactive(file):    78800 kB
Unevictable:          48 kB
Mlocked:              48 kB
SwapTotal:             0 kB
SwapFree:              0 kB
Dirty:               252 kB
Writeback:             0 kB
AnonPages:       5863804 kB
Mapped:           521556 kB
Shmem:           1528428 kB
Slab:              98344 kB
SReclaimable:      52700 kB
SUnreclaim:        45644 kB
KernelStack:       14944 kB
PageTables:        56868 kB
NFS_Unstable:          0 kB
Bounce:                0 kB
WritebackTmp:          0 kB
CommitLimit:     4032744 kB
Committed_AS:   14360532 kB
VmallocTotal:   34359738367 kB
VmallocUsed:      559856 kB
VmallocChunk:   34359098140 kB
HardwareCorrupted:     0 kB
AnonHugePages:   2607104 kB
CmaTotal:              0 kB
CmaFree:               0 kB
HugePages_Total:       0
HugePages_Free:        0
HugePages_Rsvd:        0
HugePages_Surp:        0
Hugepagesize:       2048 kB
DirectMap4k:      217856 kB
DirectMap2M:     5963776 kB
DirectMap1G:     3145728 kB


CPU:total 4 (2 cores per cpu, 2 threads per core) family 6 model 69 stepping 1, cmov, cx8, fxsr, mmx, sse, sse2, sse3, ssse3, sse4.1, sse4.2, popcnt, avx, avx2, aes, clmul, erms, lzcnt, ht, tsc, tscinvbit, bmi1, bmi2

/proc/cpuinfo:
processor	: 0
vendor_id	: GenuineIntel
cpu family	: 6
model		: 69
model name	: Intel(R) Core(TM) i7-4510U CPU @ 2.00GHz
stepping	: 1
microcode	: 0x1c
cpu MHz		: 2856.546
cache size	: 4096 KB
physical id	: 0
siblings	: 4
core id		: 0
cpu cores	: 2
apicid		: 0
initial apicid	: 0
fpu		: yes
fpu_exception	: yes
cpuid level	: 13
wp		: yes
flags		: fpu vme de pse tsc msr pae mce cx8 apic sep mtrr pge mca cmov pat pse36 clflush dts acpi mmx fxsr sse sse2 ss ht tm pbe syscall nx pdpe1gb rdtscp lm constant_tsc arch_perfmon pebs bts rep_good nopl xtopology nonstop_tsc aperfmperf eagerfpu pni pclmulqdq dtes64 monitor ds_cpl vmx est tm2 ssse3 fma cx16 xtpr pdcm pcid sse4_1 sse4_2 movbe popcnt tsc_deadline_timer aes xsave avx f16c rdrand lahf_lm abm ida arat epb pln pts dtherm tpr_shadow vnmi flexpriority ept vpid fsgsbase tsc_adjust bmi1 avx2 smep bmi2 erms invpcid xsaveopt
bugs		:
bogomips	: 5188.18
clflush size	: 64
cache_alignment	: 64
address sizes	: 39 bits physical, 48 bits virtual
power management:

processor	: 1
vendor_id	: GenuineIntel
cpu family	: 6
model		: 69
model name	: Intel(R) Core(TM) i7-4510U CPU @ 2.00GHz
stepping	: 1
microcode	: 0x1c
cpu MHz		: 2826.890
cache size	: 4096 KB
physical id	: 0
siblings	: 4
core id		: 0
cpu cores	: 2
apicid		: 1
initial apicid	: 1
fpu		: yes
fpu_exception	: yes
cpuid level	: 13
wp		: yes
flags		: fpu vme de pse tsc msr pae mce cx8 apic sep mtrr pge mca cmov pat pse36 clflush dts acpi mmx fxsr sse sse2 ss ht tm pbe syscall nx pdpe1gb rdtscp lm constant_tsc arch_perfmon pebs bts rep_good nopl xtopology nonstop_tsc aperfmperf eagerfpu pni pclmulqdq dtes64 monitor ds_cpl vmx est tm2 ssse3 fma cx16 xtpr pdcm pcid sse4_1 sse4_2 movbe popcnt tsc_deadline_timer aes xsave avx f16c rdrand lahf_lm abm ida arat epb pln pts dtherm tpr_shadow vnmi flexpriority ept vpid fsgsbase tsc_adjust bmi1 avx2 smep bmi2 erms invpcid xsaveopt
bugs		:
bogomips	: 5188.18
clflush size	: 64
cache_alignment	: 64
address sizes	: 39 bits physical, 48 bits virtual
power management:

processor	: 2
vendor_id	: GenuineIntel
cpu family	: 6
model		: 69
model name	: Intel(R) Core(TM) i7-4510U CPU @ 2.00GHz
stepping	: 1
microcode	: 0x1c
cpu MHz		: 2828.921
cache size	: 4096 KB
physical id	: 0
siblings	: 4
core id		: 1
cpu cores	: 2
apicid		: 2
initial apicid	: 2
fpu		: yes
fpu_exception	: yes
cpuid level	: 13
wp		: yes
flags		: fpu vme de pse tsc msr pae mce cx8 apic sep mtrr pge mca cmov pat pse36 clflush dts acpi mmx fxsr sse sse2 ss ht tm pbe syscall nx pdpe1gb rdtscp lm constant_tsc arch_perfmon pebs bts rep_good nopl xtopology nonstop_tsc aperfmperf eagerfpu pni pclmulqdq dtes64 monitor ds_cpl vmx est tm2 ssse3 fma cx16 xtpr pdcm pcid sse4_1 sse4_2 movbe popcnt tsc_deadline_timer aes xsave avx f16c rdrand lahf_lm abm ida arat epb pln pts dtherm tpr_shadow vnmi flexpriority ept vpid fsgsbase tsc_adjust bmi1 avx2 smep bmi2 erms invpcid xsaveopt
bugs		:
bogomips	: 5188.18
clflush size	: 64
cache_alignment	: 64
address sizes	: 39 bits physical, 48 bits virtual
power management:

processor	: 3
vendor_id	: GenuineIntel
cpu family	: 6
model		: 69
model name	: Intel(R) Core(TM) i7-4510U CPU @ 2.00GHz
stepping	: 1
microcode	: 0x1c
cpu MHz		: 2799.976
cache size	: 4096 KB
physical id	: 0
siblings	: 4
core id		: 1
cpu cores	: 2
apicid		: 3
initial apicid	: 3
fpu		: yes
fpu_exception	: yes
cpuid level	: 13
wp		: yes
flags		: fpu vme de pse tsc msr pae mce cx8 apic sep mtrr pge mca cmov pat pse36 clflush dts acpi mmx fxsr sse sse2 ss ht tm pbe syscall nx pdpe1gb rdtscp lm constant_tsc arch_perfmon pebs bts rep_good nopl xtopology nonstop_tsc aperfmperf eagerfpu pni pclmulqdq dtes64 monitor ds_cpl vmx est tm2 ssse3 fma cx16 xtpr pdcm pcid sse4_1 sse4_2 movbe popcnt tsc_deadline_timer aes xsave avx f16c rdrand lahf_lm abm ida arat epb pln pts dtherm tpr_shadow vnmi flexpriority ept vpid fsgsbase tsc_adjust bmi1 avx2 smep bmi2 erms invpcid xsaveopt
bugs		:
bogomips	: 5188.18
clflush size	: 64
cache_alignment	: 64
address sizes	: 39 bits physical, 48 bits virtual
power management:



Memory: 4k page, physical 8065492k(354688k free), swap 0k(0k free)

vm_info: Java HotSpot(TM) 64-Bit Server VM (25.101-b13) for linux-amd64 JRE (1.8.0_101-b13), built on Jun 22 2016 02:59:44 by "java_re" with gcc 4.3.0 20080428 (Red Hat 4.3.0-8)

time: Wed Oct 26 12:22:32 2016
elapsed time: 35 seconds (0d 0h 0m 35s)

