#
# There is insufficient memory for the Java Runtime Environment to continue.
# Native memory allocation (mmap) failed to map 181403648 bytes for committing reserved memory.
# Possible reasons:
#   The system is out of physical RAM or swap space
#   In 32 bit mode, the process size limit was hit
# Possible solutions:
#   Reduce memory load on the system
#   Increase physical memory or swap space
#   Check if swap backing store is full
#   Use 64 bit Java on a 64 bit OS
#   Decrease Java heap size (-Xmx/-Xms)
#   Decrease number of Java threads
#   Decrease Java thread stack sizes (-Xss)
#   Set larger code cache with -XX:ReservedCodeCacheSize=
# This output file may be truncated or incomplete.
#
#  Out of Memory Error (os_linux.cpp:2627), pid=6197, tid=0x00007f5361de9700
#
# JRE version: Java(TM) SE Runtime Environment (8.0_101-b13) (build 1.8.0_101-b13)
# Java VM: Java HotSpot(TM) 64-Bit Server VM (25.101-b13 mixed mode linux-amd64 compressed oops)
# Failed to write core dump. Core dumps have been disabled. To enable core dumping, try "ulimit -c unlimited" before starting Java again
#

---------------  T H R E A D  ---------------

Current thread (0x00007f5378078000):  VMThread [stack: 0x00007f5361ce9000,0x00007f5361dea000] [id=6210]

Stack: [0x00007f5361ce9000,0x00007f5361dea000],  sp=0x00007f5361de8260,  free space=1020k
Native frames: (J=compiled Java code, j=interpreted, Vv=VM code, C=native code)
V  [libjvm.so+0xac3f0a]  VMError::report_and_die()+0x2ba
V  [libjvm.so+0x4fbf9b]  report_vm_out_of_memory(char const*, int, unsigned long, VMErrorType, char const*)+0x8b
V  [libjvm.so+0x9222d3]  os::Linux::commit_memory_impl(char*, unsigned long, bool)+0x103
V  [libjvm.so+0x922829]  os::pd_commit_memory(char*, unsigned long, unsigned long, bool)+0x29
V  [libjvm.so+0x91cb2a]  os::commit_memory(char*, unsigned long, unsigned long, bool)+0x2a
V  [libjvm.so+0x991053]  PSVirtualSpace::expand_by(unsigned long)+0x53
V  [libjvm.so+0x992458]  PSYoungGen::resize_generation(unsigned long, unsigned long)+0xf8
V  [libjvm.so+0x9915b2]  PSYoungGen::resize(unsigned long, unsigned long)+0x22
V  [libjvm.so+0x98e88b]  PSScavenge::invoke_no_policy()+0xf3b
V  [libjvm.so+0x98f011]  PSScavenge::invoke()+0x41
V  [libjvm.so+0x945fc0]  ParallelScavengeHeap::failed_mem_allocate(unsigned long)+0x70
V  [libjvm.so+0xac5927]  VM_ParallelGCFailedAllocation::doit()+0x97
V  [libjvm.so+0xacd405]  VM_Operation::evaluate()+0x55
V  [libjvm.so+0xacb7da]  VMThread::evaluate_operation(VM_Operation*)+0xba
V  [libjvm.so+0xacbb5e]  VMThread::loop()+0x1ce
V  [libjvm.so+0xacbfd0]  VMThread::run()+0x70
V  [libjvm.so+0x924698]  java_start(Thread*)+0x108

VM_Operation (0x00007f537e7498c0): ParallelGCFailedAllocation, mode: safepoint, requested by thread 0x00007f537800a000


---------------  P R O C E S S  ---------------

Java Threads: ( => current thread )
  0x00007f53780c0800 JavaThread "Service Thread" daemon [_thread_blocked, id=6218, stack(0x00007f5360f00000,0x00007f5361001000)]
  0x00007f53780bd800 JavaThread "C1 CompilerThread2" daemon [_thread_blocked, id=6217, stack(0x00007f5361001000,0x00007f5361102000)]
  0x00007f53780bb800 JavaThread "C2 CompilerThread1" daemon [_thread_blocked, id=6216, stack(0x00007f5361102000,0x00007f5361203000)]
  0x00007f53780b9000 JavaThread "C2 CompilerThread0" daemon [_thread_blocked, id=6215, stack(0x00007f5361203000,0x00007f5361304000)]
  0x00007f53780b7800 JavaThread "Signal Dispatcher" daemon [_thread_blocked, id=6214, stack(0x00007f5361304000,0x00007f5361405000)]
  0x00007f5378084000 JavaThread "Finalizer" daemon [_thread_blocked, id=6212, stack(0x00007f5361ae7000,0x00007f5361be8000)]
  0x00007f537807f800 JavaThread "Reference Handler" daemon [_thread_blocked, id=6211, stack(0x00007f5361be8000,0x00007f5361ce9000)]
  0x00007f537800a000 JavaThread "main" [_thread_blocked, id=6203, stack(0x00007f537e64b000,0x00007f537e74c000)]

Other Threads:
=>0x00007f5378078000 VMThread [stack: 0x00007f5361ce9000,0x00007f5361dea000] [id=6210]
  0x00007f53780c3800 WatcherThread [stack: 0x00007f5360dff000,0x00007f5360f00000] [id=6219]

VM state:at safepoint (normal execution)

VM Mutex/Monitor currently owned by a thread:  ([mutex/lock_event])
[0x00007f5378006430] Threads_lock - owner thread: 0x00007f5378078000
[0x00007f5378006930] Heap_lock - owner thread: 0x00007f537800a000

Heap:
 PSYoungGen      total 132096K, used 5104K [0x00000000d6f80000, 0x00000000df580000, 0x0000000100000000)
  eden space 126976K, 0% used [0x00000000d6f80000,0x00000000d6f80000,0x00000000deb80000)
  from space 5120K, 99% used [0x00000000deb80000,0x00000000df07c030,0x00000000df080000)
  to   space 5120K, 0% used [0x00000000df080000,0x00000000df080000,0x00000000df580000)
 ParOldGen       total 84992K, used 44687K [0x0000000084e00000, 0x000000008a100000, 0x00000000d6f80000)
  object space 84992K, 52% used [0x0000000084e00000,0x00000000879a3f38,0x000000008a100000)
 Metaspace       used 3651K, capacity 5144K, committed 5376K, reserved 1056768K
  class space    used 384K, capacity 456K, committed 512K, reserved 1048576K

Card table byte_map: [0x00007f5368019000,0x00007f53683f3000] byte_map_base: 0x00007f5367bf2000

Marking Bits: (ParMarkBitMap*) 0x00007f537db1e120
 Begin Bits: [0x00007f5363bf4000, 0x00007f5365abc000)
 End Bits:   [0x00007f5365abc000, 0x00007f5367984000)

Polling page: 0x00007f537e768000

CodeCache: size=245760Kb used=3894Kb max_used=3922Kb free=241865Kb
 bounds [0x00007f53687b3000, 0x00007f5368b93000, 0x00007f53777b3000]
 total_blobs=847 nmethods=602 adapters=159
 compilation: enabled

Compilation events (10 events):
Event: 6.399 Thread 0x00007f53780bb800 nmethod 589 0x00007f5368b556d0 code [0x00007f5368b55880, 0x00007f5368b56118]
Event: 6.399 Thread 0x00007f53780bb800  476       4       com.android.dx.cf.iface.StdAttributeList::get (9 bytes)
Event: 6.400 Thread 0x00007f53780bb800 nmethod 476 0x00007f5368b4b350 code [0x00007f5368b4b4a0, 0x00007f5368b4b5b8]
Event: 6.480 Thread 0x00007f53780b9000 nmethod 603 0x00007f5368b809d0 code [0x00007f5368b813a0, 0x00007f5368b89500]
Event: 6.511 Thread 0x00007f53780bb800  613       4       java.util.ArrayList$Itr::<init> (6 bytes)
Event: 6.512 Thread 0x00007f53780bb800 nmethod 613 0x00007f5368b4b090 code [0x00007f5368b4b1e0, 0x00007f5368b4b278]
Event: 6.518 Thread 0x00007f53780b9000  614   !   4       com.android.dx.cf.direct.DirectClassFile::parse (75 bytes)
Event: 6.518 Thread 0x00007f53780bd800  615       3       java.util.HashMap::putVal (300 bytes)
Event: 6.519 Thread 0x00007f53780b9000 nmethod 614 0x00007f5368b368d0 code [0x00007f5368b36a20, 0x00007f5368b36b08]
Event: 6.519 Thread 0x00007f53780bd800 nmethod 615 0x00007f5368b5f350 code [0x00007f5368b5f5c0, 0x00007f5368b60858]

GC Heap History (9 events):
Event: 2.437 GC heap before
{Heap before GC invocations=1 (full 0):
 PSYoungGen      total 36864K, used 31744K [0x00000000d6f80000, 0x00000000d9880000, 0x0000000100000000)
  eden space 31744K, 100% used [0x00000000d6f80000,0x00000000d8e80000,0x00000000d8e80000)
  from space 5120K, 0% used [0x00000000d9380000,0x00000000d9380000,0x00000000d9880000)
  to   space 5120K, 0% used [0x00000000d8e80000,0x00000000d8e80000,0x00000000d9380000)
 ParOldGen       total 84992K, used 0K [0x0000000084e00000, 0x000000008a100000, 0x00000000d6f80000)
  object space 84992K, 0% used [0x0000000084e00000,0x0000000084e00000,0x000000008a100000)
 Metaspace       used 3591K, capacity 5080K, committed 5376K, reserved 1056768K
  class space    used 380K, capacity 456K, committed 512K, reserved 1048576K
Event: 2.462 GC heap after
Heap after GC invocations=1 (full 0):
 PSYoungGen      total 36864K, used 4313K [0x00000000d6f80000, 0x00000000db780000, 0x0000000100000000)
  eden space 31744K, 0% used [0x00000000d6f80000,0x00000000d6f80000,0x00000000d8e80000)
  from space 5120K, 84% used [0x00000000d8e80000,0x00000000d92b6430,0x00000000d9380000)
  to   space 5120K, 0% used [0x00000000db280000,0x00000000db280000,0x00000000db780000)
 ParOldGen       total 84992K, used 8K [0x0000000084e00000, 0x000000008a100000, 0x00000000d6f80000)
  object space 84992K, 0% used [0x0000000084e00000,0x0000000084e02000,0x000000008a100000)
 Metaspace       used 3591K, capacity 5080K, committed 5376K, reserved 1056768K
  class space    used 380K, capacity 456K, committed 512K, reserved 1048576K
}
Event: 2.694 GC heap before
{Heap before GC invocations=2 (full 0):
 PSYoungGen      total 36864K, used 36057K [0x00000000d6f80000, 0x00000000db780000, 0x0000000100000000)
  eden space 31744K, 100% used [0x00000000d6f80000,0x00000000d8e80000,0x00000000d8e80000)
  from space 5120K, 84% used [0x00000000d8e80000,0x00000000d92b6430,0x00000000d9380000)
  to   space 5120K, 0% used [0x00000000db280000,0x00000000db280000,0x00000000db780000)
 ParOldGen       total 84992K, used 8K [0x0000000084e00000, 0x000000008a100000, 0x00000000d6f80000)
  object space 84992K, 0% used [0x0000000084e00000,0x0000000084e02000,0x000000008a100000)
 Metaspace       used 3643K, capacity 5144K, committed 5376K, reserved 1056768K
  class space    used 384K, capacity 456K, committed 512K, reserved 1048576K
Event: 2.723 GC heap after
Heap after GC invocations=2 (full 0):
 PSYoungGen      total 68608K, used 5092K [0x00000000d6f80000, 0x00000000db780000, 0x0000000100000000)
  eden space 63488K, 0% used [0x00000000d6f80000,0x00000000d6f80000,0x00000000dad80000)
  from space 5120K, 99% used [0x00000000db280000,0x00000000db7793d0,0x00000000db780000)
  to   space 5120K, 0% used [0x00000000dad80000,0x00000000dad80000,0x00000000db280000)
 ParOldGen       total 84992K, used 1466K [0x0000000084e00000, 0x000000008a100000, 0x00000000d6f80000)
  object space 84992K, 1% used [0x0000000084e00000,0x0000000084f6e8e0,0x000000008a100000)
 Metaspace       used 3643K, capacity 5144K, committed 5376K, reserved 1056768K
  class space    used 384K, capacity 456K, committed 512K, reserved 1048576K
}
Event: 3.486 GC heap before
{Heap before GC invocations=3 (full 0):
 PSYoungGen      total 68608K, used 68580K [0x00000000d6f80000, 0x00000000db780000, 0x0000000100000000)
  eden space 63488K, 100% used [0x00000000d6f80000,0x00000000dad80000,0x00000000dad80000)
  from space 5120K, 99% used [0x00000000db280000,0x00000000db7793d0,0x00000000db780000)
  to   space 5120K, 0% used [0x00000000dad80000,0x00000000dad80000,0x00000000db280000)
 ParOldGen       total 84992K, used 1466K [0x0000000084e00000, 0x000000008a100000, 0x00000000d6f80000)
  object space 84992K, 1% used [0x0000000084e00000,0x0000000084f6e8e0,0x000000008a100000)
 Metaspace       used 3643K, capacity 5144K, committed 5376K, reserved 1056768K
  class space    used 384K, capacity 456K, committed 512K, reserved 1048576K
Event: 3.824 GC heap after
Heap after GC invocations=3 (full 0):
 PSYoungGen      total 68608K, used 5104K [0x00000000d6f80000, 0x00000000df580000, 0x0000000100000000)
  eden space 63488K, 0% used [0x00000000d6f80000,0x00000000d6f80000,0x00000000dad80000)
  from space 5120K, 99% used [0x00000000dad80000,0x00000000db27c030,0x00000000db280000)
  to   space 5120K, 0% used [0x00000000df080000,0x00000000df080000,0x00000000df580000)
 ParOldGen       total 84992K, used 10317K [0x0000000084e00000, 0x000000008a100000, 0x00000000d6f80000)
  object space 84992K, 12% used [0x0000000084e00000,0x00000000858136b8,0x000000008a100000)
 Metaspace       used 3643K, capacity 5144K, committed 5376K, reserved 1056768K
  class space    used 384K, capacity 456K, committed 512K, reserved 1048576K
}
Event: 4.106 GC heap before
{Heap before GC invocations=4 (full 0):
 PSYoungGen      total 68608K, used 68592K [0x00000000d6f80000, 0x00000000df580000, 0x0000000100000000)
  eden space 63488K, 100% used [0x00000000d6f80000,0x00000000dad80000,0x00000000dad80000)
  from space 5120K, 99% used [0x00000000dad80000,0x00000000db27c030,0x00000000db280000)
  to   space 5120K, 0% used [0x00000000df080000,0x00000000df080000,0x00000000df580000)
 ParOldGen       total 84992K, used 10317K [0x0000000084e00000, 0x000000008a100000, 0x00000000d6f80000)
  object space 84992K, 12% used [0x0000000084e00000,0x00000000858136b8,0x000000008a100000)
 Metaspace       used 3645K, capacity 5144K, committed 5376K, reserved 1056768K
  class space    used 384K, capacity 456K, committed 512K, reserved 1048576K
Event: 4.161 GC heap after
Heap after GC invocations=4 (full 0):
 PSYoungGen      total 132096K, used 5092K [0x00000000d6f80000, 0x00000000df580000, 0x0000000100000000)
  eden space 126976K, 0% used [0x00000000d6f80000,0x00000000d6f80000,0x00000000deb80000)
  from space 5120K, 99% used [0x00000000df080000,0x00000000df579060,0x00000000df580000)
  to   space 5120K, 0% used [0x00000000deb80000,0x00000000deb80000,0x00000000df080000)
 ParOldGen       total 84992K, used 22520K [0x0000000084e00000, 0x000000008a100000, 0x00000000d6f80000)
  object space 84992K, 26% used [0x0000000084e00000,0x00000000863fe1d0,0x000000008a100000)
 Metaspace       used 3645K, capacity 5144K, committed 5376K, reserved 1056768K
  class space    used 384K, capacity 456K, committed 512K, reserved 1048576K
}
Event: 6.933 GC heap before
{Heap before GC invocations=5 (full 0):
 PSYoungGen      total 132096K, used 132068K [0x00000000d6f80000, 0x00000000df580000, 0x0000000100000000)
  eden space 126976K, 100% used [0x00000000d6f80000,0x00000000deb80000,0x00000000deb80000)
  from space 5120K, 99% used [0x00000000df080000,0x00000000df579060,0x00000000df580000)
  to   space 5120K, 0% used [0x00000000deb80000,0x00000000deb80000,0x00000000df080000)
 ParOldGen       total 84992K, used 22520K [0x0000000084e00000, 0x000000008a100000, 0x00000000d6f80000)
  object space 84992K, 26% used [0x0000000084e00000,0x00000000863fe1d0,0x000000008a100000)
 Metaspace       used 3651K, capacity 5144K, committed 5376K, reserved 1056768K
  class space    used 384K, capacity 456K, committed 512K, reserved 1048576K

Deoptimization events (6 events):
Event: 2.379 Thread 0x00007f537800a000 Uncommon trap: reason=unloaded action=reinterpret pc=0x00007f53689ced4c method=com.android.dx.cf.cst.ConstantPoolParser.parse0(ILjava/util/BitSet;)Lcom/android/dx/rop/cst/Constant; @ 176
Event: 2.564 Thread 0x00007f537800a000 Uncommon trap: reason=unstable_if action=reinterpret pc=0x00007f5368a4211c method=com.android.dx.cf.direct.StdAttributeFactory.parse0(Lcom/android/dx/cf/direct/DirectClassFile;ILjava/lang/String;IILcom/android/dx/cf/iface/ParseObserver;)Lcom/android/dx/cf
Event: 4.239 Thread 0x00007f537800a000 Uncommon trap: reason=unstable_if action=reinterpret pc=0x00007f5368abfe60 method=java.util.HashMap.getNode(ILjava/lang/Object;)Ljava/util/HashMap$Node; @ 62
Event: 4.239 Thread 0x00007f537800a000 Uncommon trap: reason=unstable_if action=reinterpret pc=0x00007f5368963ec0 method=java.util.HashMap.getNode(ILjava/lang/Object;)Ljava/util/HashMap$Node; @ 62
Event: 4.239 Thread 0x00007f537800a000 Uncommon trap: reason=unstable_if action=reinterpret pc=0x00007f5368ad55f4 method=java.util.HashMap.putVal(ILjava/lang/Object;Ljava/lang/Object;ZZ)Ljava/lang/Object; @ 94
Event: 4.239 Thread 0x00007f537800a000 Uncommon trap: reason=unstable_if action=reinterpret pc=0x00007f5368a5e94c method=java.util.HashMap.getNode(ILjava/lang/Object;)Ljava/util/HashMap$Node; @ 62

Internal exceptions (2 events):
Event: 1.295 Thread 0x00007f537800a000 Exception <a 'java/lang/NoSuchMethodError': Method sun.misc.Unsafe.defineClass(Ljava/lang/String;[BII)Ljava/lang/Class; name or signature does not match> (0x00000000d6f87cc0) thrown at [/HUDSON3/workspace/8-2-build-linux-amd64/jdk8u101/7261/hotspot/src/sh
Event: 1.295 Thread 0x00007f537800a000 Exception <a 'java/lang/NoSuchMethodError': Method sun.misc.Unsafe.prefetchRead(Ljava/lang/Object;J)V name or signature does not match> (0x00000000d6f87fa8) thrown at [/HUDSON3/workspace/8-2-build-linux-amd64/jdk8u101/7261/hotspot/src/share/vm/prims/jni.c

Events (10 events):
Event: 4.239 Thread 0x00007f537800a000 DEOPT PACKING pc=0x00007f5368ad55f4 sp=0x00007f537e749e90
Event: 4.239 Thread 0x00007f537800a000 DEOPT UNPACKING pc=0x00007f53687b8229 sp=0x00007f537e749e40 mode 2
Event: 4.239 Thread 0x00007f537800a000 Uncommon trap: trap_request=0xffffff65 fr.pc=0x00007f5368a5e94c
Event: 4.239 Thread 0x00007f537800a000 DEOPT PACKING pc=0x00007f5368a5e94c sp=0x00007f537e749d70
Event: 4.239 Thread 0x00007f537800a000 DEOPT UNPACKING pc=0x00007f53687b8229 sp=0x00007f537e749c60 mode 2
Event: 6.263 Executing VM operation: EnableBiasedLocking
Event: 6.263 Executing VM operation: EnableBiasedLocking done
Event: 6.347 loading class java/util/ArrayList$1
Event: 6.511 loading class java/util/ArrayList$1 done
Event: 6.933 Executing VM operation: ParallelGCFailedAllocation


Dynamic libraries:
00400000-00401000 r-xp 00000000 08:0a 13514073                           /usr/lib/jvm/java-8-oracle/bin/java
00600000-00601000 rw-p 00000000 08:0a 13514073                           /usr/lib/jvm/java-8-oracle/bin/java
00a0a000-00a2b000 rw-p 00000000 00:00 0                                  [heap]
84e00000-8a100000 rw-p 00000000 00:00 0 
8a100000-d6f80000 ---p 00000000 00:00 0 
d6f80000-df580000 rw-p 00000000 00:00 0 
ea280000-100000000 ---p 00000000 00:00 0 
100000000-100080000 rw-p 00000000 00:00 0 
100080000-140000000 ---p 00000000 00:00 0 
7f5328000000-7f5328021000 rw-p 00000000 00:00 0 
7f5328021000-7f532c000000 ---p 00000000 00:00 0 
7f5330000000-7f533073c000 rw-p 00000000 00:00 0 
7f533073c000-7f5334000000 ---p 00000000 00:00 0 
7f5334000000-7f5334021000 rw-p 00000000 00:00 0 
7f5334021000-7f5338000000 ---p 00000000 00:00 0 
7f5338000000-7f533982d000 rw-p 00000000 00:00 0 
7f533982d000-7f533c000000 ---p 00000000 00:00 0 
7f533c000000-7f533c021000 rw-p 00000000 00:00 0 
7f533c021000-7f5340000000 ---p 00000000 00:00 0 
7f5340000000-7f5341347000 rw-p 00000000 00:00 0 
7f5341347000-7f5344000000 ---p 00000000 00:00 0 
7f5344000000-7f5344021000 rw-p 00000000 00:00 0 
7f5344021000-7f5348000000 ---p 00000000 00:00 0 
7f5348000000-7f5348021000 rw-p 00000000 00:00 0 
7f5348021000-7f534c000000 ---p 00000000 00:00 0 
7f534c000000-7f534c021000 rw-p 00000000 00:00 0 
7f534c021000-7f5350000000 ---p 00000000 00:00 0 
7f5350000000-7f535028d000 rw-p 00000000 00:00 0 
7f535028d000-7f5354000000 ---p 00000000 00:00 0 
7f5354000000-7f5354021000 rw-p 00000000 00:00 0 
7f5354021000-7f5358000000 ---p 00000000 00:00 0 
7f5358000000-7f5358021000 rw-p 00000000 00:00 0 
7f5358021000-7f535c000000 ---p 00000000 00:00 0 
7f535c000000-7f535c021000 rw-p 00000000 00:00 0 
7f535c021000-7f5360000000 ---p 00000000 00:00 0 
7f5360cf1000-7f5360d16000 rw-p 00000000 00:00 0 
7f5360d16000-7f5360dff000 r--s 008e3000 08:0a 17440545                   /home/jagruti/workspace/SJSUMap/SJSUMap/app/build/intermediates/transforms/jarMerging/debug/jars/1/1f/combined.jar
7f5360dff000-7f5360e00000 ---p 00000000 00:00 0 
7f5360e00000-7f5360f00000 rw-p 00000000 00:00 0                          [stack:6219]
7f5360f00000-7f5360f03000 ---p 00000000 00:00 0 
7f5360f03000-7f5361001000 rw-p 00000000 00:00 0                          [stack:6218]
7f5361001000-7f5361004000 ---p 00000000 00:00 0 
7f5361004000-7f5361102000 rw-p 00000000 00:00 0                          [stack:6217]
7f5361102000-7f5361105000 ---p 00000000 00:00 0 
7f5361105000-7f5361203000 rw-p 00000000 00:00 0                          [stack:6216]
7f5361203000-7f5361206000 ---p 00000000 00:00 0 
7f5361206000-7f5361304000 rw-p 00000000 00:00 0                          [stack:6215]
7f5361304000-7f5361307000 ---p 00000000 00:00 0 
7f5361307000-7f5361405000 rw-p 00000000 00:00 0                          [stack:6214]
7f5361405000-7f5361ae7000 r--p 00000000 08:0a 13507173                   /usr/lib/locale/locale-archive
7f5361ae7000-7f5361aea000 ---p 00000000 00:00 0 
7f5361aea000-7f5361be8000 rw-p 00000000 00:00 0                          [stack:6212]
7f5361be8000-7f5361beb000 ---p 00000000 00:00 0 
7f5361beb000-7f5361ce9000 rw-p 00000000 00:00 0                          [stack:6211]
7f5361ce9000-7f5361cea000 ---p 00000000 00:00 0 
7f5361cea000-7f5362dcc000 rw-p 00000000 00:00 0                          [stack:6210]
7f5362dcc000-7f5362fa5000 r--s 03d29000 08:0a 13516298                   /usr/lib/jvm/java-8-oracle/jre/lib/rt.jar
7f5362fa5000-7f53634db000 rw-p 00000000 00:00 0 
7f53634db000-7f536381b000 ---p 00000000 00:00 0 
7f536381b000-7f5367984000 rw-p 00000000 00:00 0 
7f5367984000-7f5367985000 ---p 00000000 00:00 0 
7f5367985000-7f5367a85000 rw-p 00000000 00:00 0                          [stack:6209]
7f5367a85000-7f5367a86000 ---p 00000000 00:00 0 
7f5367a86000-7f5367b86000 rw-p 00000000 00:00 0                          [stack:6208]
7f5367b86000-7f5367b87000 ---p 00000000 00:00 0 
7f5367b87000-7f5367c87000 rw-p 00000000 00:00 0                          [stack:6207]
7f5367c87000-7f5367c88000 ---p 00000000 00:00 0 
7f5367c88000-7f5367db2000 rw-p 00000000 00:00 0                          [stack:6206]
7f5367db2000-7f5368019000 ---p 00000000 00:00 0 
7f5368019000-7f5368043000 rw-p 00000000 00:00 0 
7f5368043000-7f53682a9000 ---p 00000000 00:00 0 
7f53682a9000-7f53682ed000 rw-p 00000000 00:00 0 
7f53682ed000-7f53683f2000 ---p 00000000 00:00 0 
7f53683f2000-7f5368403000 rw-p 00000000 00:00 0 
7f5368403000-7f53687b3000 ---p 00000000 00:00 0 
7f53687b3000-7f5368b93000 rwxp 00000000 00:00 0 
7f5368b93000-7f53777b3000 ---p 00000000 00:00 0 
7f53777b3000-7f53777cd000 r-xp 00000000 08:0a 13638161                   /usr/lib/jvm/java-8-oracle/jre/lib/amd64/libzip.so
7f53777cd000-7f53779cd000 ---p 0001a000 08:0a 13638161                   /usr/lib/jvm/java-8-oracle/jre/lib/amd64/libzip.so
7f53779cd000-7f53779ce000 rw-p 0001a000 08:0a 13638161                   /usr/lib/jvm/java-8-oracle/jre/lib/amd64/libzip.so
7f53779ce000-7f53779d9000 r-xp 00000000 08:0a 11272378                   /lib/x86_64-linux-gnu/libnss_files-2.19.so
7f53779d9000-7f5377bd8000 ---p 0000b000 08:0a 11272378                   /lib/x86_64-linux-gnu/libnss_files-2.19.so
7f5377bd8000-7f5377bd9000 r--p 0000a000 08:0a 11272378                   /lib/x86_64-linux-gnu/libnss_files-2.19.so
7f5377bd9000-7f5377bda000 rw-p 0000b000 08:0a 11272378                   /lib/x86_64-linux-gnu/libnss_files-2.19.so
7f5377bda000-7f5377be5000 r-xp 00000000 08:0a 11272385                   /lib/x86_64-linux-gnu/libnss_nis-2.19.so
7f5377be5000-7f5377de4000 ---p 0000b000 08:0a 11272385                   /lib/x86_64-linux-gnu/libnss_nis-2.19.so
7f5377de4000-7f5377de5000 r--p 0000a000 08:0a 11272385                   /lib/x86_64-linux-gnu/libnss_nis-2.19.so
7f5377de5000-7f5377de6000 rw-p 0000b000 08:0a 11272385                   /lib/x86_64-linux-gnu/libnss_nis-2.19.so
7f5377de6000-7f5377dfd000 r-xp 00000000 08:0a 11272382                   /lib/x86_64-linux-gnu/libnsl-2.19.so
7f5377dfd000-7f5377ffc000 ---p 00017000 08:0a 11272382                   /lib/x86_64-linux-gnu/libnsl-2.19.so
7f5377ffc000-7f5377ffd000 r--p 00016000 08:0a 11272382                   /lib/x86_64-linux-gnu/libnsl-2.19.so
7f5377ffd000-7f5377ffe000 rw-p 00017000 08:0a 11272382                   /lib/x86_64-linux-gnu/libnsl-2.19.so
7f5377ffe000-7f5378000000 rw-p 00000000 00:00 0 
7f5378000000-7f53783a2000 rw-p 00000000 00:00 0 
7f53783a2000-7f537c000000 ---p 00000000 00:00 0 
7f537c00a000-7f537c013000 r-xp 00000000 08:0a 11272386                   /lib/x86_64-linux-gnu/libnss_compat-2.19.so
7f537c013000-7f537c212000 ---p 00009000 08:0a 11272386                   /lib/x86_64-linux-gnu/libnss_compat-2.19.so
7f537c212000-7f537c213000 r--p 00008000 08:0a 11272386                   /lib/x86_64-linux-gnu/libnss_compat-2.19.so
7f537c213000-7f537c214000 rw-p 00009000 08:0a 11272386                   /lib/x86_64-linux-gnu/libnss_compat-2.19.so
7f537c214000-7f537c23e000 r-xp 00000000 08:0a 13638120                   /usr/lib/jvm/java-8-oracle/jre/lib/amd64/libjava.so
7f537c23e000-7f537c43e000 ---p 0002a000 08:0a 13638120                   /usr/lib/jvm/java-8-oracle/jre/lib/amd64/libjava.so
7f537c43e000-7f537c440000 rw-p 0002a000 08:0a 13638120                   /usr/lib/jvm/java-8-oracle/jre/lib/amd64/libjava.so
7f537c440000-7f537c44d000 r-xp 00000000 08:0a 13638146                   /usr/lib/jvm/java-8-oracle/jre/lib/amd64/libverify.so
7f537c44d000-7f537c64d000 ---p 0000d000 08:0a 13638146                   /usr/lib/jvm/java-8-oracle/jre/lib/amd64/libverify.so
7f537c64d000-7f537c64f000 rw-p 0000d000 08:0a 13638146                   /usr/lib/jvm/java-8-oracle/jre/lib/amd64/libverify.so
7f537c64f000-7f537c656000 r-xp 00000000 08:0a 11272393                   /lib/x86_64-linux-gnu/librt-2.19.so
7f537c656000-7f537c855000 ---p 00007000 08:0a 11272393                   /lib/x86_64-linux-gnu/librt-2.19.so
7f537c855000-7f537c856000 r--p 00006000 08:0a 11272393                   /lib/x86_64-linux-gnu/librt-2.19.so
7f537c856000-7f537c857000 rw-p 00007000 08:0a 11272393                   /lib/x86_64-linux-gnu/librt-2.19.so
7f537c857000-7f537c95c000 r-xp 00000000 08:0a 11272379                   /lib/x86_64-linux-gnu/libm-2.19.so
7f537c95c000-7f537cb5b000 ---p 00105000 08:0a 11272379                   /lib/x86_64-linux-gnu/libm-2.19.so
7f537cb5b000-7f537cb5c000 r--p 00104000 08:0a 11272379                   /lib/x86_64-linux-gnu/libm-2.19.so
7f537cb5c000-7f537cb5d000 rw-p 00105000 08:0a 11272379                   /lib/x86_64-linux-gnu/libm-2.19.so
7f537cb5d000-7f537d828000 r-xp 00000000 08:0a 13642260                   /usr/lib/jvm/java-8-oracle/jre/lib/amd64/server/libjvm.so
7f537d828000-7f537da27000 ---p 00ccb000 08:0a 13642260                   /usr/lib/jvm/java-8-oracle/jre/lib/amd64/server/libjvm.so
7f537da27000-7f537db00000 rw-p 00cca000 08:0a 13642260                   /usr/lib/jvm/java-8-oracle/jre/lib/amd64/server/libjvm.so
7f537db00000-7f537db4b000 rw-p 00000000 00:00 0 
7f537db4b000-7f537dd07000 r-xp 00000000 08:0a 11272376                   /lib/x86_64-linux-gnu/libc-2.19.so
7f537dd07000-7f537df06000 ---p 001bc000 08:0a 11272376                   /lib/x86_64-linux-gnu/libc-2.19.so
7f537df06000-7f537df0a000 r--p 001bb000 08:0a 11272376                   /lib/x86_64-linux-gnu/libc-2.19.so
7f537df0a000-7f537df0c000 rw-p 001bf000 08:0a 11272376                   /lib/x86_64-linux-gnu/libc-2.19.so
7f537df0c000-7f537df11000 rw-p 00000000 00:00 0 
7f537df11000-7f537df14000 r-xp 00000000 08:0a 11272389                   /lib/x86_64-linux-gnu/libdl-2.19.so
7f537df14000-7f537e113000 ---p 00003000 08:0a 11272389                   /lib/x86_64-linux-gnu/libdl-2.19.so
7f537e113000-7f537e114000 r--p 00002000 08:0a 11272389                   /lib/x86_64-linux-gnu/libdl-2.19.so
7f537e114000-7f537e115000 rw-p 00003000 08:0a 11272389                   /lib/x86_64-linux-gnu/libdl-2.19.so
7f537e115000-7f537e12a000 r-xp 00000000 08:0a 13514760                   /usr/lib/jvm/java-8-oracle/lib/amd64/jli/libjli.so
7f537e12a000-7f537e32a000 ---p 00015000 08:0a 13514760                   /usr/lib/jvm/java-8-oracle/lib/amd64/jli/libjli.so
7f537e32a000-7f537e32b000 rw-p 00015000 08:0a 13514760                   /usr/lib/jvm/java-8-oracle/lib/amd64/jli/libjli.so
7f537e32b000-7f537e344000 r-xp 00000000 08:0a 11272392                   /lib/x86_64-linux-gnu/libpthread-2.19.so
7f537e344000-7f537e543000 ---p 00019000 08:0a 11272392                   /lib/x86_64-linux-gnu/libpthread-2.19.so
7f537e543000-7f537e544000 r--p 00018000 08:0a 11272392                   /lib/x86_64-linux-gnu/libpthread-2.19.so
7f537e544000-7f537e545000 rw-p 00019000 08:0a 11272392                   /lib/x86_64-linux-gnu/libpthread-2.19.so
7f537e545000-7f537e549000 rw-p 00000000 00:00 0 
7f537e549000-7f537e56c000 r-xp 00000000 08:0a 11272375                   /lib/x86_64-linux-gnu/ld-2.19.so
7f537e57a000-7f537e580000 r--s 0001b000 08:0a 17440550                   /home/jagruti/workspace/SJSUMap/SJSUMap/app/build/intermediates/multi-dex/debug/componentClasses.jar
7f537e580000-7f537e64b000 rw-p 00000000 00:00 0 
7f537e64b000-7f537e64e000 ---p 00000000 00:00 0 
7f537e64e000-7f537e751000 rw-p 00000000 00:00 0                          [stack:6203]
7f537e751000-7f537e75f000 r--s 000e0000 08:0a 14423934                   /home/jagruti/Android/Sdk/build-tools/24.0.2/lib/dx.jar
7f537e75f000-7f537e767000 rw-s 00000000 08:0a 6165200                    /tmp/hsperfdata_jagruti/6197
7f537e767000-7f537e768000 rw-p 00000000 00:00 0 
7f537e768000-7f537e769000 ---p 00000000 00:00 0 
7f537e769000-7f537e76b000 rw-p 00000000 00:00 0 
7f537e76b000-7f537e76c000 r--p 00022000 08:0a 11272375                   /lib/x86_64-linux-gnu/ld-2.19.so
7f537e76c000-7f537e76d000 rw-p 00023000 08:0a 11272375                   /lib/x86_64-linux-gnu/ld-2.19.so
7f537e76d000-7f537e76e000 rw-p 00000000 00:00 0 
7fff79d83000-7fff79da5000 rw-p 00000000 00:00 0                          [stack]
7fff79dfb000-7fff79dfd000 r--p 00000000 00:00 0                          [vvar]
7fff79dfd000-7fff79dff000 r-xp 00000000 00:00 0                          [vdso]
ffffffffff600000-ffffffffff601000 r-xp 00000000 00:00 0                  [vsyscall]

VM Arguments:
jvm_args: -Djava.awt.headless=true -Dfile.encoding=UTF-8 -Duser.country=US -Duser.language=en -Duser.variant 
java_command: com.android.multidex.ClassReferenceListBuilder /home/jagruti/workspace/SJSUMap/SJSUMap/app/build/intermediates/multi-dex/debug/componentClasses.jar /home/jagruti/workspace/SJSUMap/SJSUMap/app/build/intermediates/transforms/jarMerging/debug/jars/1/1f/combined.jar
java_class_path (initial): /home/jagruti/Android/Sdk/build-tools/24.0.2/lib/dx.jar
Launcher Type: SUN_STANDARD

Environment Variables:
JAVA_HOME=/usr/lib/jvm/java-8-oracle
PATH=/usr/local/heroku/bin:/usr/lib/jvm/java-8-oracle/bin:/usr/lib/jvm/java-8-oracle/lib:/home/jagruti/workspace/paul281/AutoScaling-1.0.61.6/bin:/usr/bin/:/home/jagruti/workspace/paul281/AutoScaling-1.0.61.6/credential-file-path.template:/usr/local/src/scala/scala-2.10.4/bin:/home/jagruti/.sdkman/candidates/grails/current/bin:/usr/local/sbin:/usr/local/bin:/usr/sbin:/usr/bin:/sbin:/bin:/usr/games:/usr/local/games
LD_LIBRARY_PATH=.:/usr/lib/jvm/java-8-oracle/lib:/home/jagruti/workspace/paul281/AutoScaling-1.0.61.6/lib:
SHELL=/bin/bash
DISPLAY=:0

Signal Handlers:
SIGSEGV: [libjvm.so+0xac4790], sa_mask[0]=11111111011111111101111111111110, sa_flags=SA_RESTART|SA_SIGINFO
SIGBUS: [libjvm.so+0xac4790], sa_mask[0]=11111111011111111101111111111110, sa_flags=SA_RESTART|SA_SIGINFO
SIGFPE: [libjvm.so+0x91f140], sa_mask[0]=11111111011111111101111111111110, sa_flags=SA_RESTART|SA_SIGINFO
SIGPIPE: [libjvm.so+0x91f140], sa_mask[0]=11111111011111111101111111111110, sa_flags=SA_RESTART|SA_SIGINFO
SIGXFSZ: [libjvm.so+0x91f140], sa_mask[0]=11111111011111111101111111111110, sa_flags=SA_RESTART|SA_SIGINFO
SIGILL: [libjvm.so+0x91f140], sa_mask[0]=11111111011111111101111111111110, sa_flags=SA_RESTART|SA_SIGINFO
SIGUSR1: SIG_DFL, sa_mask[0]=00000000000000000000000000000000, sa_flags=none
SIGUSR2: [libjvm.so+0x920770], sa_mask[0]=00100000000000000000000000000000, sa_flags=SA_RESTART|SA_SIGINFO
SIGHUP: [libjvm.so+0x921b70], sa_mask[0]=11111111011111111101111111111110, sa_flags=SA_RESTART|SA_SIGINFO
SIGINT: [libjvm.so+0x921b70], sa_mask[0]=11111111011111111101111111111110, sa_flags=SA_RESTART|SA_SIGINFO
SIGTERM: [libjvm.so+0x921b70], sa_mask[0]=11111111011111111101111111111110, sa_flags=SA_RESTART|SA_SIGINFO
SIGQUIT: [libjvm.so+0x921b70], sa_mask[0]=11111111011111111101111111111110, sa_flags=SA_RESTART|SA_SIGINFO


---------------  S Y S T E M  ---------------

OS:DISTRIB_ID=Ubuntu
DISTRIB_RELEASE=14.04
DISTRIB_CODENAME=trusty
DISTRIB_DESCRIPTION="Ubuntu 14.04.3 LTS"

uname:Linux 3.19.0-30-generic #34~14.04.1-Ubuntu SMP Fri Oct 2 22:09:39 UTC 2015 x86_64
libc:glibc 2.19 NPTL 2.19 
rlimit: STACK 8192k, CORE 0k, NPROC 31132, NOFILE 4096, AS infinity
load average:4.41 2.93 3.11

/proc/meminfo:
MemTotal:        8065492 kB
MemFree:          138256 kB
MemAvailable:     143764 kB
Buffers:            5192 kB
Cached:          1910012 kB
SwapCached:            0 kB
Active:          6015300 kB
Inactive:        1689136 kB
Active(anon):    5950088 kB
Inactive(anon):  1620016 kB
Active(file):      65212 kB
Inactive(file):    69120 kB
Unevictable:          48 kB
Mlocked:              48 kB
SwapTotal:             0 kB
SwapFree:              0 kB
Dirty:             54052 kB
Writeback:             0 kB
AnonPages:       5790296 kB
Mapped:           773064 kB
Shmem:           1779856 kB
Slab:              87904 kB
SReclaimable:      45616 kB
SUnreclaim:        42288 kB
KernelStack:       15504 kB
PageTables:        60880 kB
NFS_Unstable:          0 kB
Bounce:                0 kB
WritebackTmp:          0 kB
CommitLimit:     4032744 kB
Committed_AS:   14591992 kB
VmallocTotal:   34359738367 kB
VmallocUsed:      559872 kB
VmallocChunk:   34359099544 kB
HardwareCorrupted:     0 kB
AnonHugePages:   2899968 kB
CmaTotal:              0 kB
CmaFree:               0 kB
HugePages_Total:       0
HugePages_Free:        0
HugePages_Rsvd:        0
HugePages_Surp:        0
Hugepagesize:       2048 kB
DirectMap4k:      142080 kB
DirectMap2M:     7088128 kB
DirectMap1G:     2097152 kB


CPU:total 4 (2 cores per cpu, 2 threads per core) family 6 model 69 stepping 1, cmov, cx8, fxsr, mmx, sse, sse2, sse3, ssse3, sse4.1, sse4.2, popcnt, avx, avx2, aes, clmul, erms, lzcnt, ht, tsc, tscinvbit, bmi1, bmi2

/proc/cpuinfo:
processor	: 0
vendor_id	: GenuineIntel
cpu family	: 6
model		: 69
model name	: Intel(R) Core(TM) i7-4510U CPU @ 2.00GHz
stepping	: 1
microcode	: 0x1c
cpu MHz		: 2314.203
cache size	: 4096 KB
physical id	: 0
siblings	: 4
core id		: 0
cpu cores	: 2
apicid		: 0
initial apicid	: 0
fpu		: yes
fpu_exception	: yes
cpuid level	: 13
wp		: yes
flags		: fpu vme de pse tsc msr pae mce cx8 apic sep mtrr pge mca cmov pat pse36 clflush dts acpi mmx fxsr sse sse2 ss ht tm pbe syscall nx pdpe1gb rdtscp lm constant_tsc arch_perfmon pebs bts rep_good nopl xtopology nonstop_tsc aperfmperf eagerfpu pni pclmulqdq dtes64 monitor ds_cpl vmx est tm2 ssse3 fma cx16 xtpr pdcm pcid sse4_1 sse4_2 movbe popcnt tsc_deadline_timer aes xsave avx f16c rdrand lahf_lm abm ida arat epb pln pts dtherm tpr_shadow vnmi flexpriority ept vpid fsgsbase tsc_adjust bmi1 avx2 smep bmi2 erms invpcid xsaveopt
bugs		:
bogomips	: 5188.29
clflush size	: 64
cache_alignment	: 64
address sizes	: 39 bits physical, 48 bits virtual
power management:

processor	: 1
vendor_id	: GenuineIntel
cpu family	: 6
model		: 69
model name	: Intel(R) Core(TM) i7-4510U CPU @ 2.00GHz
stepping	: 1
microcode	: 0x1c
cpu MHz		: 2033.789
cache size	: 4096 KB
physical id	: 0
siblings	: 4
core id		: 0
cpu cores	: 2
apicid		: 1
initial apicid	: 1
fpu		: yes
fpu_exception	: yes
cpuid level	: 13
wp		: yes
flags		: fpu vme de pse tsc msr pae mce cx8 apic sep mtrr pge mca cmov pat pse36 clflush dts acpi mmx fxsr sse sse2 ss ht tm pbe syscall nx pdpe1gb rdtscp lm constant_tsc arch_perfmon pebs bts rep_good nopl xtopology nonstop_tsc aperfmperf eagerfpu pni pclmulqdq dtes64 monitor ds_cpl vmx est tm2 ssse3 fma cx16 xtpr pdcm pcid sse4_1 sse4_2 movbe popcnt tsc_deadline_timer aes xsave avx f16c rdrand lahf_lm abm ida arat epb pln pts dtherm tpr_shadow vnmi flexpriority ept vpid fsgsbase tsc_adjust bmi1 avx2 smep bmi2 erms invpcid xsaveopt
bugs		:
bogomips	: 5188.29
clflush size	: 64
cache_alignment	: 64
address sizes	: 39 bits physical, 48 bits virtual
power management:

processor	: 2
vendor_id	: GenuineIntel
cpu family	: 6
model		: 69
model name	: Intel(R) Core(TM) i7-4510U CPU @ 2.00GHz
stepping	: 1
microcode	: 0x1c
cpu MHz		: 1987.578
cache size	: 4096 KB
physical id	: 0
siblings	: 4
core id		: 1
cpu cores	: 2
apicid		: 2
initial apicid	: 2
fpu		: yes
fpu_exception	: yes
cpuid level	: 13
wp		: yes
flags		: fpu vme de pse tsc msr pae mce cx8 apic sep mtrr pge mca cmov pat pse36 clflush dts acpi mmx fxsr sse sse2 ss ht tm pbe syscall nx pdpe1gb rdtscp lm constant_tsc arch_perfmon pebs bts rep_good nopl xtopology nonstop_tsc aperfmperf eagerfpu pni pclmulqdq dtes64 monitor ds_cpl vmx est tm2 ssse3 fma cx16 xtpr pdcm pcid sse4_1 sse4_2 movbe popcnt tsc_deadline_timer aes xsave avx f16c rdrand lahf_lm abm ida arat epb pln pts dtherm tpr_shadow vnmi flexpriority ept vpid fsgsbase tsc_adjust bmi1 avx2 smep bmi2 erms invpcid xsaveopt
bugs		:
bogomips	: 5188.29
clflush size	: 64
cache_alignment	: 64
address sizes	: 39 bits physical, 48 bits virtual
power management:

processor	: 3
vendor_id	: GenuineIntel
cpu family	: 6
model		: 69
model name	: Intel(R) Core(TM) i7-4510U CPU @ 2.00GHz
stepping	: 1
microcode	: 0x1c
cpu MHz		: 1977.015
cache size	: 4096 KB
physical id	: 0
siblings	: 4
core id		: 1
cpu cores	: 2
apicid		: 3
initial apicid	: 3
fpu		: yes
fpu_exception	: yes
cpuid level	: 13
wp		: yes
flags		: fpu vme de pse tsc msr pae mce cx8 apic sep mtrr pge mca cmov pat pse36 clflush dts acpi mmx fxsr sse sse2 ss ht tm pbe syscall nx pdpe1gb rdtscp lm constant_tsc arch_perfmon pebs bts rep_good nopl xtopology nonstop_tsc aperfmperf eagerfpu pni pclmulqdq dtes64 monitor ds_cpl vmx est tm2 ssse3 fma cx16 xtpr pdcm pcid sse4_1 sse4_2 movbe popcnt tsc_deadline_timer aes xsave avx f16c rdrand lahf_lm abm ida arat epb pln pts dtherm tpr_shadow vnmi flexpriority ept vpid fsgsbase tsc_adjust bmi1 avx2 smep bmi2 erms invpcid xsaveopt
bugs		:
bogomips	: 5188.29
clflush size	: 64
cache_alignment	: 64
address sizes	: 39 bits physical, 48 bits virtual
power management:



Memory: 4k page, physical 8065492k(138256k free), swap 0k(0k free)

vm_info: Java HotSpot(TM) 64-Bit Server VM (25.101-b13) for linux-amd64 JRE (1.8.0_101-b13), built on Jun 22 2016 02:59:44 by "java_re" with gcc 4.3.0 20080428 (Red Hat 4.3.0-8)

time: Thu Oct 27 13:05:25 2016
elapsed time: 17 seconds (0d 0h 0m 17s)

